ERROR - 2024-09-07 11:55:56 --> Unknown column 'activity' in 'field list'
ERROR - 2024-09-07 11:56:09 --> Unknown column 'activity' in 'field list'
ERROR - 2024-09-07 11:56:09 --> Unknown column 'activity' in 'field list'
ERROR - 2024-09-07 11:56:10 --> Unknown column 'activity' in 'field list'
ERROR - 2024-09-07 11:56:10 --> Unknown column 'activity' in 'field list'
ERROR - 2024-09-07 11:56:28 --> Unknown column 'activity' in 'field list'
ERROR - 2024-09-07 11:56:28 --> Unknown column 'activity' in 'field list'
ERROR - 2024-09-07 11:58:49 --> Unknown column 'activity' in 'field list'
ERROR - 2024-09-07 11:59:22 --> Unknown column 'activity' in 'field list'
CRITICAL - 2024-09-07 13:07:07 --> Too few arguments to function App\Controllers\Home::hapus_log(), 0 passed in G:\My Drive\projekbaru\system\CodeIgniter.php on line 928 and exactly 1 expected
#0 G:\My Drive\projekbaru\system\CodeIgniter.php(928): App\Controllers\Home->hapus_log()
#1 G:\My Drive\projekbaru\system\CodeIgniter.php(436): CodeIgniter\CodeIgniter->runController(Object(App\Controllers\Home))
#2 G:\My Drive\projekbaru\system\CodeIgniter.php(336): CodeIgniter\CodeIgniter->handleRequest(NULL, Object(Config\Cache), false)
#3 G:\My Drive\projekbaru\public\index.php(37): CodeIgniter\CodeIgniter->run()
#4 G:\My Drive\projekbaru\system\Commands\Server\rewrite.php(45): require_once('G:\\My Drive\\pro...')
#5 {main}
CRITICAL - 2024-09-07 13:08:04 --> Too few arguments to function App\Controllers\Home::hapus_log(), 0 passed in G:\My Drive\projekbaru\system\CodeIgniter.php on line 928 and exactly 1 expected
#0 G:\My Drive\projekbaru\system\CodeIgniter.php(928): App\Controllers\Home->hapus_log()
#1 G:\My Drive\projekbaru\system\CodeIgniter.php(436): CodeIgniter\CodeIgniter->runController(Object(App\Controllers\Home))
#2 G:\My Drive\projekbaru\system\CodeIgniter.php(336): CodeIgniter\CodeIgniter->handleRequest(NULL, Object(Config\Cache), false)
#3 G:\My Drive\projekbaru\public\index.php(37): CodeIgniter\CodeIgniter->run()
#4 G:\My Drive\projekbaru\system\Commands\Server\rewrite.php(45): require_once('G:\\My Drive\\pro...')
#5 {main}
ERROR - 2024-09-07 13:31:56 --> Unknown column 'updated_by' in 'field list'
ERROR - 2024-09-07 13:31:56 --> Unknown column 'updated_by' in 'field list'
ERROR - 2024-09-07 13:36:18 --> Unknown column 'update_by' in 'field list'
ERROR - 2024-09-07 13:37:13 --> Unknown column 'updated_by' in 'field list'
ERROR - 2024-09-07 13:38:13 --> Unknown column 'updated_by' in 'field list'
CRITICAL - 2024-09-07 13:40:43 --> Call to undefined method stdClass::getRow()
#0 G:\My Drive\projekbaru\system\CodeIgniter.php(928): App\Controllers\Home->aksi_e_kelas()
#1 G:\My Drive\projekbaru\system\CodeIgniter.php(436): CodeIgniter\CodeIgniter->runController(Object(App\Controllers\Home))
#2 G:\My Drive\projekbaru\system\CodeIgniter.php(336): CodeIgniter\CodeIgniter->handleRequest(NULL, Object(Config\Cache), false)
#3 G:\My Drive\projekbaru\public\index.php(37): CodeIgniter\CodeIgniter->run()
#4 G:\My Drive\projekbaru\system\Commands\Server\rewrite.php(45): require_once('G:\\My Drive\\pro...')
#5 {main}
ERROR - 2024-09-07 13:40:58 --> Unknown column 'updated_by' in 'field list'
ERROR - 2024-09-07 13:41:17 --> Unknown column 'updated_by' in 'field list'
ERROR - 2024-09-07 13:44:12 --> Unknown column 'updated_by' in 'field list'
ERROR - 2024-09-07 13:44:34 --> Unknown column 'updated_by' in 'field list'
CRITICAL - 2024-09-07 13:49:57 --> Call to undefined method stdClass::getRow()
#0 G:\My Drive\projekbaru\system\CodeIgniter.php(928): App\Controllers\Home->aksi_e_kelas()
#1 G:\My Drive\projekbaru\system\CodeIgniter.php(436): CodeIgniter\CodeIgniter->runController(Object(App\Controllers\Home))
#2 G:\My Drive\projekbaru\system\CodeIgniter.php(336): CodeIgniter\CodeIgniter->handleRequest(NULL, Object(Config\Cache), false)
#3 G:\My Drive\projekbaru\public\index.php(37): CodeIgniter\CodeIgniter->run()
#4 G:\My Drive\projekbaru\system\Commands\Server\rewrite.php(45): require_once('G:\\My Drive\\pro...')
#5 {main}
ERROR - 2024-09-07 14:56:15 --> Table 'projekbaru.pemesanan' doesn't exist
CRITICAL - 2024-09-07 14:56:15 --> Call to a member function getResult() on bool
#0 G:\My Drive\projekbaru\app\Controllers\Home.php(751): App\Models\M_projek->join('pemesanan', 'user', 'pemesanan.id_us...')
#1 G:\My Drive\projekbaru\system\CodeIgniter.php(928): App\Controllers\Home->laporan()
#2 G:\My Drive\projekbaru\system\CodeIgniter.php(436): CodeIgniter\CodeIgniter->runController(Object(App\Controllers\Home))
#3 G:\My Drive\projekbaru\system\CodeIgniter.php(336): CodeIgniter\CodeIgniter->handleRequest(NULL, Object(Config\Cache), false)
#4 G:\My Drive\projekbaru\public\index.php(37): CodeIgniter\CodeIgniter->run()
#5 G:\My Drive\projekbaru\system\Commands\Server\rewrite.php(45): require_once('G:\\My Drive\\pro...')
#6 {main}
CRITICAL - 2024-09-07 14:56:36 --> Invalid file: laporan.php
#0 G:\My Drive\projekbaru\system\View\View.php(213): CodeIgniter\Exceptions\FrameworkException::forInvalidFile('laporan.php')
#1 G:\My Drive\projekbaru\system\Common.php(1271): CodeIgniter\View\View->render('laporan', Array, true)
#2 G:\My Drive\projekbaru\app\Controllers\Home.php(755): view('laporan', Array)
#3 G:\My Drive\projekbaru\system\CodeIgniter.php(928): App\Controllers\Home->laporan()
#4 G:\My Drive\projekbaru\system\CodeIgniter.php(436): CodeIgniter\CodeIgniter->runController(Object(App\Controllers\Home))
#5 G:\My Drive\projekbaru\system\CodeIgniter.php(336): CodeIgniter\CodeIgniter->handleRequest(NULL, Object(Config\Cache), false)
#6 G:\My Drive\projekbaru\public\index.php(37): CodeIgniter\CodeIgniter->run()
#7 G:\My Drive\projekbaru\system\Commands\Server\rewrite.php(45): require_once('G:\\My Drive\\pro...')
#8 {main}
ERROR - 2024-09-07 14:57:15 --> Table 'projekbaru.permissions' doesn't exist
CRITICAL - 2024-09-07 14:57:15 --> Call to a member function getRow() on bool
#0 G:\My Drive\projekbaru\app\Controllers\Home.php(766): has_permission('laporan')
#1 G:\My Drive\projekbaru\system\CodeIgniter.php(928): App\Controllers\Home->aksi_laporan_pdf()
#2 G:\My Drive\projekbaru\system\CodeIgniter.php(436): CodeIgniter\CodeIgniter->runController(Object(App\Controllers\Home))
#3 G:\My Drive\projekbaru\system\CodeIgniter.php(336): CodeIgniter\CodeIgniter->handleRequest(NULL, Object(Config\Cache), false)
#4 G:\My Drive\projekbaru\public\index.php(37): CodeIgniter\CodeIgniter->run()
#5 G:\My Drive\projekbaru\system\Commands\Server\rewrite.php(45): require_once('G:\\My Drive\\pro...')
#6 {main}
CRITICAL - 2024-09-07 14:57:25 --> syntax error, unexpected 'else' (T_ELSE), expecting function (T_FUNCTION) or const (T_CONST)
#0 G:\My Drive\projekbaru\system\Router\Router.php(169): CodeIgniter\Router\Router->autoRoute('home/js/hoverab...')
#1 G:\My Drive\projekbaru\system\CodeIgniter.php(809): CodeIgniter\Router\Router->handle('home/js/hoverab...')
#2 G:\My Drive\projekbaru\system\CodeIgniter.php(389): CodeIgniter\CodeIgniter->tryToRouteIt(Object(CodeIgniter\Router\RouteCollection))
#3 G:\My Drive\projekbaru\system\CodeIgniter.php(336): CodeIgniter\CodeIgniter->handleRequest(NULL, Object(Config\Cache), false)
#4 G:\My Drive\projekbaru\public\index.php(37): CodeIgniter\CodeIgniter->run()
#5 G:\My Drive\projekbaru\system\Commands\Server\rewrite.php(45): require_once('G:\\My Drive\\pro...')
#6 {main}
CRITICAL - 2024-09-07 14:57:26 --> syntax error, unexpected 'else' (T_ELSE), expecting function (T_FUNCTION) or const (T_CONST)
#0 G:\My Drive\projekbaru\system\Router\Router.php(169): CodeIgniter\Router\Router->autoRoute('home/js/templat...')
#1 G:\My Drive\projekbaru\system\CodeIgniter.php(809): CodeIgniter\Router\Router->handle('home/js/templat...')
#2 G:\My Drive\projekbaru\system\CodeIgniter.php(389): CodeIgniter\CodeIgniter->tryToRouteIt(Object(CodeIgniter\Router\RouteCollection))
#3 G:\My Drive\projekbaru\system\CodeIgniter.php(336): CodeIgniter\CodeIgniter->handleRequest(NULL, Object(Config\Cache), false)
#4 G:\My Drive\projekbaru\public\index.php(37): CodeIgniter\CodeIgniter->run()
#5 G:\My Drive\projekbaru\system\Commands\Server\rewrite.php(45): require_once('G:\\My Drive\\pro...')
#6 {main}
CRITICAL - 2024-09-07 14:57:26 --> syntax error, unexpected 'else' (T_ELSE), expecting function (T_FUNCTION) or const (T_CONST)
#0 G:\My Drive\projekbaru\system\Router\Router.php(169): CodeIgniter\Router\Router->autoRoute('home/js/setting...')
#1 G:\My Drive\projekbaru\system\CodeIgniter.php(809): CodeIgniter\Router\Router->handle('home/js/setting...')
#2 G:\My Drive\projekbaru\system\CodeIgniter.php(389): CodeIgniter\CodeIgniter->tryToRouteIt(Object(CodeIgniter\Router\RouteCollection))
#3 G:\My Drive\projekbaru\system\CodeIgniter.php(336): CodeIgniter\CodeIgniter->handleRequest(NULL, Object(Config\Cache), false)
#4 G:\My Drive\projekbaru\public\index.php(37): CodeIgniter\CodeIgniter->run()
#5 G:\My Drive\projekbaru\system\Commands\Server\rewrite.php(45): require_once('G:\\My Drive\\pro...')
#6 {main}
CRITICAL - 2024-09-07 14:57:27 --> syntax error, unexpected 'else' (T_ELSE), expecting function (T_FUNCTION) or const (T_CONST)
#0 G:\My Drive\projekbaru\system\Router\Router.php(169): CodeIgniter\Router\Router->autoRoute('home/js/todolis...')
#1 G:\My Drive\projekbaru\system\CodeIgniter.php(809): CodeIgniter\Router\Router->handle('home/js/todolis...')
#2 G:\My Drive\projekbaru\system\CodeIgniter.php(389): CodeIgniter\CodeIgniter->tryToRouteIt(Object(CodeIgniter\Router\RouteCollection))
#3 G:\My Drive\projekbaru\system\CodeIgniter.php(336): CodeIgniter\CodeIgniter->handleRequest(NULL, Object(Config\Cache), false)
#4 G:\My Drive\projekbaru\public\index.php(37): CodeIgniter\CodeIgniter->run()
#5 G:\My Drive\projekbaru\system\Commands\Server\rewrite.php(45): require_once('G:\\My Drive\\pro...')
#6 {main}
CRITICAL - 2024-09-07 14:57:27 --> syntax error, unexpected 'else' (T_ELSE), expecting function (T_FUNCTION) or const (T_CONST)
#0 G:\My Drive\projekbaru\system\Router\Router.php(169): CodeIgniter\Router\Router->autoRoute('home/js/dashboa...')
#1 G:\My Drive\projekbaru\system\CodeIgniter.php(809): CodeIgniter\Router\Router->handle('home/js/dashboa...')
#2 G:\My Drive\projekbaru\system\CodeIgniter.php(389): CodeIgniter\CodeIgniter->tryToRouteIt(Object(CodeIgniter\Router\RouteCollection))
#3 G:\My Drive\projekbaru\system\CodeIgniter.php(336): CodeIgniter\CodeIgniter->handleRequest(NULL, Object(Config\Cache), false)
#4 G:\My Drive\projekbaru\public\index.php(37): CodeIgniter\CodeIgniter->run()
#5 G:\My Drive\projekbaru\system\Commands\Server\rewrite.php(45): require_once('G:\\My Drive\\pro...')
#6 {main}
CRITICAL - 2024-09-07 14:57:28 --> syntax error, unexpected 'else' (T_ELSE), expecting function (T_FUNCTION) or const (T_CONST)
#0 G:\My Drive\projekbaru\system\Router\Router.php(169): CodeIgniter\Router\Router->autoRoute('home/js/Chart.r...')
#1 G:\My Drive\projekbaru\system\CodeIgniter.php(809): CodeIgniter\Router\Router->handle('home/js/Chart.r...')
#2 G:\My Drive\projekbaru\system\CodeIgniter.php(389): CodeIgniter\CodeIgniter->tryToRouteIt(Object(CodeIgniter\Router\RouteCollection))
#3 G:\My Drive\projekbaru\system\CodeIgniter.php(336): CodeIgniter\CodeIgniter->handleRequest(NULL, Object(Config\Cache), false)
#4 G:\My Drive\projekbaru\public\index.php(37): CodeIgniter\CodeIgniter->run()
#5 G:\My Drive\projekbaru\system\Commands\Server\rewrite.php(45): require_once('G:\\My Drive\\pro...')
#6 {main}
ERROR - 2024-09-07 14:57:34 --> Table 'projekbaru.transaksi' doesn't exist
CRITICAL - 2024-09-07 14:57:34 --> Call to a member function getResult() on bool
#0 G:\My Drive\projekbaru\app\Controllers\Home.php(769): App\Models\M_projek->caritransaksi('', '')
#1 G:\My Drive\projekbaru\system\CodeIgniter.php(928): App\Controllers\Home->aksi_laporan_pdf()
#2 G:\My Drive\projekbaru\system\CodeIgniter.php(436): CodeIgniter\CodeIgniter->runController(Object(App\Controllers\Home))
#3 G:\My Drive\projekbaru\system\CodeIgniter.php(336): CodeIgniter\CodeIgniter->handleRequest(NULL, Object(Config\Cache), false)
#4 G:\My Drive\projekbaru\public\index.php(37): CodeIgniter\CodeIgniter->run()
#5 G:\My Drive\projekbaru\system\Commands\Server\rewrite.php(45): require_once('G:\\My Drive\\pro...')
#6 {main}
ERROR - 2024-09-07 17:25:59 --> Table 'projekbaru.transaksi' doesn't exist
CRITICAL - 2024-09-07 17:25:59 --> Call to a member function getResult() on bool
#0 G:\My Drive\projekbaru\app\Controllers\Home.php(831): App\Models\M_projek->caritransaksi('', '')
#1 G:\My Drive\projekbaru\system\CodeIgniter.php(928): App\Controllers\Home->aksi_laporan_pdf()
#2 G:\My Drive\projekbaru\system\CodeIgniter.php(436): CodeIgniter\CodeIgniter->runController(Object(App\Controllers\Home))
#3 G:\My Drive\projekbaru\system\CodeIgniter.php(336): CodeIgniter\CodeIgniter->handleRequest(NULL, Object(Config\Cache), false)
#4 G:\My Drive\projekbaru\public\index.php(37): CodeIgniter\CodeIgniter->run()
#5 G:\My Drive\projekbaru\system\Commands\Server\rewrite.php(45): require_once('G:\\My Drive\\pro...')
#6 {main}
CRITICAL - 2024-09-07 17:26:46 --> Invalid file: print.php
#0 G:\My Drive\projekbaru\system\View\View.php(213): CodeIgniter\Exceptions\FrameworkException::forInvalidFile('print.php')
#1 G:\My Drive\projekbaru\system\Common.php(1271): CodeIgniter\View\View->render('print', Array, true)
#2 G:\My Drive\projekbaru\app\Controllers\Home.php(873): view('print', Array)
#3 G:\My Drive\projekbaru\system\CodeIgniter.php(928): App\Controllers\Home->aksi_laporan_pdf()
#4 G:\My Drive\projekbaru\system\CodeIgniter.php(436): CodeIgniter\CodeIgniter->runController(Object(App\Controllers\Home))
#5 G:\My Drive\projekbaru\system\CodeIgniter.php(336): CodeIgniter\CodeIgniter->handleRequest(NULL, Object(Config\Cache), false)
#6 G:\My Drive\projekbaru\public\index.php(37): CodeIgniter\CodeIgniter->run()
#7 G:\My Drive\projekbaru\system\Commands\Server\rewrite.php(45): require_once('G:\\My Drive\\pro...')
#8 {main}
CRITICAL - 2024-09-07 17:27:14 --> Invalid file: print.php
#0 G:\My Drive\projekbaru\system\View\View.php(213): CodeIgniter\Exceptions\FrameworkException::forInvalidFile('print.php')
#1 G:\My Drive\projekbaru\system\Common.php(1271): CodeIgniter\View\View->render('print', Array, true)
#2 G:\My Drive\projekbaru\app\Controllers\Home.php(873): view('print', Array)
#3 G:\My Drive\projekbaru\system\CodeIgniter.php(928): App\Controllers\Home->aksi_laporan_pdf()
#4 G:\My Drive\projekbaru\system\CodeIgniter.php(436): CodeIgniter\CodeIgniter->runController(Object(App\Controllers\Home))
#5 G:\My Drive\projekbaru\system\CodeIgniter.php(336): CodeIgniter\CodeIgniter->handleRequest(NULL, Object(Config\Cache), false)
#6 G:\My Drive\projekbaru\public\index.php(37): CodeIgniter\CodeIgniter->run()
#7 G:\My Drive\projekbaru\system\Commands\Server\rewrite.php(45): require_once('G:\\My Drive\\pro...')
#8 {main}
CRITICAL - 2024-09-07 17:27:19 --> Invalid file: laporan_kelas.php
#0 G:\My Drive\projekbaru\system\View\View.php(213): CodeIgniter\Exceptions\FrameworkException::forInvalidFile('laporan_kelas.p...')
#1 G:\My Drive\projekbaru\system\Common.php(1271): CodeIgniter\View\View->render('laporan_kelas', Array, true)
#2 G:\My Drive\projekbaru\app\Controllers\Home.php(817): view('laporan_kelas', Array)
#3 G:\My Drive\projekbaru\system\CodeIgniter.php(928): App\Controllers\Home->laporan()
#4 G:\My Drive\projekbaru\system\CodeIgniter.php(436): CodeIgniter\CodeIgniter->runController(Object(App\Controllers\Home))
#5 G:\My Drive\projekbaru\system\CodeIgniter.php(336): CodeIgniter\CodeIgniter->handleRequest(NULL, Object(Config\Cache), false)
#6 G:\My Drive\projekbaru\public\index.php(37): CodeIgniter\CodeIgniter->run()
#7 G:\My Drive\projekbaru\system\Commands\Server\rewrite.php(45): require_once('G:\\My Drive\\pro...')
#8 {main}
CRITICAL - 2024-09-07 17:27:55 --> Invalid file: print.php
#0 G:\My Drive\projekbaru\system\View\View.php(213): CodeIgniter\Exceptions\FrameworkException::forInvalidFile('print.php')
#1 G:\My Drive\projekbaru\system\Common.php(1271): CodeIgniter\View\View->render('print', Array, true)
#2 G:\My Drive\projekbaru\app\Controllers\Home.php(873): view('print', Array)
#3 G:\My Drive\projekbaru\system\CodeIgniter.php(928): App\Controllers\Home->aksi_laporan_pdf()
#4 G:\My Drive\projekbaru\system\CodeIgniter.php(436): CodeIgniter\CodeIgniter->runController(Object(App\Controllers\Home))
#5 G:\My Drive\projekbaru\system\CodeIgniter.php(336): CodeIgniter\CodeIgniter->handleRequest(NULL, Object(Config\Cache), false)
#6 G:\My Drive\projekbaru\public\index.php(37): CodeIgniter\CodeIgniter->run()
#7 G:\My Drive\projekbaru\system\Commands\Server\rewrite.php(45): require_once('G:\\My Drive\\pro...')
#8 {main}
CRITICAL - 2024-09-07 18:49:29 --> Invalid argument supplied for foreach()
#0 G:\My Drive\projekbaru\app\Controllers\Home.php(932): CodeIgniter\Debug\Exceptions->errorHandler(2, 'Invalid argumen...', 'G:\\My Drive\\pro...', 932, Array)
#1 G:\My Drive\projekbaru\system\CodeIgniter.php(928): App\Controllers\Home->aksi_laporan_excel()
#2 G:\My Drive\projekbaru\system\CodeIgniter.php(436): CodeIgniter\CodeIgniter->runController(Object(App\Controllers\Home))
#3 G:\My Drive\projekbaru\system\CodeIgniter.php(336): CodeIgniter\CodeIgniter->handleRequest(NULL, Object(Config\Cache), false)
#4 G:\My Drive\projekbaru\public\index.php(37): CodeIgniter\CodeIgniter->run()
#5 G:\My Drive\projekbaru\system\Commands\Server\rewrite.php(45): require_once('G:\\My Drive\\pro...')
#6 {main}
ERROR - 2024-09-07 18:52:00 --> Table 'projekbaru.permissions' doesn't exist
CRITICAL - 2024-09-07 18:52:00 --> Call to a member function getRow() on bool
#0 G:\My Drive\projekbaru\app\Controllers\Home.php(979): has_permission('laporan')
#1 G:\My Drive\projekbaru\system\CodeIgniter.php(928): App\Controllers\Home->windows_print()
#2 G:\My Drive\projekbaru\system\CodeIgniter.php(436): CodeIgniter\CodeIgniter->runController(Object(App\Controllers\Home))
#3 G:\My Drive\projekbaru\system\CodeIgniter.php(336): CodeIgniter\CodeIgniter->handleRequest(NULL, Object(Config\Cache), false)
#4 G:\My Drive\projekbaru\public\index.php(37): CodeIgniter\CodeIgniter->run()
#5 G:\My Drive\projekbaru\system\Commands\Server\rewrite.php(45): require_once('G:\\My Drive\\pro...')
#6 {main}
CRITICAL - 2024-09-07 18:52:28 --> Call to undefined function App\Controllers\has_permission()
#0 G:\My Drive\projekbaru\system\CodeIgniter.php(928): App\Controllers\Home->windows_print()
#1 G:\My Drive\projekbaru\system\CodeIgniter.php(436): CodeIgniter\CodeIgniter->runController(Object(App\Controllers\Home))
#2 G:\My Drive\projekbaru\system\CodeIgniter.php(336): CodeIgniter\CodeIgniter->handleRequest(NULL, Object(Config\Cache), false)
#3 G:\My Drive\projekbaru\public\index.php(37): CodeIgniter\CodeIgniter->run()
#4 G:\My Drive\projekbaru\system\Commands\Server\rewrite.php(45): require_once('G:\\My Drive\\pro...')
#5 {main}
CRITICAL - 2024-09-07 20:36:45 --> syntax error, unexpected end of file, expecting elseif (T_ELSEIF) or else (T_ELSE) or endif (T_ENDIF)
#0 G:\My Drive\projekbaru\system\View\View.php(232): CodeIgniter\View\View->CodeIgniter\View\{closure}()
#1 G:\My Drive\projekbaru\system\Common.php(1271): CodeIgniter\View\View->render('menu', Array, true)
#2 G:\My Drive\projekbaru\app\Controllers\Home.php(36): view('menu')
#3 G:\My Drive\projekbaru\system\CodeIgniter.php(928): App\Controllers\Home->dashboard()
#4 G:\My Drive\projekbaru\system\CodeIgniter.php(436): CodeIgniter\CodeIgniter->runController(Object(App\Controllers\Home))
#5 G:\My Drive\projekbaru\system\CodeIgniter.php(336): CodeIgniter\CodeIgniter->handleRequest(NULL, Object(Config\Cache), false)
#6 G:\My Drive\projekbaru\public\index.php(37): CodeIgniter\CodeIgniter->run()
#7 G:\My Drive\projekbaru\system\Commands\Server\rewrite.php(45): require_once('G:\\My Drive\\pro...')
#8 {main}
CRITICAL - 2024-09-07 20:38:32 --> syntax error, unexpected end of file, expecting elseif (T_ELSEIF) or else (T_ELSE) or endif (T_ENDIF)
#0 G:\My Drive\projekbaru\system\View\View.php(232): CodeIgniter\View\View->CodeIgniter\View\{closure}()
#1 G:\My Drive\projekbaru\system\Common.php(1271): CodeIgniter\View\View->render('menu', Array, true)
#2 G:\My Drive\projekbaru\app\Controllers\Home.php(36): view('menu')
#3 G:\My Drive\projekbaru\system\CodeIgniter.php(928): App\Controllers\Home->dashboard()
#4 G:\My Drive\projekbaru\system\CodeIgniter.php(436): CodeIgniter\CodeIgniter->runController(Object(App\Controllers\Home))
#5 G:\My Drive\projekbaru\system\CodeIgniter.php(336): CodeIgniter\CodeIgniter->handleRequest(NULL, Object(Config\Cache), false)
#6 G:\My Drive\projekbaru\public\index.php(37): CodeIgniter\CodeIgniter->run()
#7 G:\My Drive\projekbaru\system\Commands\Server\rewrite.php(45): require_once('G:\\My Drive\\pro...')
#8 {main}
CRITICAL - 2024-09-07 20:53:07 --> Class 'App\Models\UserActivityModel' not found
#0 G:\My Drive\projekbaru\system\CodeIgniter.php(900): App\Controllers\Home->__construct()
#1 G:\My Drive\projekbaru\system\CodeIgniter.php(426): CodeIgniter\CodeIgniter->createController()
#2 G:\My Drive\projekbaru\system\CodeIgniter.php(336): CodeIgniter\CodeIgniter->handleRequest(NULL, Object(Config\Cache), false)
#3 G:\My Drive\projekbaru\public\index.php(37): CodeIgniter\CodeIgniter->run()
#4 G:\My Drive\projekbaru\system\Commands\Server\rewrite.php(45): require_once('G:\\My Drive\\pro...')
#5 {main}
CRITICAL - 2024-09-07 20:53:08 --> Class 'App\Models\UserActivityModel' not found
#0 G:\My Drive\projekbaru\system\CodeIgniter.php(900): App\Controllers\Home->__construct()
#1 G:\My Drive\projekbaru\system\CodeIgniter.php(426): CodeIgniter\CodeIgniter->createController()
#2 G:\My Drive\projekbaru\system\CodeIgniter.php(336): CodeIgniter\CodeIgniter->handleRequest(NULL, Object(Config\Cache), false)
#3 G:\My Drive\projekbaru\public\index.php(37): CodeIgniter\CodeIgniter->run()
#4 G:\My Drive\projekbaru\system\Commands\Server\rewrite.php(45): require_once('G:\\My Drive\\pro...')
#5 {main}
ERROR - 2024-09-07 21:15:41 --> Table 'projekbaru.permissions' doesn't exist
CRITICAL - 2024-09-07 21:15:41 --> Call to a member function getRow() on bool
#0 G:\My Drive\projekbaru\app\Controllers\Home.php(1028): has_permission('level')
#1 G:\My Drive\projekbaru\system\CodeIgniter.php(928): App\Controllers\Home->hak_akses('admin')
#2 G:\My Drive\projekbaru\system\CodeIgniter.php(436): CodeIgniter\CodeIgniter->runController(Object(App\Controllers\Home))
#3 G:\My Drive\projekbaru\system\CodeIgniter.php(336): CodeIgniter\CodeIgniter->handleRequest(NULL, Object(Config\Cache), false)
#4 G:\My Drive\projekbaru\public\index.php(37): CodeIgniter\CodeIgniter->run()
#5 G:\My Drive\projekbaru\system\Commands\Server\rewrite.php(45): require_once('G:\\My Drive\\pro...')
#6 {main}
ERROR - 2024-09-07 21:19:29 --> Unknown column 'level' in 'where clause'
CRITICAL - 2024-09-07 21:19:29 --> Call to a member function getRow() on bool
#0 G:\My Drive\projekbaru\app\Controllers\Home.php(1028): has_permission('level')
#1 G:\My Drive\projekbaru\system\CodeIgniter.php(928): App\Controllers\Home->hak_akses('admin')
#2 G:\My Drive\projekbaru\system\CodeIgniter.php(436): CodeIgniter\CodeIgniter->runController(Object(App\Controllers\Home))
#3 G:\My Drive\projekbaru\system\CodeIgniter.php(336): CodeIgniter\CodeIgniter->handleRequest(NULL, Object(Config\Cache), false)
#4 G:\My Drive\projekbaru\public\index.php(37): CodeIgniter\CodeIgniter->run()
#5 G:\My Drive\projekbaru\system\Commands\Server\rewrite.php(45): require_once('G:\\My Drive\\pro...')
#6 {main}
ERROR - 2024-09-07 21:19:30 --> Unknown column 'level' in 'where clause'
CRITICAL - 2024-09-07 21:19:31 --> Call to a member function getRow() on bool
#0 G:\My Drive\projekbaru\app\Controllers\Home.php(1028): has_permission('level')
#1 G:\My Drive\projekbaru\system\CodeIgniter.php(928): App\Controllers\Home->hak_akses('admin')
#2 G:\My Drive\projekbaru\system\CodeIgniter.php(436): CodeIgniter\CodeIgniter->runController(Object(App\Controllers\Home))
#3 G:\My Drive\projekbaru\system\CodeIgniter.php(336): CodeIgniter\CodeIgniter->handleRequest(NULL, Object(Config\Cache), false)
#4 G:\My Drive\projekbaru\public\index.php(37): CodeIgniter\CodeIgniter->run()
#5 G:\My Drive\projekbaru\system\Commands\Server\rewrite.php(45): require_once('G:\\My Drive\\pro...')
#6 {main}
ERROR - 2024-09-07 21:19:41 --> Unknown column 'level' in 'where clause'
CRITICAL - 2024-09-07 21:19:41 --> Call to a member function getRow() on bool
#0 G:\My Drive\projekbaru\app\Controllers\Home.php(1028): has_permission('level')
#1 G:\My Drive\projekbaru\system\CodeIgniter.php(928): App\Controllers\Home->hak_akses('admin')
#2 G:\My Drive\projekbaru\system\CodeIgniter.php(436): CodeIgniter\CodeIgniter->runController(Object(App\Controllers\Home))
#3 G:\My Drive\projekbaru\system\CodeIgniter.php(336): CodeIgniter\CodeIgniter->handleRequest(NULL, Object(Config\Cache), false)
#4 G:\My Drive\projekbaru\public\index.php(37): CodeIgniter\CodeIgniter->run()
#5 G:\My Drive\projekbaru\system\Commands\Server\rewrite.php(45): require_once('G:\\My Drive\\pro...')
#6 {main}
ERROR - 2024-09-07 21:19:50 --> Unknown column 'level' in 'where clause'
CRITICAL - 2024-09-07 21:19:50 --> Call to a member function getRow() on bool
#0 G:\My Drive\projekbaru\app\Controllers\Home.php(1028): has_permission('level')
#1 G:\My Drive\projekbaru\system\CodeIgniter.php(928): App\Controllers\Home->hak_akses('admin')
#2 G:\My Drive\projekbaru\system\CodeIgniter.php(436): CodeIgniter\CodeIgniter->runController(Object(App\Controllers\Home))
#3 G:\My Drive\projekbaru\system\CodeIgniter.php(336): CodeIgniter\CodeIgniter->handleRequest(NULL, Object(Config\Cache), false)
#4 G:\My Drive\projekbaru\public\index.php(37): CodeIgniter\CodeIgniter->run()
#5 G:\My Drive\projekbaru\system\Commands\Server\rewrite.php(45): require_once('G:\\My Drive\\pro...')
#6 {main}
ERROR - 2024-09-07 21:20:00 --> Unknown column 'level' in 'where clause'
CRITICAL - 2024-09-07 21:20:00 --> Call to a member function getRow() on bool
#0 G:\My Drive\projekbaru\app\Controllers\Home.php(1028): has_permission('level')
#1 G:\My Drive\projekbaru\system\CodeIgniter.php(928): App\Controllers\Home->hak_akses('admin')
#2 G:\My Drive\projekbaru\system\CodeIgniter.php(436): CodeIgniter\CodeIgniter->runController(Object(App\Controllers\Home))
#3 G:\My Drive\projekbaru\system\CodeIgniter.php(336): CodeIgniter\CodeIgniter->handleRequest(NULL, Object(Config\Cache), false)
#4 G:\My Drive\projekbaru\public\index.php(37): CodeIgniter\CodeIgniter->run()
#5 G:\My Drive\projekbaru\system\Commands\Server\rewrite.php(45): require_once('G:\\My Drive\\pro...')
#6 {main}
ERROR - 2024-09-07 21:20:03 --> Unknown column 'level' in 'where clause'
CRITICAL - 2024-09-07 21:20:03 --> Call to a member function getRow() on bool
#0 G:\My Drive\projekbaru\app\Controllers\Home.php(1028): has_permission('level')
#1 G:\My Drive\projekbaru\system\CodeIgniter.php(928): App\Controllers\Home->hak_akses('admin')
#2 G:\My Drive\projekbaru\system\CodeIgniter.php(436): CodeIgniter\CodeIgniter->runController(Object(App\Controllers\Home))
#3 G:\My Drive\projekbaru\system\CodeIgniter.php(336): CodeIgniter\CodeIgniter->handleRequest(NULL, Object(Config\Cache), false)
#4 G:\My Drive\projekbaru\public\index.php(37): CodeIgniter\CodeIgniter->run()
#5 G:\My Drive\projekbaru\system\Commands\Server\rewrite.php(45): require_once('G:\\My Drive\\pro...')
#6 {main}
ERROR - 2024-09-07 21:20:30 --> Unknown column 'level' in 'where clause'
CRITICAL - 2024-09-07 21:20:30 --> Call to a member function getRow() on bool
#0 G:\My Drive\projekbaru\app\Controllers\Home.php(1028): has_permission('level')
#1 G:\My Drive\projekbaru\system\CodeIgniter.php(928): App\Controllers\Home->hak_akses('admin')
#2 G:\My Drive\projekbaru\system\CodeIgniter.php(436): CodeIgniter\CodeIgniter->runController(Object(App\Controllers\Home))
#3 G:\My Drive\projekbaru\system\CodeIgniter.php(336): CodeIgniter\CodeIgniter->handleRequest(NULL, Object(Config\Cache), false)
#4 G:\My Drive\projekbaru\public\index.php(37): CodeIgniter\CodeIgniter->run()
#5 G:\My Drive\projekbaru\system\Commands\Server\rewrite.php(45): require_once('G:\\My Drive\\pro...')
#6 {main}
ERROR - 2024-09-07 21:20:35 --> Unknown column 'level' in 'where clause'
CRITICAL - 2024-09-07 21:20:35 --> Call to a member function getRow() on bool
#0 G:\My Drive\projekbaru\app\Controllers\Home.php(1028): has_permission('level')
#1 G:\My Drive\projekbaru\system\CodeIgniter.php(928): App\Controllers\Home->hak_akses('admin')
#2 G:\My Drive\projekbaru\system\CodeIgniter.php(436): CodeIgniter\CodeIgniter->runController(Object(App\Controllers\Home))
#3 G:\My Drive\projekbaru\system\CodeIgniter.php(336): CodeIgniter\CodeIgniter->handleRequest(NULL, Object(Config\Cache), false)
#4 G:\My Drive\projekbaru\public\index.php(37): CodeIgniter\CodeIgniter->run()
#5 G:\My Drive\projekbaru\system\Commands\Server\rewrite.php(45): require_once('G:\\My Drive\\pro...')
#6 {main}
CRITICAL - 2024-09-07 22:01:28 --> syntax error, unexpected end of file, expecting elseif (T_ELSEIF) or else (T_ELSE) or endif (T_ENDIF)
#0 G:\My Drive\projekbaru\system\View\View.php(232): CodeIgniter\View\View->CodeIgniter\View\{closure}()
#1 G:\My Drive\projekbaru\system\Common.php(1271): CodeIgniter\View\View->render('menu', Array, true)
#2 G:\My Drive\projekbaru\app\Controllers\Home.php(40): view('menu')
#3 G:\My Drive\projekbaru\system\CodeIgniter.php(928): App\Controllers\Home->dashboard()
#4 G:\My Drive\projekbaru\system\CodeIgniter.php(436): CodeIgniter\CodeIgniter->runController(Object(App\Controllers\Home))
#5 G:\My Drive\projekbaru\system\CodeIgniter.php(336): CodeIgniter\CodeIgniter->handleRequest(NULL, Object(Config\Cache), false)
#6 G:\My Drive\projekbaru\public\index.php(37): CodeIgniter\CodeIgniter->run()
#7 G:\My Drive\projekbaru\system\Commands\Server\rewrite.php(45): require_once('G:\\My Drive\\pro...')
#8 {main}
CRITICAL - 2024-09-07 22:53:53 --> Call to undefined function has_permission()
#0 G:\My Drive\projekbaru\system\View\View.php(230): include()
#1 G:\My Drive\projekbaru\system\View\View.php(232): CodeIgniter\View\View->CodeIgniter\View\{closure}()
#2 G:\My Drive\projekbaru\system\Common.php(1271): CodeIgniter\View\View->render('menu', Array, true)
#3 G:\My Drive\projekbaru\app\Controllers\Home.php(548): view('menu')
#4 G:\My Drive\projekbaru\system\CodeIgniter.php(928): App\Controllers\Home->buat_kelas()
#5 G:\My Drive\projekbaru\system\CodeIgniter.php(436): CodeIgniter\CodeIgniter->runController(Object(App\Controllers\Home))
#6 G:\My Drive\projekbaru\system\CodeIgniter.php(336): CodeIgniter\CodeIgniter->handleRequest(NULL, Object(Config\Cache), false)
#7 G:\My Drive\projekbaru\public\index.php(37): CodeIgniter\CodeIgniter->run()
#8 G:\My Drive\projekbaru\system\Commands\Server\rewrite.php(45): require_once('G:\\My Drive\\pro...')
#9 {main}
CRITICAL - 2024-09-07 22:54:13 --> Call to undefined function has_permission()
#0 G:\My Drive\projekbaru\system\View\View.php(230): include()
#1 G:\My Drive\projekbaru\system\View\View.php(232): CodeIgniter\View\View->CodeIgniter\View\{closure}()
#2 G:\My Drive\projekbaru\system\Common.php(1271): CodeIgniter\View\View->render('menu', Array, true)
#3 G:\My Drive\projekbaru\app\Controllers\Home.php(190): view('menu', Array)
#4 G:\My Drive\projekbaru\system\CodeIgniter.php(928): App\Controllers\Home->profile()
#5 G:\My Drive\projekbaru\system\CodeIgniter.php(436): CodeIgniter\CodeIgniter->runController(Object(App\Controllers\Home))
#6 G:\My Drive\projekbaru\system\CodeIgniter.php(336): CodeIgniter\CodeIgniter->handleRequest(NULL, Object(Config\Cache), false)
#7 G:\My Drive\projekbaru\public\index.php(37): CodeIgniter\CodeIgniter->run()
#8 G:\My Drive\projekbaru\system\Commands\Server\rewrite.php(45): require_once('G:\\My Drive\\pro...')
#9 {main}
