ERROR - 2024-09-04 08:34:33 --> Unknown column 'kelas.id_penanggung' in 'on clause'
CRITICAL - 2024-09-04 08:34:33 --> Call to a member function getResult() on bool
#0 G:\My Drive\projekbaru\app\Controllers\Home.php(273): App\Models\M_projek->joinKelasWithUser1(Array)
#1 G:\My Drive\projekbaru\system\CodeIgniter.php(928): App\Controllers\Home->kelas_admin()
#2 G:\My Drive\projekbaru\system\CodeIgniter.php(436): CodeIgniter\CodeIgniter->runController(Object(App\Controllers\Home))
#3 G:\My Drive\projekbaru\system\CodeIgniter.php(336): CodeIgniter\CodeIgniter->handleRequest(NULL, Object(Config\Cache), false)
#4 G:\My Drive\projekbaru\public\index.php(37): CodeIgniter\CodeIgniter->run()
#5 G:\My Drive\projekbaru\system\Commands\Server\rewrite.php(45): require_once('G:\\My Drive\\pro...')
#6 {main}
ERROR - 2024-09-04 08:35:16 --> Unknown column 'kelas.id_penanggung' in 'on clause'
CRITICAL - 2024-09-04 08:35:16 --> Call to a member function getResult() on bool
#0 G:\My Drive\projekbaru\app\Controllers\Home.php(273): App\Models\M_projek->joinKelasWithUser1(Array)
#1 G:\My Drive\projekbaru\system\CodeIgniter.php(928): App\Controllers\Home->kelas_admin()
#2 G:\My Drive\projekbaru\system\CodeIgniter.php(436): CodeIgniter\CodeIgniter->runController(Object(App\Controllers\Home))
#3 G:\My Drive\projekbaru\system\CodeIgniter.php(336): CodeIgniter\CodeIgniter->handleRequest(NULL, Object(Config\Cache), false)
#4 G:\My Drive\projekbaru\public\index.php(37): CodeIgniter\CodeIgniter->run()
#5 G:\My Drive\projekbaru\system\Commands\Server\rewrite.php(45): require_once('G:\\My Drive\\pro...')
#6 {main}
CRITICAL - 2024-09-04 08:53:21 --> Undefined variable $yogi
#0 G:\My Drive\projekbaru\app\Views\header.php(49): CodeIgniter\Debug\Exceptions->errorHandler(2, 'Undefined varia...', 'G:\\My Drive\\pro...', 49)
#1 G:\My Drive\projekbaru\system\View\View.php(230): include('G:\\My Drive\\pro...')
#2 G:\My Drive\projekbaru\system\View\View.php(232): CodeIgniter\View\View->CodeIgniter\View\{closure}()
#3 G:\My Drive\projekbaru\system\Common.php(1271): CodeIgniter\View\View->render('header', Array, true)
#4 G:\My Drive\projekbaru\app\Controllers\Home.php(26): view('header', Array)
#5 G:\My Drive\projekbaru\system\CodeIgniter.php(928): App\Controllers\Home->dashboard()
#6 G:\My Drive\projekbaru\system\CodeIgniter.php(436): CodeIgniter\CodeIgniter->runController(Object(App\Controllers\Home))
#7 G:\My Drive\projekbaru\system\CodeIgniter.php(336): CodeIgniter\CodeIgniter->handleRequest(NULL, Object(Config\Cache), false)
#8 G:\My Drive\projekbaru\public\index.php(37): CodeIgniter\CodeIgniter->run()
#9 G:\My Drive\projekbaru\system\Commands\Server\rewrite.php(45): require_once('G:\\My Drive\\pro...')
#10 {main}
CRITICAL - 2024-09-04 08:53:28 --> Undefined variable $yogi
#0 G:\My Drive\projekbaru\app\Views\header.php(49): CodeIgniter\Debug\Exceptions->errorHandler(2, 'Undefined varia...', 'G:\\My Drive\\pro...', 49)
#1 G:\My Drive\projekbaru\system\View\View.php(230): include('G:\\My Drive\\pro...')
#2 G:\My Drive\projekbaru\system\View\View.php(232): CodeIgniter\View\View->CodeIgniter\View\{closure}()
#3 G:\My Drive\projekbaru\system\Common.php(1271): CodeIgniter\View\View->render('header', Array, true)
#4 G:\My Drive\projekbaru\app\Controllers\Home.php(26): view('header', Array)
#5 G:\My Drive\projekbaru\system\CodeIgniter.php(928): App\Controllers\Home->dashboard()
#6 G:\My Drive\projekbaru\system\CodeIgniter.php(436): CodeIgniter\CodeIgniter->runController(Object(App\Controllers\Home))
#7 G:\My Drive\projekbaru\system\CodeIgniter.php(336): CodeIgniter\CodeIgniter->handleRequest(NULL, Object(Config\Cache), false)
#8 G:\My Drive\projekbaru\public\index.php(37): CodeIgniter\CodeIgniter->run()
#9 G:\My Drive\projekbaru\system\Commands\Server\rewrite.php(45): require_once('G:\\My Drive\\pro...')
#10 {main}
CRITICAL - 2024-09-04 08:53:31 --> Undefined variable $yogi
#0 G:\My Drive\projekbaru\app\Views\header.php(49): CodeIgniter\Debug\Exceptions->errorHandler(2, 'Undefined varia...', 'G:\\My Drive\\pro...', 49)
#1 G:\My Drive\projekbaru\system\View\View.php(230): include('G:\\My Drive\\pro...')
#2 G:\My Drive\projekbaru\system\View\View.php(232): CodeIgniter\View\View->CodeIgniter\View\{closure}()
#3 G:\My Drive\projekbaru\system\Common.php(1271): CodeIgniter\View\View->render('header', Array, true)
#4 G:\My Drive\projekbaru\app\Controllers\Home.php(26): view('header', Array)
#5 G:\My Drive\projekbaru\system\CodeIgniter.php(928): App\Controllers\Home->dashboard()
#6 G:\My Drive\projekbaru\system\CodeIgniter.php(436): CodeIgniter\CodeIgniter->runController(Object(App\Controllers\Home))
#7 G:\My Drive\projekbaru\system\CodeIgniter.php(336): CodeIgniter\CodeIgniter->handleRequest(NULL, Object(Config\Cache), false)
#8 G:\My Drive\projekbaru\public\index.php(37): CodeIgniter\CodeIgniter->run()
#9 G:\My Drive\projekbaru\system\Commands\Server\rewrite.php(45): require_once('G:\\My Drive\\pro...')
#10 {main}
CRITICAL - 2024-09-04 08:53:33 --> Undefined variable $yogi
#0 G:\My Drive\projekbaru\app\Views\header.php(49): CodeIgniter\Debug\Exceptions->errorHandler(2, 'Undefined varia...', 'G:\\My Drive\\pro...', 49)
#1 G:\My Drive\projekbaru\system\View\View.php(230): include('G:\\My Drive\\pro...')
#2 G:\My Drive\projekbaru\system\View\View.php(232): CodeIgniter\View\View->CodeIgniter\View\{closure}()
#3 G:\My Drive\projekbaru\system\Common.php(1271): CodeIgniter\View\View->render('header', Array, true)
#4 G:\My Drive\projekbaru\app\Controllers\Home.php(57): view('header')
#5 G:\My Drive\projekbaru\system\CodeIgniter.php(928): App\Controllers\Home->login()
#6 G:\My Drive\projekbaru\system\CodeIgniter.php(436): CodeIgniter\CodeIgniter->runController(Object(App\Controllers\Home))
#7 G:\My Drive\projekbaru\system\CodeIgniter.php(336): CodeIgniter\CodeIgniter->handleRequest(NULL, Object(Config\Cache), false)
#8 G:\My Drive\projekbaru\public\index.php(37): CodeIgniter\CodeIgniter->run()
#9 G:\My Drive\projekbaru\system\Commands\Server\rewrite.php(45): require_once('G:\\My Drive\\pro...')
#10 {main}
CRITICAL - 2024-09-04 08:53:34 --> Undefined variable $yogi
#0 G:\My Drive\projekbaru\app\Views\header.php(49): CodeIgniter\Debug\Exceptions->errorHandler(2, 'Undefined varia...', 'G:\\My Drive\\pro...', 49)
#1 G:\My Drive\projekbaru\system\View\View.php(230): include('G:\\My Drive\\pro...')
#2 G:\My Drive\projekbaru\system\View\View.php(232): CodeIgniter\View\View->CodeIgniter\View\{closure}()
#3 G:\My Drive\projekbaru\system\Common.php(1271): CodeIgniter\View\View->render('header', Array, true)
#4 G:\My Drive\projekbaru\app\Controllers\Home.php(26): view('header', Array)
#5 G:\My Drive\projekbaru\system\CodeIgniter.php(928): App\Controllers\Home->dashboard()
#6 G:\My Drive\projekbaru\system\CodeIgniter.php(436): CodeIgniter\CodeIgniter->runController(Object(App\Controllers\Home))
#7 G:\My Drive\projekbaru\system\CodeIgniter.php(336): CodeIgniter\CodeIgniter->handleRequest(NULL, Object(Config\Cache), false)
#8 G:\My Drive\projekbaru\public\index.php(37): CodeIgniter\CodeIgniter->run()
#9 G:\My Drive\projekbaru\system\Commands\Server\rewrite.php(45): require_once('G:\\My Drive\\pro...')
#10 {main}
CRITICAL - 2024-09-04 08:53:35 --> Undefined variable $yogi
#0 G:\My Drive\projekbaru\app\Views\header.php(49): CodeIgniter\Debug\Exceptions->errorHandler(2, 'Undefined varia...', 'G:\\My Drive\\pro...', 49)
#1 G:\My Drive\projekbaru\system\View\View.php(230): include('G:\\My Drive\\pro...')
#2 G:\My Drive\projekbaru\system\View\View.php(232): CodeIgniter\View\View->CodeIgniter\View\{closure}()
#3 G:\My Drive\projekbaru\system\Common.php(1271): CodeIgniter\View\View->render('header', Array, true)
#4 G:\My Drive\projekbaru\app\Controllers\Home.php(57): view('header')
#5 G:\My Drive\projekbaru\system\CodeIgniter.php(928): App\Controllers\Home->login()
#6 G:\My Drive\projekbaru\system\CodeIgniter.php(436): CodeIgniter\CodeIgniter->runController(Object(App\Controllers\Home))
#7 G:\My Drive\projekbaru\system\CodeIgniter.php(336): CodeIgniter\CodeIgniter->handleRequest(NULL, Object(Config\Cache), false)
#8 G:\My Drive\projekbaru\public\index.php(37): CodeIgniter\CodeIgniter->run()
#9 G:\My Drive\projekbaru\system\Commands\Server\rewrite.php(45): require_once('G:\\My Drive\\pro...')
#10 {main}
CRITICAL - 2024-09-04 08:53:41 --> Undefined variable $yogi
#0 G:\My Drive\projekbaru\app\Views\header.php(49): CodeIgniter\Debug\Exceptions->errorHandler(2, 'Undefined varia...', 'G:\\My Drive\\pro...', 49)
#1 G:\My Drive\projekbaru\system\View\View.php(230): include('G:\\My Drive\\pro...')
#2 G:\My Drive\projekbaru\system\View\View.php(232): CodeIgniter\View\View->CodeIgniter\View\{closure}()
#3 G:\My Drive\projekbaru\system\Common.php(1271): CodeIgniter\View\View->render('header', Array, true)
#4 G:\My Drive\projekbaru\app\Controllers\Home.php(57): view('header')
#5 G:\My Drive\projekbaru\system\CodeIgniter.php(928): App\Controllers\Home->login()
#6 G:\My Drive\projekbaru\system\CodeIgniter.php(436): CodeIgniter\CodeIgniter->runController(Object(App\Controllers\Home))
#7 G:\My Drive\projekbaru\system\CodeIgniter.php(336): CodeIgniter\CodeIgniter->handleRequest(NULL, Object(Config\Cache), false)
#8 G:\My Drive\projekbaru\public\index.php(37): CodeIgniter\CodeIgniter->run()
#9 G:\My Drive\projekbaru\system\Commands\Server\rewrite.php(45): require_once('G:\\My Drive\\pro...')
#10 {main}
CRITICAL - 2024-09-04 08:54:55 --> Undefined variable $yogi
#0 G:\My Drive\projekbaru\app\Views\header.php(49): CodeIgniter\Debug\Exceptions->errorHandler(2, 'Undefined varia...', 'G:\\My Drive\\pro...', 49)
#1 G:\My Drive\projekbaru\system\View\View.php(230): include('G:\\My Drive\\pro...')
#2 G:\My Drive\projekbaru\system\View\View.php(232): CodeIgniter\View\View->CodeIgniter\View\{closure}()
#3 G:\My Drive\projekbaru\system\Common.php(1271): CodeIgniter\View\View->render('header', Array, true)
#4 G:\My Drive\projekbaru\app\Controllers\Home.php(26): view('header', Array)
#5 G:\My Drive\projekbaru\system\CodeIgniter.php(928): App\Controllers\Home->dashboard()
#6 G:\My Drive\projekbaru\system\CodeIgniter.php(436): CodeIgniter\CodeIgniter->runController(Object(App\Controllers\Home))
#7 G:\My Drive\projekbaru\system\CodeIgniter.php(336): CodeIgniter\CodeIgniter->handleRequest(NULL, Object(Config\Cache), false)
#8 G:\My Drive\projekbaru\public\index.php(37): CodeIgniter\CodeIgniter->run()
#9 G:\My Drive\projekbaru\system\Commands\Server\rewrite.php(45): require_once('G:\\My Drive\\pro...')
#10 {main}
CRITICAL - 2024-09-04 08:56:47 --> Undefined variable $model
#0 G:\My Drive\projekbaru\app\Controllers\Home.php(25): CodeIgniter\Debug\Exceptions->errorHandler(2, 'Undefined varia...', 'G:\\My Drive\\pro...', 25)
#1 G:\My Drive\projekbaru\system\CodeIgniter.php(928): App\Controllers\Home->dashboard()
#2 G:\My Drive\projekbaru\system\CodeIgniter.php(436): CodeIgniter\CodeIgniter->runController(Object(App\Controllers\Home))
#3 G:\My Drive\projekbaru\system\CodeIgniter.php(336): CodeIgniter\CodeIgniter->handleRequest(NULL, Object(Config\Cache), false)
#4 G:\My Drive\projekbaru\public\index.php(37): CodeIgniter\CodeIgniter->run()
#5 G:\My Drive\projekbaru\system\Commands\Server\rewrite.php(45): require_once('G:\\My Drive\\pro...')
#6 {main}
CRITICAL - 2024-09-04 08:57:08 --> Attempt to read property "nama_website" on null
#0 G:\My Drive\projekbaru\app\Views\header.php(49): CodeIgniter\Debug\Exceptions->errorHandler(2, 'Attempt to read...', 'G:\\My Drive\\pro...', 49)
#1 G:\My Drive\projekbaru\system\View\View.php(230): include('G:\\My Drive\\pro...')
#2 G:\My Drive\projekbaru\system\View\View.php(232): CodeIgniter\View\View->CodeIgniter\View\{closure}()
#3 G:\My Drive\projekbaru\system\Common.php(1271): CodeIgniter\View\View->render('header', Array, true)
#4 G:\My Drive\projekbaru\app\Controllers\Home.php(28): view('header', Array)
#5 G:\My Drive\projekbaru\system\CodeIgniter.php(928): App\Controllers\Home->dashboard()
#6 G:\My Drive\projekbaru\system\CodeIgniter.php(436): CodeIgniter\CodeIgniter->runController(Object(App\Controllers\Home))
#7 G:\My Drive\projekbaru\system\CodeIgniter.php(336): CodeIgniter\CodeIgniter->handleRequest(NULL, Object(Config\Cache), false)
#8 G:\My Drive\projekbaru\public\index.php(37): CodeIgniter\CodeIgniter->run()
#9 G:\My Drive\projekbaru\system\Commands\Server\rewrite.php(45): require_once('G:\\My Drive\\pro...')
#10 {main}
ERROR - 2024-09-04 08:58:32 --> Table 'projekbaru.permissions' doesn't exist
CRITICAL - 2024-09-04 08:58:32 --> Call to a member function getRow() on bool
#0 G:\My Drive\projekbaru\app\Controllers\Home.php(387): has_permission('setting')
#1 G:\My Drive\projekbaru\system\CodeIgniter.php(928): App\Controllers\Home->setting()
#2 G:\My Drive\projekbaru\system\CodeIgniter.php(436): CodeIgniter\CodeIgniter->runController(Object(App\Controllers\Home))
#3 G:\My Drive\projekbaru\system\CodeIgniter.php(336): CodeIgniter\CodeIgniter->handleRequest(NULL, Object(Config\Cache), false)
#4 G:\My Drive\projekbaru\public\index.php(37): CodeIgniter\CodeIgniter->run()
#5 G:\My Drive\projekbaru\system\Commands\Server\rewrite.php(45): require_once('G:\\My Drive\\pro...')
#6 {main}
ERROR - 2024-09-04 08:59:19 --> Table 'projekbaru.permissions' doesn't exist
CRITICAL - 2024-09-04 08:59:19 --> Call to a member function getRow() on bool
#0 G:\My Drive\projekbaru\app\Controllers\Home.php(387): has_permission('setting')
#1 G:\My Drive\projekbaru\system\CodeIgniter.php(928): App\Controllers\Home->setting()
#2 G:\My Drive\projekbaru\system\CodeIgniter.php(436): CodeIgniter\CodeIgniter->runController(Object(App\Controllers\Home))
#3 G:\My Drive\projekbaru\system\CodeIgniter.php(336): CodeIgniter\CodeIgniter->handleRequest(NULL, Object(Config\Cache), false)
#4 G:\My Drive\projekbaru\public\index.php(37): CodeIgniter\CodeIgniter->run()
#5 G:\My Drive\projekbaru\system\Commands\Server\rewrite.php(45): require_once('G:\\My Drive\\pro...')
#6 {main}
ERROR - 2024-09-04 08:59:19 --> Table 'projekbaru.permissions' doesn't exist
CRITICAL - 2024-09-04 08:59:19 --> Call to a member function getRow() on bool
#0 G:\My Drive\projekbaru\app\Controllers\Home.php(387): has_permission('setting')
#1 G:\My Drive\projekbaru\system\CodeIgniter.php(928): App\Controllers\Home->setting()
#2 G:\My Drive\projekbaru\system\CodeIgniter.php(436): CodeIgniter\CodeIgniter->runController(Object(App\Controllers\Home))
#3 G:\My Drive\projekbaru\system\CodeIgniter.php(336): CodeIgniter\CodeIgniter->handleRequest(NULL, Object(Config\Cache), false)
#4 G:\My Drive\projekbaru\public\index.php(37): CodeIgniter\CodeIgniter->run()
#5 G:\My Drive\projekbaru\system\Commands\Server\rewrite.php(45): require_once('G:\\My Drive\\pro...')
#6 {main}
ERROR - 2024-09-04 08:59:32 --> Table 'projekbaru.permissions' doesn't exist
CRITICAL - 2024-09-04 08:59:32 --> Call to a member function getRow() on bool
#0 G:\My Drive\projekbaru\app\Controllers\Home.php(387): has_permission('setting')
#1 G:\My Drive\projekbaru\system\CodeIgniter.php(928): App\Controllers\Home->setting()
#2 G:\My Drive\projekbaru\system\CodeIgniter.php(436): CodeIgniter\CodeIgniter->runController(Object(App\Controllers\Home))
#3 G:\My Drive\projekbaru\system\CodeIgniter.php(336): CodeIgniter\CodeIgniter->handleRequest(NULL, Object(Config\Cache), false)
#4 G:\My Drive\projekbaru\public\index.php(37): CodeIgniter\CodeIgniter->run()
#5 G:\My Drive\projekbaru\system\Commands\Server\rewrite.php(45): require_once('G:\\My Drive\\pro...')
#6 {main}
CRITICAL - 2024-09-04 09:00:25 --> Class "App\Controllers\M_Laundry" not found
#0 G:\My Drive\projekbaru\system\CodeIgniter.php(928): App\Controllers\Home->setting()
#1 G:\My Drive\projekbaru\system\CodeIgniter.php(436): CodeIgniter\CodeIgniter->runController(Object(App\Controllers\Home))
#2 G:\My Drive\projekbaru\system\CodeIgniter.php(336): CodeIgniter\CodeIgniter->handleRequest(NULL, Object(Config\Cache), false)
#3 G:\My Drive\projekbaru\public\index.php(37): CodeIgniter\CodeIgniter->run()
#4 G:\My Drive\projekbaru\system\Commands\Server\rewrite.php(45): require_once('G:\\My Drive\\pro...')
#5 {main}
CRITICAL - 2024-09-04 09:00:34 --> Call to undefined method App\Controllers\Home::logUserActivity()
#0 G:\My Drive\projekbaru\system\CodeIgniter.php(928): App\Controllers\Home->setting()
#1 G:\My Drive\projekbaru\system\CodeIgniter.php(436): CodeIgniter\CodeIgniter->runController(Object(App\Controllers\Home))
#2 G:\My Drive\projekbaru\system\CodeIgniter.php(336): CodeIgniter\CodeIgniter->handleRequest(NULL, Object(Config\Cache), false)
#3 G:\My Drive\projekbaru\public\index.php(37): CodeIgniter\CodeIgniter->run()
#4 G:\My Drive\projekbaru\system\Commands\Server\rewrite.php(45): require_once('G:\\My Drive\\pro...')
#5 {main}
CRITICAL - 2024-09-04 09:04:16 --> Undefined variable $yogi
#0 G:\My Drive\projekbaru\app\Views\header.php(49): CodeIgniter\Debug\Exceptions->errorHandler(2, 'Undefined varia...', 'G:\\My Drive\\pro...', 49)
#1 G:\My Drive\projekbaru\system\View\View.php(230): include('G:\\My Drive\\pro...')
#2 G:\My Drive\projekbaru\system\View\View.php(232): CodeIgniter\View\View->CodeIgniter\View\{closure}()
#3 G:\My Drive\projekbaru\system\Common.php(1271): CodeIgniter\View\View->render('header', Array, true)
#4 G:\My Drive\projekbaru\app\Controllers\Home.php(59): view('header')
#5 G:\My Drive\projekbaru\system\CodeIgniter.php(928): App\Controllers\Home->login()
#6 G:\My Drive\projekbaru\system\CodeIgniter.php(436): CodeIgniter\CodeIgniter->runController(Object(App\Controllers\Home))
#7 G:\My Drive\projekbaru\system\CodeIgniter.php(336): CodeIgniter\CodeIgniter->handleRequest(NULL, Object(Config\Cache), false)
#8 G:\My Drive\projekbaru\public\index.php(37): CodeIgniter\CodeIgniter->run()
#9 G:\My Drive\projekbaru\system\Commands\Server\rewrite.php(45): require_once('G:\\My Drive\\pro...')
#10 {main}
ERROR - 2024-09-04 21:13:20 --> Unknown column 'deleted_at' in 'field list'
ERROR - 2024-09-04 21:21:22 --> Unknown column 'deleted_at' in 'field list'
ERROR - 2024-09-04 21:22:24 --> Unknown column 'deleted_at' in 'field list'
ERROR - 2024-09-04 21:24:08 --> Unknown column 'deleted_at' in 'field list'
ERROR - 2024-09-04 21:26:33 --> Unknown column 'deleted_at' in 'field list'
