CRITICAL - 2024-07-25 00:00:34 --> Too few arguments to function App\Controllers\Home::hapus_pelayanan(), 0 passed in C:\laundry\system\CodeIgniter.php on line 928 and exactly 1 expected
#0 C:\laundry\system\CodeIgniter.php(928): App\Controllers\Home->hapus_pelayanan()
#1 C:\laundry\system\CodeIgniter.php(436): CodeIgniter\CodeIgniter->runController(Object(App\Controllers\Home))
#2 C:\laundry\system\CodeIgniter.php(336): CodeIgniter\CodeIgniter->handleRequest(NULL, Object(Config\Cache), false)
#3 C:\laundry\public\index.php(37): CodeIgniter\CodeIgniter->run()
#4 C:\laundry\system\Commands\Server\rewrite.php(45): require_once('C:\\laundry\\publ...')
#5 {main}
CRITICAL - 2024-07-25 00:00:58 --> Too few arguments to function App\Controllers\Home::hapus_pelayanan(), 0 passed in C:\laundry\system\CodeIgniter.php on line 928 and exactly 1 expected
#0 C:\laundry\system\CodeIgniter.php(928): App\Controllers\Home->hapus_pelayanan()
#1 C:\laundry\system\CodeIgniter.php(436): CodeIgniter\CodeIgniter->runController(Object(App\Controllers\Home))
#2 C:\laundry\system\CodeIgniter.php(336): CodeIgniter\CodeIgniter->handleRequest(NULL, Object(Config\Cache), false)
#3 C:\laundry\public\index.php(37): CodeIgniter\CodeIgniter->run()
#4 C:\laundry\system\Commands\Server\rewrite.php(45): require_once('C:\\laundry\\publ...')
#5 {main}
CRITICAL - 2024-07-25 00:01:01 --> Too few arguments to function App\Controllers\Home::hapus_pelayanan(), 0 passed in C:\laundry\system\CodeIgniter.php on line 928 and exactly 1 expected
#0 C:\laundry\system\CodeIgniter.php(928): App\Controllers\Home->hapus_pelayanan()
#1 C:\laundry\system\CodeIgniter.php(436): CodeIgniter\CodeIgniter->runController(Object(App\Controllers\Home))
#2 C:\laundry\system\CodeIgniter.php(336): CodeIgniter\CodeIgniter->handleRequest(NULL, Object(Config\Cache), false)
#3 C:\laundry\public\index.php(37): CodeIgniter\CodeIgniter->run()
#4 C:\laundry\system\Commands\Server\rewrite.php(45): require_once('C:\\laundry\\publ...')
#5 {main}
CRITICAL - 2024-07-25 00:01:42 --> Too few arguments to function App\Controllers\Home::hapus_pelayanan(), 0 passed in C:\laundry\system\CodeIgniter.php on line 928 and exactly 1 expected
#0 C:\laundry\system\CodeIgniter.php(928): App\Controllers\Home->hapus_pelayanan()
#1 C:\laundry\system\CodeIgniter.php(436): CodeIgniter\CodeIgniter->runController(Object(App\Controllers\Home))
#2 C:\laundry\system\CodeIgniter.php(336): CodeIgniter\CodeIgniter->handleRequest(NULL, Object(Config\Cache), false)
#3 C:\laundry\public\index.php(37): CodeIgniter\CodeIgniter->run()
#4 C:\laundry\system\Commands\Server\rewrite.php(45): require_once('C:\\laundry\\publ...')
#5 {main}
CRITICAL - 2024-07-25 00:01:45 --> Too few arguments to function App\Controllers\Home::hapus_pelayanan(), 0 passed in C:\laundry\system\CodeIgniter.php on line 928 and exactly 1 expected
#0 C:\laundry\system\CodeIgniter.php(928): App\Controllers\Home->hapus_pelayanan()
#1 C:\laundry\system\CodeIgniter.php(436): CodeIgniter\CodeIgniter->runController(Object(App\Controllers\Home))
#2 C:\laundry\system\CodeIgniter.php(336): CodeIgniter\CodeIgniter->handleRequest(NULL, Object(Config\Cache), false)
#3 C:\laundry\public\index.php(37): CodeIgniter\CodeIgniter->run()
#4 C:\laundry\system\Commands\Server\rewrite.php(45): require_once('C:\\laundry\\publ...')
#5 {main}
ERROR - 2024-07-25 00:32:31 --> Table 'laundry.jpakaian' doesn't exist
CRITICAL - 2024-07-25 00:32:31 --> Call to a member function getResult() on bool
#0 C:\laundry\app\Controllers\Home.php(388): App\Models\M_laundry->tampil('jpakaian')
#1 C:\laundry\system\CodeIgniter.php(928): App\Controllers\Home->jenis_pakaian()
#2 C:\laundry\system\CodeIgniter.php(436): CodeIgniter\CodeIgniter->runController(Object(App\Controllers\Home))
#3 C:\laundry\system\CodeIgniter.php(336): CodeIgniter\CodeIgniter->handleRequest(NULL, Object(Config\Cache), false)
#4 C:\laundry\public\index.php(37): CodeIgniter\CodeIgniter->run()
#5 C:\laundry\system\Commands\Server\rewrite.php(45): require_once('C:\\laundry\\publ...')
#6 {main}
ERROR - 2024-07-25 00:38:52 --> Unknown column 'jenis_pelayanan' in 'field list'
ERROR - 2024-07-25 00:41:05 --> Table 'laundry.jpakaian' doesn't exist
CRITICAL - 2024-07-25 00:41:05 --> Call to a member function getResult() on bool
#0 C:\laundry\app\Controllers\Home.php(288): App\Models\M_laundry->join4tblAndFilterByUser1('pemesanan', 'jpakaian', 'jpelayanan', 'user', 'pemesanan.id_jp...', 'pemesanan.id_jp...', 'pemesanan.id_us...', '1')
#1 C:\laundry\system\CodeIgniter.php(928): App\Controllers\Home->transaksi()
#2 C:\laundry\system\CodeIgniter.php(436): CodeIgniter\CodeIgniter->runController(Object(App\Controllers\Home))
#3 C:\laundry\system\CodeIgniter.php(336): CodeIgniter\CodeIgniter->handleRequest(NULL, Object(Config\Cache), false)
#4 C:\laundry\public\index.php(37): CodeIgniter\CodeIgniter->run()
#5 C:\laundry\system\Commands\Server\rewrite.php(45): require_once('C:\\laundry\\publ...')
#6 {main}
ERROR - 2024-07-25 00:41:07 --> Table 'laundry.jpakaian' doesn't exist
CRITICAL - 2024-07-25 00:41:07 --> Call to a member function getResult() on bool
#0 C:\laundry\app\Controllers\Home.php(288): App\Models\M_laundry->join4tblAndFilterByUser1('pemesanan', 'jpakaian', 'jpelayanan', 'user', 'pemesanan.id_jp...', 'pemesanan.id_jp...', 'pemesanan.id_us...', '1')
#1 C:\laundry\system\CodeIgniter.php(928): App\Controllers\Home->transaksi()
#2 C:\laundry\system\CodeIgniter.php(436): CodeIgniter\CodeIgniter->runController(Object(App\Controllers\Home))
#3 C:\laundry\system\CodeIgniter.php(336): CodeIgniter\CodeIgniter->handleRequest(NULL, Object(Config\Cache), false)
#4 C:\laundry\public\index.php(37): CodeIgniter\CodeIgniter->run()
#5 C:\laundry\system\Commands\Server\rewrite.php(45): require_once('C:\\laundry\\publ...')
#6 {main}
CRITICAL - 2024-07-25 00:55:41 --> Too few arguments to function App\Controllers\Home::hapus_pelayanan(), 0 passed in C:\laundry\system\CodeIgniter.php on line 928 and exactly 1 expected
#0 C:\laundry\system\CodeIgniter.php(928): App\Controllers\Home->hapus_pelayanan()
#1 C:\laundry\system\CodeIgniter.php(436): CodeIgniter\CodeIgniter->runController(Object(App\Controllers\Home))
#2 C:\laundry\system\CodeIgniter.php(336): CodeIgniter\CodeIgniter->handleRequest(NULL, Object(Config\Cache), false)
#3 C:\laundry\public\index.php(37): CodeIgniter\CodeIgniter->run()
#4 C:\laundry\system\Commands\Server\rewrite.php(45): require_once('C:\\laundry\\publ...')
#5 {main}
ERROR - 2024-07-25 00:58:43 --> Table 'laundry.karyawan' doesn't exist
CRITICAL - 2024-07-25 00:58:43 --> Call to a member function getResult() on bool
#0 C:\laundry\app\Controllers\Home.php(239): App\Models\M_laundry->tampil('karyawan')
#1 C:\laundry\system\CodeIgniter.php(928): App\Controllers\Home->detail_karyawan()
#2 C:\laundry\system\CodeIgniter.php(436): CodeIgniter\CodeIgniter->runController(Object(App\Controllers\Home))
#3 C:\laundry\system\CodeIgniter.php(336): CodeIgniter\CodeIgniter->handleRequest(NULL, Object(Config\Cache), false)
#4 C:\laundry\public\index.php(37): CodeIgniter\CodeIgniter->run()
#5 C:\laundry\system\Commands\Server\rewrite.php(45): require_once('C:\\laundry\\publ...')
#6 {main}
CRITICAL - 2024-07-25 01:07:31 --> syntax error, unexpected 'echo' (T_ECHO)
#0 C:\laundry\system\Router\Router.php(169): CodeIgniter\Router\Router->autoRoute('home/detail_kar...')
#1 C:\laundry\system\CodeIgniter.php(809): CodeIgniter\Router\Router->handle('home/detail_kar...')
#2 C:\laundry\system\CodeIgniter.php(389): CodeIgniter\CodeIgniter->tryToRouteIt(Object(CodeIgniter\Router\RouteCollection))
#3 C:\laundry\system\CodeIgniter.php(336): CodeIgniter\CodeIgniter->handleRequest(NULL, Object(Config\Cache), false)
#4 C:\laundry\public\index.php(37): CodeIgniter\CodeIgniter->run()
#5 C:\laundry\system\Commands\Server\rewrite.php(45): require_once('C:\\laundry\\publ...')
#6 {main}
CRITICAL - 2024-07-25 01:42:14 --> Too few arguments to function App\Controllers\Home::edit_karyawan(), 0 passed in C:\laundry\system\CodeIgniter.php on line 928 and exactly 1 expected
#0 C:\laundry\system\CodeIgniter.php(928): App\Controllers\Home->edit_karyawan()
#1 C:\laundry\system\CodeIgniter.php(436): CodeIgniter\CodeIgniter->runController(Object(App\Controllers\Home))
#2 C:\laundry\system\CodeIgniter.php(336): CodeIgniter\CodeIgniter->handleRequest(NULL, Object(Config\Cache), false)
#3 C:\laundry\public\index.php(37): CodeIgniter\CodeIgniter->run()
#4 C:\laundry\system\Commands\Server\rewrite.php(45): require_once('C:\\laundry\\publ...')
#5 {main}
