ERROR - 2024-07-22 00:03:29 --> Table 'laundry.jadwal' doesn't exist
CRITICAL - 2024-07-22 00:03:29 --> Call to a member function getResult() on bool
#0 C:\laundry\app\Controllers\Home.php(118): App\Models\M_laundry->cari(NULL, NULL, NULL)
#1 C:\laundry\system\CodeIgniter.php(928): App\Controllers\Home->printpdf()
#2 C:\laundry\system\CodeIgniter.php(436): CodeIgniter\CodeIgniter->runController(Object(App\Controllers\Home))
#3 C:\laundry\system\CodeIgniter.php(336): CodeIgniter\CodeIgniter->handleRequest(NULL, Object(Config\Cache), false)
#4 C:\laundry\public\index.php(37): CodeIgniter\CodeIgniter->run()
#5 C:\laundry\system\Commands\Server\rewrite.php(45): require_once('C:\\laundry\\publ...')
#6 {main}
ERROR - 2024-07-22 00:03:45 --> Table 'laundry.jadwal' doesn't exist
CRITICAL - 2024-07-22 00:03:45 --> Call to a member function getResult() on bool
#0 C:\laundry\app\Controllers\Home.php(118): App\Models\M_laundry->cari(NULL, NULL, NULL)
#1 C:\laundry\system\CodeIgniter.php(928): App\Controllers\Home->printpdf()
#2 C:\laundry\system\CodeIgniter.php(436): CodeIgniter\CodeIgniter->runController(Object(App\Controllers\Home))
#3 C:\laundry\system\CodeIgniter.php(336): CodeIgniter\CodeIgniter->handleRequest(NULL, Object(Config\Cache), false)
#4 C:\laundry\public\index.php(37): CodeIgniter\CodeIgniter->run()
#5 C:\laundry\system\Commands\Server\rewrite.php(45): require_once('C:\\laundry\\publ...')
#6 {main}
CRITICAL - 2024-07-22 01:09:37 --> Invalid argument supplied for foreach()
#0 C:\laundry\app\Views\pemesanan.php(22): CodeIgniter\Debug\Exceptions->errorHandler(2, 'Invalid argumen...', 'C:\\laundry\\app\\...', 22, Array)
#1 C:\laundry\system\View\View.php(230): include('C:\\laundry\\app\\...')
#2 C:\laundry\system\View\View.php(232): CodeIgniter\View\View->CodeIgniter\View\{closure}()
#3 C:\laundry\system\Common.php(1271): CodeIgniter\View\View->render('pemesanan', Array, true)
#4 C:\laundry\app\Controllers\Home.php(84): view('pemesanan', Array)
#5 C:\laundry\system\CodeIgniter.php(928): App\Controllers\Home->pemesanan()
#6 C:\laundry\system\CodeIgniter.php(436): CodeIgniter\CodeIgniter->runController(Object(App\Controllers\Home))
#7 C:\laundry\system\CodeIgniter.php(336): CodeIgniter\CodeIgniter->handleRequest(NULL, Object(Config\Cache), false)
#8 C:\laundry\public\index.php(37): CodeIgniter\CodeIgniter->run()
#9 C:\laundry\system\Commands\Server\rewrite.php(45): require_once('C:\\laundry\\publ...')
#10 {main}
CRITICAL - 2024-07-22 01:09:37 --> Invalid argument supplied for foreach()
#0 C:\laundry\app\Views\pemesanan.php(22): CodeIgniter\Debug\Exceptions->errorHandler(2, 'Invalid argumen...', 'C:\\laundry\\app\\...', 22, Array)
#1 C:\laundry\system\View\View.php(230): include('C:\\laundry\\app\\...')
#2 C:\laundry\system\View\View.php(232): CodeIgniter\View\View->CodeIgniter\View\{closure}()
#3 C:\laundry\system\Common.php(1271): CodeIgniter\View\View->render('pemesanan', Array, true)
#4 C:\laundry\app\Controllers\Home.php(84): view('pemesanan', Array)
#5 C:\laundry\system\CodeIgniter.php(928): App\Controllers\Home->pemesanan()
#6 C:\laundry\system\CodeIgniter.php(436): CodeIgniter\CodeIgniter->runController(Object(App\Controllers\Home))
#7 C:\laundry\system\CodeIgniter.php(336): CodeIgniter\CodeIgniter->handleRequest(NULL, Object(Config\Cache), false)
#8 C:\laundry\public\index.php(37): CodeIgniter\CodeIgniter->run()
#9 C:\laundry\system\Commands\Server\rewrite.php(45): require_once('C:\\laundry\\publ...')
#10 {main}
ERROR - 2024-07-22 01:15:45 --> Unknown column 'jenis_pemesanan' in 'field list'
ERROR - 2024-07-22 01:17:00 --> Unknown column 'jenis_pemesanan' in 'field list'
ERROR - 2024-07-22 01:17:51 --> Unknown column 'jenis_pemesanan' in 'field list'
ERROR - 2024-07-22 01:22:07 --> Unknown column 'jenis_pemesanan' in 'field list'
ERROR - 2024-07-22 01:26:01 --> Unknown column 'jenis_pemesanan' in 'field list'
ERROR - 2024-07-22 07:29:37 --> Unknown column 'jenis_pemesanan' in 'field list'
ERROR - 2024-07-22 07:29:46 --> Unknown column 'jenis_pemesanan' in 'field list'
CRITICAL - 2024-07-22 08:25:23 --> Invalid argument supplied for foreach()
#0 C:\laundry\app\Views\transaksi.php(23): CodeIgniter\Debug\Exceptions->errorHandler(2, 'Invalid argumen...', 'C:\\laundry\\app\\...', 23, Array)
#1 C:\laundry\system\View\View.php(230): include('C:\\laundry\\app\\...')
#2 C:\laundry\system\View\View.php(232): CodeIgniter\View\View->CodeIgniter\View\{closure}()
#3 C:\laundry\system\Common.php(1271): CodeIgniter\View\View->render('transaksi', Array, true)
#4 C:\laundry\app\Controllers\Home.php(181): view('transaksi', Array)
#5 C:\laundry\system\CodeIgniter.php(928): App\Controllers\Home->transaksi()
#6 C:\laundry\system\CodeIgniter.php(436): CodeIgniter\CodeIgniter->runController(Object(App\Controllers\Home))
#7 C:\laundry\system\CodeIgniter.php(336): CodeIgniter\CodeIgniter->handleRequest(NULL, Object(Config\Cache), false)
#8 C:\laundry\public\index.php(37): CodeIgniter\CodeIgniter->run()
#9 C:\laundry\system\Commands\Server\rewrite.php(45): require_once('C:\\laundry\\publ...')
#10 {main}
CRITICAL - 2024-07-22 08:26:07 --> Invalid argument supplied for foreach()
#0 C:\laundry\app\Views\transaksi.php(23): CodeIgniter\Debug\Exceptions->errorHandler(2, 'Invalid argumen...', 'C:\\laundry\\app\\...', 23, Array)
#1 C:\laundry\system\View\View.php(230): include('C:\\laundry\\app\\...')
#2 C:\laundry\system\View\View.php(232): CodeIgniter\View\View->CodeIgniter\View\{closure}()
#3 C:\laundry\system\Common.php(1271): CodeIgniter\View\View->render('transaksi', Array, true)
#4 C:\laundry\app\Controllers\Home.php(181): view('transaksi', Array)
#5 C:\laundry\system\CodeIgniter.php(928): App\Controllers\Home->transaksi()
#6 C:\laundry\system\CodeIgniter.php(436): CodeIgniter\CodeIgniter->runController(Object(App\Controllers\Home))
#7 C:\laundry\system\CodeIgniter.php(336): CodeIgniter\CodeIgniter->handleRequest(NULL, Object(Config\Cache), false)
#8 C:\laundry\public\index.php(37): CodeIgniter\CodeIgniter->run()
#9 C:\laundry\system\Commands\Server\rewrite.php(45): require_once('C:\\laundry\\publ...')
#10 {main}
CRITICAL - 2024-07-22 08:26:08 --> Invalid argument supplied for foreach()
#0 C:\laundry\app\Views\transaksi.php(23): CodeIgniter\Debug\Exceptions->errorHandler(2, 'Invalid argumen...', 'C:\\laundry\\app\\...', 23, Array)
#1 C:\laundry\system\View\View.php(230): include('C:\\laundry\\app\\...')
#2 C:\laundry\system\View\View.php(232): CodeIgniter\View\View->CodeIgniter\View\{closure}()
#3 C:\laundry\system\Common.php(1271): CodeIgniter\View\View->render('transaksi', Array, true)
#4 C:\laundry\app\Controllers\Home.php(181): view('transaksi', Array)
#5 C:\laundry\system\CodeIgniter.php(928): App\Controllers\Home->transaksi()
#6 C:\laundry\system\CodeIgniter.php(436): CodeIgniter\CodeIgniter->runController(Object(App\Controllers\Home))
#7 C:\laundry\system\CodeIgniter.php(336): CodeIgniter\CodeIgniter->handleRequest(NULL, Object(Config\Cache), false)
#8 C:\laundry\public\index.php(37): CodeIgniter\CodeIgniter->run()
#9 C:\laundry\system\Commands\Server\rewrite.php(45): require_once('C:\\laundry\\publ...')
#10 {main}
CRITICAL - 2024-07-22 08:26:08 --> Invalid argument supplied for foreach()
#0 C:\laundry\app\Views\transaksi.php(23): CodeIgniter\Debug\Exceptions->errorHandler(2, 'Invalid argumen...', 'C:\\laundry\\app\\...', 23, Array)
#1 C:\laundry\system\View\View.php(230): include('C:\\laundry\\app\\...')
#2 C:\laundry\system\View\View.php(232): CodeIgniter\View\View->CodeIgniter\View\{closure}()
#3 C:\laundry\system\Common.php(1271): CodeIgniter\View\View->render('transaksi', Array, true)
#4 C:\laundry\app\Controllers\Home.php(181): view('transaksi', Array)
#5 C:\laundry\system\CodeIgniter.php(928): App\Controllers\Home->transaksi()
#6 C:\laundry\system\CodeIgniter.php(436): CodeIgniter\CodeIgniter->runController(Object(App\Controllers\Home))
#7 C:\laundry\system\CodeIgniter.php(336): CodeIgniter\CodeIgniter->handleRequest(NULL, Object(Config\Cache), false)
#8 C:\laundry\public\index.php(37): CodeIgniter\CodeIgniter->run()
#9 C:\laundry\system\Commands\Server\rewrite.php(45): require_once('C:\\laundry\\publ...')
#10 {main}
CRITICAL - 2024-07-22 08:41:34 --> Invalid argument supplied for foreach()
#0 C:\laundry\app\Views\transaksi.php(23): CodeIgniter\Debug\Exceptions->errorHandler(2, 'Invalid argumen...', 'C:\\laundry\\app\\...', 23, Array)
#1 C:\laundry\system\View\View.php(230): include('C:\\laundry\\app\\...')
#2 C:\laundry\system\View\View.php(232): CodeIgniter\View\View->CodeIgniter\View\{closure}()
#3 C:\laundry\system\Common.php(1271): CodeIgniter\View\View->render('transaksi', Array, true)
#4 C:\laundry\app\Controllers\Home.php(181): view('transaksi', Array)
#5 C:\laundry\system\CodeIgniter.php(928): App\Controllers\Home->transaksi()
#6 C:\laundry\system\CodeIgniter.php(436): CodeIgniter\CodeIgniter->runController(Object(App\Controllers\Home))
#7 C:\laundry\system\CodeIgniter.php(336): CodeIgniter\CodeIgniter->handleRequest(NULL, Object(Config\Cache), false)
#8 C:\laundry\public\index.php(37): CodeIgniter\CodeIgniter->run()
#9 C:\laundry\system\Commands\Server\rewrite.php(45): require_once('C:\\laundry\\publ...')
#10 {main}
CRITICAL - 2024-07-22 08:47:16 --> Invalid argument supplied for foreach()
#0 C:\laundry\app\Views\transaksi.php(23): CodeIgniter\Debug\Exceptions->errorHandler(2, 'Invalid argumen...', 'C:\\laundry\\app\\...', 23, Array)
#1 C:\laundry\system\View\View.php(230): include('C:\\laundry\\app\\...')
#2 C:\laundry\system\View\View.php(232): CodeIgniter\View\View->CodeIgniter\View\{closure}()
#3 C:\laundry\system\Common.php(1271): CodeIgniter\View\View->render('transaksi', Array, true)
#4 C:\laundry\app\Controllers\Home.php(181): view('transaksi', Array)
#5 C:\laundry\system\CodeIgniter.php(928): App\Controllers\Home->transaksi()
#6 C:\laundry\system\CodeIgniter.php(436): CodeIgniter\CodeIgniter->runController(Object(App\Controllers\Home))
#7 C:\laundry\system\CodeIgniter.php(336): CodeIgniter\CodeIgniter->handleRequest(NULL, Object(Config\Cache), false)
#8 C:\laundry\public\index.php(37): CodeIgniter\CodeIgniter->run()
#9 C:\laundry\system\Commands\Server\rewrite.php(45): require_once('C:\\laundry\\publ...')
#10 {main}
CRITICAL - 2024-07-22 08:47:30 --> Invalid argument supplied for foreach()
#0 C:\laundry\app\Views\transaksi.php(43): CodeIgniter\Debug\Exceptions->errorHandler(2, 'Invalid argumen...', 'C:\\laundry\\app\\...', 43, Array)
#1 C:\laundry\system\View\View.php(230): include('C:\\laundry\\app\\...')
#2 C:\laundry\system\View\View.php(232): CodeIgniter\View\View->CodeIgniter\View\{closure}()
#3 C:\laundry\system\Common.php(1271): CodeIgniter\View\View->render('transaksi', Array, true)
#4 C:\laundry\app\Controllers\Home.php(181): view('transaksi', Array)
#5 C:\laundry\system\CodeIgniter.php(928): App\Controllers\Home->transaksi()
#6 C:\laundry\system\CodeIgniter.php(436): CodeIgniter\CodeIgniter->runController(Object(App\Controllers\Home))
#7 C:\laundry\system\CodeIgniter.php(336): CodeIgniter\CodeIgniter->handleRequest(NULL, Object(Config\Cache), false)
#8 C:\laundry\public\index.php(37): CodeIgniter\CodeIgniter->run()
#9 C:\laundry\system\Commands\Server\rewrite.php(45): require_once('C:\\laundry\\publ...')
#10 {main}
CRITICAL - 2024-07-22 08:47:31 --> Invalid argument supplied for foreach()
#0 C:\laundry\app\Views\transaksi.php(43): CodeIgniter\Debug\Exceptions->errorHandler(2, 'Invalid argumen...', 'C:\\laundry\\app\\...', 43, Array)
#1 C:\laundry\system\View\View.php(230): include('C:\\laundry\\app\\...')
#2 C:\laundry\system\View\View.php(232): CodeIgniter\View\View->CodeIgniter\View\{closure}()
#3 C:\laundry\system\Common.php(1271): CodeIgniter\View\View->render('transaksi', Array, true)
#4 C:\laundry\app\Controllers\Home.php(181): view('transaksi', Array)
#5 C:\laundry\system\CodeIgniter.php(928): App\Controllers\Home->transaksi()
#6 C:\laundry\system\CodeIgniter.php(436): CodeIgniter\CodeIgniter->runController(Object(App\Controllers\Home))
#7 C:\laundry\system\CodeIgniter.php(336): CodeIgniter\CodeIgniter->handleRequest(NULL, Object(Config\Cache), false)
#8 C:\laundry\public\index.php(37): CodeIgniter\CodeIgniter->run()
#9 C:\laundry\system\Commands\Server\rewrite.php(45): require_once('C:\\laundry\\publ...')
#10 {main}
CRITICAL - 2024-07-22 08:47:31 --> Invalid argument supplied for foreach()
#0 C:\laundry\app\Views\transaksi.php(43): CodeIgniter\Debug\Exceptions->errorHandler(2, 'Invalid argumen...', 'C:\\laundry\\app\\...', 43, Array)
#1 C:\laundry\system\View\View.php(230): include('C:\\laundry\\app\\...')
#2 C:\laundry\system\View\View.php(232): CodeIgniter\View\View->CodeIgniter\View\{closure}()
#3 C:\laundry\system\Common.php(1271): CodeIgniter\View\View->render('transaksi', Array, true)
#4 C:\laundry\app\Controllers\Home.php(181): view('transaksi', Array)
#5 C:\laundry\system\CodeIgniter.php(928): App\Controllers\Home->transaksi()
#6 C:\laundry\system\CodeIgniter.php(436): CodeIgniter\CodeIgniter->runController(Object(App\Controllers\Home))
#7 C:\laundry\system\CodeIgniter.php(336): CodeIgniter\CodeIgniter->handleRequest(NULL, Object(Config\Cache), false)
#8 C:\laundry\public\index.php(37): CodeIgniter\CodeIgniter->run()
#9 C:\laundry\system\Commands\Server\rewrite.php(45): require_once('C:\\laundry\\publ...')
#10 {main}
CRITICAL - 2024-07-22 08:47:44 --> Invalid argument supplied for foreach()
#0 C:\laundry\app\Views\transaksi.php(118): CodeIgniter\Debug\Exceptions->errorHandler(2, 'Invalid argumen...', 'C:\\laundry\\app\\...', 118, Array)
#1 C:\laundry\system\View\View.php(230): include('C:\\laundry\\app\\...')
#2 C:\laundry\system\View\View.php(232): CodeIgniter\View\View->CodeIgniter\View\{closure}()
#3 C:\laundry\system\Common.php(1271): CodeIgniter\View\View->render('transaksi', Array, true)
#4 C:\laundry\app\Controllers\Home.php(181): view('transaksi', Array)
#5 C:\laundry\system\CodeIgniter.php(928): App\Controllers\Home->transaksi()
#6 C:\laundry\system\CodeIgniter.php(436): CodeIgniter\CodeIgniter->runController(Object(App\Controllers\Home))
#7 C:\laundry\system\CodeIgniter.php(336): CodeIgniter\CodeIgniter->handleRequest(NULL, Object(Config\Cache), false)
#8 C:\laundry\public\index.php(37): CodeIgniter\CodeIgniter->run()
#9 C:\laundry\system\Commands\Server\rewrite.php(45): require_once('C:\\laundry\\publ...')
#10 {main}
CRITICAL - 2024-07-22 08:54:10 --> Invalid argument supplied for foreach()
#0 C:\laundry\app\Views\transaksi.php(23): CodeIgniter\Debug\Exceptions->errorHandler(2, 'Invalid argumen...', 'C:\\laundry\\app\\...', 23, Array)
#1 C:\laundry\system\View\View.php(230): include('C:\\laundry\\app\\...')
#2 C:\laundry\system\View\View.php(232): CodeIgniter\View\View->CodeIgniter\View\{closure}()
#3 C:\laundry\system\Common.php(1271): CodeIgniter\View\View->render('transaksi', Array, true)
#4 C:\laundry\app\Controllers\Home.php(181): view('transaksi', Array)
#5 C:\laundry\system\CodeIgniter.php(928): App\Controllers\Home->transaksi()
#6 C:\laundry\system\CodeIgniter.php(436): CodeIgniter\CodeIgniter->runController(Object(App\Controllers\Home))
#7 C:\laundry\system\CodeIgniter.php(336): CodeIgniter\CodeIgniter->handleRequest(NULL, Object(Config\Cache), false)
#8 C:\laundry\public\index.php(37): CodeIgniter\CodeIgniter->run()
#9 C:\laundry\system\Commands\Server\rewrite.php(45): require_once('C:\\laundry\\publ...')
#10 {main}
CRITICAL - 2024-07-22 08:54:21 --> Invalid argument supplied for foreach()
#0 C:\laundry\app\Views\transaksi.php(23): CodeIgniter\Debug\Exceptions->errorHandler(2, 'Invalid argumen...', 'C:\\laundry\\app\\...', 23, Array)
#1 C:\laundry\system\View\View.php(230): include('C:\\laundry\\app\\...')
#2 C:\laundry\system\View\View.php(232): CodeIgniter\View\View->CodeIgniter\View\{closure}()
#3 C:\laundry\system\Common.php(1271): CodeIgniter\View\View->render('transaksi', Array, true)
#4 C:\laundry\app\Controllers\Home.php(181): view('transaksi', Array)
#5 C:\laundry\system\CodeIgniter.php(928): App\Controllers\Home->transaksi()
#6 C:\laundry\system\CodeIgniter.php(436): CodeIgniter\CodeIgniter->runController(Object(App\Controllers\Home))
#7 C:\laundry\system\CodeIgniter.php(336): CodeIgniter\CodeIgniter->handleRequest(NULL, Object(Config\Cache), false)
#8 C:\laundry\public\index.php(37): CodeIgniter\CodeIgniter->run()
#9 C:\laundry\system\Commands\Server\rewrite.php(45): require_once('C:\\laundry\\publ...')
#10 {main}
CRITICAL - 2024-07-22 08:54:22 --> Invalid argument supplied for foreach()
#0 C:\laundry\app\Views\transaksi.php(23): CodeIgniter\Debug\Exceptions->errorHandler(2, 'Invalid argumen...', 'C:\\laundry\\app\\...', 23, Array)
#1 C:\laundry\system\View\View.php(230): include('C:\\laundry\\app\\...')
#2 C:\laundry\system\View\View.php(232): CodeIgniter\View\View->CodeIgniter\View\{closure}()
#3 C:\laundry\system\Common.php(1271): CodeIgniter\View\View->render('transaksi', Array, true)
#4 C:\laundry\app\Controllers\Home.php(181): view('transaksi', Array)
#5 C:\laundry\system\CodeIgniter.php(928): App\Controllers\Home->transaksi()
#6 C:\laundry\system\CodeIgniter.php(436): CodeIgniter\CodeIgniter->runController(Object(App\Controllers\Home))
#7 C:\laundry\system\CodeIgniter.php(336): CodeIgniter\CodeIgniter->handleRequest(NULL, Object(Config\Cache), false)
#8 C:\laundry\public\index.php(37): CodeIgniter\CodeIgniter->run()
#9 C:\laundry\system\Commands\Server\rewrite.php(45): require_once('C:\\laundry\\publ...')
#10 {main}
CRITICAL - 2024-07-22 08:55:00 --> Invalid argument supplied for foreach()
#0 C:\laundry\app\Views\transaksi.php(11): CodeIgniter\Debug\Exceptions->errorHandler(2, 'Invalid argumen...', 'C:\\laundry\\app\\...', 11, Array)
#1 C:\laundry\system\View\View.php(230): include('C:\\laundry\\app\\...')
#2 C:\laundry\system\View\View.php(232): CodeIgniter\View\View->CodeIgniter\View\{closure}()
#3 C:\laundry\system\Common.php(1271): CodeIgniter\View\View->render('transaksi', Array, true)
#4 C:\laundry\app\Controllers\Home.php(181): view('transaksi', Array)
#5 C:\laundry\system\CodeIgniter.php(928): App\Controllers\Home->transaksi()
#6 C:\laundry\system\CodeIgniter.php(436): CodeIgniter\CodeIgniter->runController(Object(App\Controllers\Home))
#7 C:\laundry\system\CodeIgniter.php(336): CodeIgniter\CodeIgniter->handleRequest(NULL, Object(Config\Cache), false)
#8 C:\laundry\public\index.php(37): CodeIgniter\CodeIgniter->run()
#9 C:\laundry\system\Commands\Server\rewrite.php(45): require_once('C:\\laundry\\publ...')
#10 {main}
CRITICAL - 2024-07-22 08:55:01 --> Invalid argument supplied for foreach()
#0 C:\laundry\app\Views\transaksi.php(11): CodeIgniter\Debug\Exceptions->errorHandler(2, 'Invalid argumen...', 'C:\\laundry\\app\\...', 11, Array)
#1 C:\laundry\system\View\View.php(230): include('C:\\laundry\\app\\...')
#2 C:\laundry\system\View\View.php(232): CodeIgniter\View\View->CodeIgniter\View\{closure}()
#3 C:\laundry\system\Common.php(1271): CodeIgniter\View\View->render('transaksi', Array, true)
#4 C:\laundry\app\Controllers\Home.php(181): view('transaksi', Array)
#5 C:\laundry\system\CodeIgniter.php(928): App\Controllers\Home->transaksi()
#6 C:\laundry\system\CodeIgniter.php(436): CodeIgniter\CodeIgniter->runController(Object(App\Controllers\Home))
#7 C:\laundry\system\CodeIgniter.php(336): CodeIgniter\CodeIgniter->handleRequest(NULL, Object(Config\Cache), false)
#8 C:\laundry\public\index.php(37): CodeIgniter\CodeIgniter->run()
#9 C:\laundry\system\Commands\Server\rewrite.php(45): require_once('C:\\laundry\\publ...')
#10 {main}
CRITICAL - 2024-07-22 08:55:01 --> Invalid argument supplied for foreach()
#0 C:\laundry\app\Views\transaksi.php(11): CodeIgniter\Debug\Exceptions->errorHandler(2, 'Invalid argumen...', 'C:\\laundry\\app\\...', 11, Array)
#1 C:\laundry\system\View\View.php(230): include('C:\\laundry\\app\\...')
#2 C:\laundry\system\View\View.php(232): CodeIgniter\View\View->CodeIgniter\View\{closure}()
#3 C:\laundry\system\Common.php(1271): CodeIgniter\View\View->render('transaksi', Array, true)
#4 C:\laundry\app\Controllers\Home.php(181): view('transaksi', Array)
#5 C:\laundry\system\CodeIgniter.php(928): App\Controllers\Home->transaksi()
#6 C:\laundry\system\CodeIgniter.php(436): CodeIgniter\CodeIgniter->runController(Object(App\Controllers\Home))
#7 C:\laundry\system\CodeIgniter.php(336): CodeIgniter\CodeIgniter->handleRequest(NULL, Object(Config\Cache), false)
#8 C:\laundry\public\index.php(37): CodeIgniter\CodeIgniter->run()
#9 C:\laundry\system\Commands\Server\rewrite.php(45): require_once('C:\\laundry\\publ...')
#10 {main}
CRITICAL - 2024-07-22 08:55:01 --> Invalid argument supplied for foreach()
#0 C:\laundry\app\Views\transaksi.php(11): CodeIgniter\Debug\Exceptions->errorHandler(2, 'Invalid argumen...', 'C:\\laundry\\app\\...', 11, Array)
#1 C:\laundry\system\View\View.php(230): include('C:\\laundry\\app\\...')
#2 C:\laundry\system\View\View.php(232): CodeIgniter\View\View->CodeIgniter\View\{closure}()
#3 C:\laundry\system\Common.php(1271): CodeIgniter\View\View->render('transaksi', Array, true)
#4 C:\laundry\app\Controllers\Home.php(181): view('transaksi', Array)
#5 C:\laundry\system\CodeIgniter.php(928): App\Controllers\Home->transaksi()
#6 C:\laundry\system\CodeIgniter.php(436): CodeIgniter\CodeIgniter->runController(Object(App\Controllers\Home))
#7 C:\laundry\system\CodeIgniter.php(336): CodeIgniter\CodeIgniter->handleRequest(NULL, Object(Config\Cache), false)
#8 C:\laundry\public\index.php(37): CodeIgniter\CodeIgniter->run()
#9 C:\laundry\system\Commands\Server\rewrite.php(45): require_once('C:\\laundry\\publ...')
#10 {main}
CRITICAL - 2024-07-22 08:55:02 --> Invalid argument supplied for foreach()
#0 C:\laundry\app\Views\transaksi.php(11): CodeIgniter\Debug\Exceptions->errorHandler(2, 'Invalid argumen...', 'C:\\laundry\\app\\...', 11, Array)
#1 C:\laundry\system\View\View.php(230): include('C:\\laundry\\app\\...')
#2 C:\laundry\system\View\View.php(232): CodeIgniter\View\View->CodeIgniter\View\{closure}()
#3 C:\laundry\system\Common.php(1271): CodeIgniter\View\View->render('transaksi', Array, true)
#4 C:\laundry\app\Controllers\Home.php(181): view('transaksi', Array)
#5 C:\laundry\system\CodeIgniter.php(928): App\Controllers\Home->transaksi()
#6 C:\laundry\system\CodeIgniter.php(436): CodeIgniter\CodeIgniter->runController(Object(App\Controllers\Home))
#7 C:\laundry\system\CodeIgniter.php(336): CodeIgniter\CodeIgniter->handleRequest(NULL, Object(Config\Cache), false)
#8 C:\laundry\public\index.php(37): CodeIgniter\CodeIgniter->run()
#9 C:\laundry\system\Commands\Server\rewrite.php(45): require_once('C:\\laundry\\publ...')
#10 {main}
CRITICAL - 2024-07-22 08:55:02 --> Invalid argument supplied for foreach()
#0 C:\laundry\app\Views\transaksi.php(11): CodeIgniter\Debug\Exceptions->errorHandler(2, 'Invalid argumen...', 'C:\\laundry\\app\\...', 11, Array)
#1 C:\laundry\system\View\View.php(230): include('C:\\laundry\\app\\...')
#2 C:\laundry\system\View\View.php(232): CodeIgniter\View\View->CodeIgniter\View\{closure}()
#3 C:\laundry\system\Common.php(1271): CodeIgniter\View\View->render('transaksi', Array, true)
#4 C:\laundry\app\Controllers\Home.php(181): view('transaksi', Array)
#5 C:\laundry\system\CodeIgniter.php(928): App\Controllers\Home->transaksi()
#6 C:\laundry\system\CodeIgniter.php(436): CodeIgniter\CodeIgniter->runController(Object(App\Controllers\Home))
#7 C:\laundry\system\CodeIgniter.php(336): CodeIgniter\CodeIgniter->handleRequest(NULL, Object(Config\Cache), false)
#8 C:\laundry\public\index.php(37): CodeIgniter\CodeIgniter->run()
#9 C:\laundry\system\Commands\Server\rewrite.php(45): require_once('C:\\laundry\\publ...')
#10 {main}
CRITICAL - 2024-07-22 09:02:21 --> Invalid argument supplied for foreach()
#0 C:\laundry\app\Views\transaksi.php(13): CodeIgniter\Debug\Exceptions->errorHandler(2, 'Invalid argumen...', 'C:\\laundry\\app\\...', 13, Array)
#1 C:\laundry\system\View\View.php(230): include('C:\\laundry\\app\\...')
#2 C:\laundry\system\View\View.php(232): CodeIgniter\View\View->CodeIgniter\View\{closure}()
#3 C:\laundry\system\Common.php(1271): CodeIgniter\View\View->render('transaksi', Array, true)
#4 C:\laundry\app\Controllers\Home.php(181): view('transaksi', Array)
#5 C:\laundry\system\CodeIgniter.php(928): App\Controllers\Home->transaksi()
#6 C:\laundry\system\CodeIgniter.php(436): CodeIgniter\CodeIgniter->runController(Object(App\Controllers\Home))
#7 C:\laundry\system\CodeIgniter.php(336): CodeIgniter\CodeIgniter->handleRequest(NULL, Object(Config\Cache), false)
#8 C:\laundry\public\index.php(37): CodeIgniter\CodeIgniter->run()
#9 C:\laundry\system\Commands\Server\rewrite.php(45): require_once('C:\\laundry\\publ...')
#10 {main}
CRITICAL - 2024-07-22 09:02:23 --> Invalid argument supplied for foreach()
#0 C:\laundry\app\Views\transaksi.php(13): CodeIgniter\Debug\Exceptions->errorHandler(2, 'Invalid argumen...', 'C:\\laundry\\app\\...', 13, Array)
#1 C:\laundry\system\View\View.php(230): include('C:\\laundry\\app\\...')
#2 C:\laundry\system\View\View.php(232): CodeIgniter\View\View->CodeIgniter\View\{closure}()
#3 C:\laundry\system\Common.php(1271): CodeIgniter\View\View->render('transaksi', Array, true)
#4 C:\laundry\app\Controllers\Home.php(181): view('transaksi', Array)
#5 C:\laundry\system\CodeIgniter.php(928): App\Controllers\Home->transaksi()
#6 C:\laundry\system\CodeIgniter.php(436): CodeIgniter\CodeIgniter->runController(Object(App\Controllers\Home))
#7 C:\laundry\system\CodeIgniter.php(336): CodeIgniter\CodeIgniter->handleRequest(NULL, Object(Config\Cache), false)
#8 C:\laundry\public\index.php(37): CodeIgniter\CodeIgniter->run()
#9 C:\laundry\system\Commands\Server\rewrite.php(45): require_once('C:\\laundry\\publ...')
#10 {main}
CRITICAL - 2024-07-22 09:18:09 --> Invalid argument supplied for foreach()
#0 C:\laundry\app\Views\transaksi.php(42): CodeIgniter\Debug\Exceptions->errorHandler(2, 'Invalid argumen...', 'C:\\laundry\\app\\...', 42, Array)
#1 C:\laundry\system\View\View.php(230): include('C:\\laundry\\app\\...')
#2 C:\laundry\system\View\View.php(232): CodeIgniter\View\View->CodeIgniter\View\{closure}()
#3 C:\laundry\system\Common.php(1271): CodeIgniter\View\View->render('transaksi', Array, true)
#4 C:\laundry\app\Controllers\Home.php(181): view('transaksi', Array)
#5 C:\laundry\system\CodeIgniter.php(928): App\Controllers\Home->transaksi()
#6 C:\laundry\system\CodeIgniter.php(436): CodeIgniter\CodeIgniter->runController(Object(App\Controllers\Home))
#7 C:\laundry\system\CodeIgniter.php(336): CodeIgniter\CodeIgniter->handleRequest(NULL, Object(Config\Cache), false)
#8 C:\laundry\public\index.php(37): CodeIgniter\CodeIgniter->run()
#9 C:\laundry\system\Commands\Server\rewrite.php(45): require_once('C:\\laundry\\publ...')
#10 {main}
CRITICAL - 2024-07-22 09:26:37 --> Invalid argument supplied for foreach()
#0 C:\laundry\app\Views\transaksi.php(183): CodeIgniter\Debug\Exceptions->errorHandler(2, 'Invalid argumen...', 'C:\\laundry\\app\\...', 183, Array)
#1 C:\laundry\system\View\View.php(230): include('C:\\laundry\\app\\...')
#2 C:\laundry\system\View\View.php(232): CodeIgniter\View\View->CodeIgniter\View\{closure}()
#3 C:\laundry\system\Common.php(1271): CodeIgniter\View\View->render('transaksi', Array, true)
#4 C:\laundry\app\Controllers\Home.php(181): view('transaksi', Array)
#5 C:\laundry\system\CodeIgniter.php(928): App\Controllers\Home->transaksi()
#6 C:\laundry\system\CodeIgniter.php(436): CodeIgniter\CodeIgniter->runController(Object(App\Controllers\Home))
#7 C:\laundry\system\CodeIgniter.php(336): CodeIgniter\CodeIgniter->handleRequest(NULL, Object(Config\Cache), false)
#8 C:\laundry\public\index.php(37): CodeIgniter\CodeIgniter->run()
#9 C:\laundry\system\Commands\Server\rewrite.php(45): require_once('C:\\laundry\\publ...')
#10 {main}
CRITICAL - 2024-07-22 09:26:38 --> Invalid argument supplied for foreach()
#0 C:\laundry\app\Views\transaksi.php(183): CodeIgniter\Debug\Exceptions->errorHandler(2, 'Invalid argumen...', 'C:\\laundry\\app\\...', 183, Array)
#1 C:\laundry\system\View\View.php(230): include('C:\\laundry\\app\\...')
#2 C:\laundry\system\View\View.php(232): CodeIgniter\View\View->CodeIgniter\View\{closure}()
#3 C:\laundry\system\Common.php(1271): CodeIgniter\View\View->render('transaksi', Array, true)
#4 C:\laundry\app\Controllers\Home.php(181): view('transaksi', Array)
#5 C:\laundry\system\CodeIgniter.php(928): App\Controllers\Home->transaksi()
#6 C:\laundry\system\CodeIgniter.php(436): CodeIgniter\CodeIgniter->runController(Object(App\Controllers\Home))
#7 C:\laundry\system\CodeIgniter.php(336): CodeIgniter\CodeIgniter->handleRequest(NULL, Object(Config\Cache), false)
#8 C:\laundry\public\index.php(37): CodeIgniter\CodeIgniter->run()
#9 C:\laundry\system\Commands\Server\rewrite.php(45): require_once('C:\\laundry\\publ...')
#10 {main}
CRITICAL - 2024-07-22 09:26:39 --> Invalid argument supplied for foreach()
#0 C:\laundry\app\Views\transaksi.php(183): CodeIgniter\Debug\Exceptions->errorHandler(2, 'Invalid argumen...', 'C:\\laundry\\app\\...', 183, Array)
#1 C:\laundry\system\View\View.php(230): include('C:\\laundry\\app\\...')
#2 C:\laundry\system\View\View.php(232): CodeIgniter\View\View->CodeIgniter\View\{closure}()
#3 C:\laundry\system\Common.php(1271): CodeIgniter\View\View->render('transaksi', Array, true)
#4 C:\laundry\app\Controllers\Home.php(181): view('transaksi', Array)
#5 C:\laundry\system\CodeIgniter.php(928): App\Controllers\Home->transaksi()
#6 C:\laundry\system\CodeIgniter.php(436): CodeIgniter\CodeIgniter->runController(Object(App\Controllers\Home))
#7 C:\laundry\system\CodeIgniter.php(336): CodeIgniter\CodeIgniter->handleRequest(NULL, Object(Config\Cache), false)
#8 C:\laundry\public\index.php(37): CodeIgniter\CodeIgniter->run()
#9 C:\laundry\system\Commands\Server\rewrite.php(45): require_once('C:\\laundry\\publ...')
#10 {main}
CRITICAL - 2024-07-22 09:33:27 --> Invalid argument supplied for foreach()
#0 C:\laundry\app\Views\transaksi.php(183): CodeIgniter\Debug\Exceptions->errorHandler(2, 'Invalid argumen...', 'C:\\laundry\\app\\...', 183, Array)
#1 C:\laundry\system\View\View.php(230): include('C:\\laundry\\app\\...')
#2 C:\laundry\system\View\View.php(232): CodeIgniter\View\View->CodeIgniter\View\{closure}()
#3 C:\laundry\system\Common.php(1271): CodeIgniter\View\View->render('transaksi', Array, true)
#4 C:\laundry\app\Controllers\Home.php(181): view('transaksi', Array)
#5 C:\laundry\system\CodeIgniter.php(928): App\Controllers\Home->transaksi()
#6 C:\laundry\system\CodeIgniter.php(436): CodeIgniter\CodeIgniter->runController(Object(App\Controllers\Home))
#7 C:\laundry\system\CodeIgniter.php(336): CodeIgniter\CodeIgniter->handleRequest(NULL, Object(Config\Cache), false)
#8 C:\laundry\public\index.php(37): CodeIgniter\CodeIgniter->run()
#9 C:\laundry\system\Commands\Server\rewrite.php(45): require_once('C:\\laundry\\publ...')
#10 {main}
CRITICAL - 2024-07-22 09:36:53 --> Invalid argument supplied for foreach()
#0 C:\laundry\app\Views\transaksi.php(183): CodeIgniter\Debug\Exceptions->errorHandler(2, 'Invalid argumen...', 'C:\\laundry\\app\\...', 183, Array)
#1 C:\laundry\system\View\View.php(230): include('C:\\laundry\\app\\...')
#2 C:\laundry\system\View\View.php(232): CodeIgniter\View\View->CodeIgniter\View\{closure}()
#3 C:\laundry\system\Common.php(1271): CodeIgniter\View\View->render('transaksi', Array, true)
#4 C:\laundry\app\Controllers\Home.php(181): view('transaksi', Array)
#5 C:\laundry\system\CodeIgniter.php(928): App\Controllers\Home->transaksi()
#6 C:\laundry\system\CodeIgniter.php(436): CodeIgniter\CodeIgniter->runController(Object(App\Controllers\Home))
#7 C:\laundry\system\CodeIgniter.php(336): CodeIgniter\CodeIgniter->handleRequest(NULL, Object(Config\Cache), false)
#8 C:\laundry\public\index.php(37): CodeIgniter\CodeIgniter->run()
#9 C:\laundry\system\Commands\Server\rewrite.php(45): require_once('C:\\laundry\\publ...')
#10 {main}
ERROR - 2024-07-22 09:38:17 --> Unknown column 'user.id_pemesanan' in 'on clause'
CRITICAL - 2024-07-22 09:38:17 --> Call to a member function getResult() on bool
#0 C:\laundry\app\Controllers\Home.php(179): App\Models\M_laundry->join('user', 'pemesanan', 'user.id_pemesan...')
#1 C:\laundry\system\CodeIgniter.php(928): App\Controllers\Home->transaksi()
#2 C:\laundry\system\CodeIgniter.php(436): CodeIgniter\CodeIgniter->runController(Object(App\Controllers\Home))
#3 C:\laundry\system\CodeIgniter.php(336): CodeIgniter\CodeIgniter->handleRequest(NULL, Object(Config\Cache), false)
#4 C:\laundry\public\index.php(37): CodeIgniter\CodeIgniter->run()
#5 C:\laundry\system\Commands\Server\rewrite.php(45): require_once('C:\\laundry\\publ...')
#6 {main}
ERROR - 2024-07-22 22:48:12 --> Unknown column 'user.id_pemesanan' in 'on clause'
CRITICAL - 2024-07-22 22:48:12 --> Call to a member function getResult() on bool
#0 C:\laundry\app\Controllers\Home.php(179): App\Models\M_laundry->join('user', 'pemesanan', 'user.id_pemesan...')
#1 C:\laundry\system\CodeIgniter.php(928): App\Controllers\Home->transaksi()
#2 C:\laundry\system\CodeIgniter.php(436): CodeIgniter\CodeIgniter->runController(Object(App\Controllers\Home))
#3 C:\laundry\system\CodeIgniter.php(336): CodeIgniter\CodeIgniter->handleRequest(NULL, Object(Config\Cache), false)
#4 C:\laundry\public\index.php(37): CodeIgniter\CodeIgniter->run()
#5 C:\laundry\system\Commands\Server\rewrite.php(45): require_once('C:\\laundry\\publ...')
#6 {main}
ERROR - 2024-07-22 22:48:15 --> Unknown column 'user.id_pemesanan' in 'on clause'
CRITICAL - 2024-07-22 22:48:15 --> Call to a member function getResult() on bool
#0 C:\laundry\app\Controllers\Home.php(179): App\Models\M_laundry->join('user', 'pemesanan', 'user.id_pemesan...')
#1 C:\laundry\system\CodeIgniter.php(928): App\Controllers\Home->transaksi()
#2 C:\laundry\system\CodeIgniter.php(436): CodeIgniter\CodeIgniter->runController(Object(App\Controllers\Home))
#3 C:\laundry\system\CodeIgniter.php(336): CodeIgniter\CodeIgniter->handleRequest(NULL, Object(Config\Cache), false)
#4 C:\laundry\public\index.php(37): CodeIgniter\CodeIgniter->run()
#5 C:\laundry\system\Commands\Server\rewrite.php(45): require_once('C:\\laundry\\publ...')
#6 {main}
ERROR - 2024-07-22 22:48:29 --> Unknown column 'user.id_pemesanan' in 'on clause'
CRITICAL - 2024-07-22 22:48:29 --> Call to a member function getResult() on bool
#0 C:\laundry\app\Controllers\Home.php(179): App\Models\M_laundry->join('user', 'pemesanan', 'user.id_pemesan...')
#1 C:\laundry\system\CodeIgniter.php(928): App\Controllers\Home->transaksi()
#2 C:\laundry\system\CodeIgniter.php(436): CodeIgniter\CodeIgniter->runController(Object(App\Controllers\Home))
#3 C:\laundry\system\CodeIgniter.php(336): CodeIgniter\CodeIgniter->handleRequest(NULL, Object(Config\Cache), false)
#4 C:\laundry\public\index.php(37): CodeIgniter\CodeIgniter->run()
#5 C:\laundry\system\Commands\Server\rewrite.php(45): require_once('C:\\laundry\\publ...')
#6 {main}
ERROR - 2024-07-22 22:52:02 --> Unknown column 'user.id_pemesanan' in 'on clause'
CRITICAL - 2024-07-22 22:52:02 --> Call to a member function getResult() on bool
#0 C:\laundry\app\Controllers\Home.php(179): App\Models\M_laundry->join('user', 'pemesanan', 'user.id_pemesan...')
#1 C:\laundry\system\CodeIgniter.php(928): App\Controllers\Home->transaksi()
#2 C:\laundry\system\CodeIgniter.php(436): CodeIgniter\CodeIgniter->runController(Object(App\Controllers\Home))
#3 C:\laundry\system\CodeIgniter.php(336): CodeIgniter\CodeIgniter->handleRequest(NULL, Object(Config\Cache), false)
#4 C:\laundry\public\index.php(37): CodeIgniter\CodeIgniter->run()
#5 C:\laundry\system\Commands\Server\rewrite.php(45): require_once('C:\\laundry\\publ...')
#6 {main}
ERROR - 2024-07-22 22:56:47 --> Table 'laundry.jenis_pakaian' doesn't exist
CRITICAL - 2024-07-22 22:56:47 --> Call to a member function getResult() on bool
#0 C:\laundry\app\Controllers\Home.php(251): App\Models\M_laundry->tampil('jenis_pakaian')
#1 C:\laundry\system\CodeIgniter.php(928): App\Controllers\Home->jenis_pakaian()
#2 C:\laundry\system\CodeIgniter.php(436): CodeIgniter\CodeIgniter->runController(Object(App\Controllers\Home))
#3 C:\laundry\system\CodeIgniter.php(336): CodeIgniter\CodeIgniter->handleRequest(NULL, Object(Config\Cache), false)
#4 C:\laundry\public\index.php(37): CodeIgniter\CodeIgniter->run()
#5 C:\laundry\system\Commands\Server\rewrite.php(45): require_once('C:\\laundry\\publ...')
#6 {main}
ERROR - 2024-07-22 22:56:47 --> Table 'laundry.jenis_pakaian' doesn't exist
CRITICAL - 2024-07-22 22:56:47 --> Call to a member function getResult() on bool
#0 C:\laundry\app\Controllers\Home.php(251): App\Models\M_laundry->tampil('jenis_pakaian')
#1 C:\laundry\system\CodeIgniter.php(928): App\Controllers\Home->jenis_pakaian()
#2 C:\laundry\system\CodeIgniter.php(436): CodeIgniter\CodeIgniter->runController(Object(App\Controllers\Home))
#3 C:\laundry\system\CodeIgniter.php(336): CodeIgniter\CodeIgniter->handleRequest(NULL, Object(Config\Cache), false)
#4 C:\laundry\public\index.php(37): CodeIgniter\CodeIgniter->run()
#5 C:\laundry\system\Commands\Server\rewrite.php(45): require_once('C:\\laundry\\publ...')
#6 {main}
ERROR - 2024-07-22 22:58:33 --> Table 'laundry.jenis_pakaian' doesn't exist
CRITICAL - 2024-07-22 22:58:33 --> Call to a member function getResult() on bool
#0 C:\laundry\app\Controllers\Home.php(251): App\Models\M_laundry->tampil('jenis_pakaian')
#1 C:\laundry\system\CodeIgniter.php(928): App\Controllers\Home->jenis_pakaian()
#2 C:\laundry\system\CodeIgniter.php(436): CodeIgniter\CodeIgniter->runController(Object(App\Controllers\Home))
#3 C:\laundry\system\CodeIgniter.php(336): CodeIgniter\CodeIgniter->handleRequest(NULL, Object(Config\Cache), false)
#4 C:\laundry\public\index.php(37): CodeIgniter\CodeIgniter->run()
#5 C:\laundry\system\Commands\Server\rewrite.php(45): require_once('C:\\laundry\\publ...')
#6 {main}
ERROR - 2024-07-22 22:58:35 --> Table 'laundry.jenis_pakaian' doesn't exist
CRITICAL - 2024-07-22 22:58:35 --> Call to a member function getResult() on bool
#0 C:\laundry\app\Controllers\Home.php(251): App\Models\M_laundry->tampil('jenis_pakaian')
#1 C:\laundry\system\CodeIgniter.php(928): App\Controllers\Home->jenis_pakaian()
#2 C:\laundry\system\CodeIgniter.php(436): CodeIgniter\CodeIgniter->runController(Object(App\Controllers\Home))
#3 C:\laundry\system\CodeIgniter.php(336): CodeIgniter\CodeIgniter->handleRequest(NULL, Object(Config\Cache), false)
#4 C:\laundry\public\index.php(37): CodeIgniter\CodeIgniter->run()
#5 C:\laundry\system\Commands\Server\rewrite.php(45): require_once('C:\\laundry\\publ...')
#6 {main}
CRITICAL - 2024-07-22 22:59:26 --> Invalid file: jenis_pelayanan.php
#0 C:\laundry\system\View\View.php(213): CodeIgniter\Exceptions\FrameworkException::forInvalidFile('jenis_pelayanan...')
#1 C:\laundry\system\Common.php(1271): CodeIgniter\View\View->render('jenis_pelayanan', Array, true)
#2 C:\laundry\app\Controllers\Home.php(265): view('jenis_pelayanan', Array)
#3 C:\laundry\system\CodeIgniter.php(928): App\Controllers\Home->jenis_layanan()
#4 C:\laundry\system\CodeIgniter.php(436): CodeIgniter\CodeIgniter->runController(Object(App\Controllers\Home))
#5 C:\laundry\system\CodeIgniter.php(336): CodeIgniter\CodeIgniter->handleRequest(NULL, Object(Config\Cache), false)
#6 C:\laundry\public\index.php(37): CodeIgniter\CodeIgniter->run()
#7 C:\laundry\system\Commands\Server\rewrite.php(45): require_once('C:\\laundry\\publ...')
#8 {main}
CRITICAL - 2024-07-22 22:59:26 --> Invalid file: jenis_pelayanan.php
#0 C:\laundry\system\View\View.php(213): CodeIgniter\Exceptions\FrameworkException::forInvalidFile('jenis_pelayanan...')
#1 C:\laundry\system\Common.php(1271): CodeIgniter\View\View->render('jenis_pelayanan', Array, true)
#2 C:\laundry\app\Controllers\Home.php(265): view('jenis_pelayanan', Array)
#3 C:\laundry\system\CodeIgniter.php(928): App\Controllers\Home->jenis_layanan()
#4 C:\laundry\system\CodeIgniter.php(436): CodeIgniter\CodeIgniter->runController(Object(App\Controllers\Home))
#5 C:\laundry\system\CodeIgniter.php(336): CodeIgniter\CodeIgniter->handleRequest(NULL, Object(Config\Cache), false)
#6 C:\laundry\public\index.php(37): CodeIgniter\CodeIgniter->run()
#7 C:\laundry\system\Commands\Server\rewrite.php(45): require_once('C:\\laundry\\publ...')
#8 {main}
CRITICAL - 2024-07-22 22:59:29 --> Invalid file: jenis_pelayanan.php
#0 C:\laundry\system\View\View.php(213): CodeIgniter\Exceptions\FrameworkException::forInvalidFile('jenis_pelayanan...')
#1 C:\laundry\system\Common.php(1271): CodeIgniter\View\View->render('jenis_pelayanan', Array, true)
#2 C:\laundry\app\Controllers\Home.php(265): view('jenis_pelayanan', Array)
#3 C:\laundry\system\CodeIgniter.php(928): App\Controllers\Home->jenis_layanan()
#4 C:\laundry\system\CodeIgniter.php(436): CodeIgniter\CodeIgniter->runController(Object(App\Controllers\Home))
#5 C:\laundry\system\CodeIgniter.php(336): CodeIgniter\CodeIgniter->handleRequest(NULL, Object(Config\Cache), false)
#6 C:\laundry\public\index.php(37): CodeIgniter\CodeIgniter->run()
#7 C:\laundry\system\Commands\Server\rewrite.php(45): require_once('C:\\laundry\\publ...')
#8 {main}
CRITICAL - 2024-07-22 22:59:30 --> Invalid file: jenis_pelayanan.php
#0 C:\laundry\system\View\View.php(213): CodeIgniter\Exceptions\FrameworkException::forInvalidFile('jenis_pelayanan...')
#1 C:\laundry\system\Common.php(1271): CodeIgniter\View\View->render('jenis_pelayanan', Array, true)
#2 C:\laundry\app\Controllers\Home.php(265): view('jenis_pelayanan', Array)
#3 C:\laundry\system\CodeIgniter.php(928): App\Controllers\Home->jenis_layanan()
#4 C:\laundry\system\CodeIgniter.php(436): CodeIgniter\CodeIgniter->runController(Object(App\Controllers\Home))
#5 C:\laundry\system\CodeIgniter.php(336): CodeIgniter\CodeIgniter->handleRequest(NULL, Object(Config\Cache), false)
#6 C:\laundry\public\index.php(37): CodeIgniter\CodeIgniter->run()
#7 C:\laundry\system\Commands\Server\rewrite.php(45): require_once('C:\\laundry\\publ...')
#8 {main}
CRITICAL - 2024-07-22 22:59:30 --> Invalid file: jenis_pelayanan.php
#0 C:\laundry\system\View\View.php(213): CodeIgniter\Exceptions\FrameworkException::forInvalidFile('jenis_pelayanan...')
#1 C:\laundry\system\Common.php(1271): CodeIgniter\View\View->render('jenis_pelayanan', Array, true)
#2 C:\laundry\app\Controllers\Home.php(265): view('jenis_pelayanan', Array)
#3 C:\laundry\system\CodeIgniter.php(928): App\Controllers\Home->jenis_layanan()
#4 C:\laundry\system\CodeIgniter.php(436): CodeIgniter\CodeIgniter->runController(Object(App\Controllers\Home))
#5 C:\laundry\system\CodeIgniter.php(336): CodeIgniter\CodeIgniter->handleRequest(NULL, Object(Config\Cache), false)
#6 C:\laundry\public\index.php(37): CodeIgniter\CodeIgniter->run()
#7 C:\laundry\system\Commands\Server\rewrite.php(45): require_once('C:\\laundry\\publ...')
#8 {main}
CRITICAL - 2024-07-22 23:11:32 --> Invalid argument supplied for foreach()
#0 C:\laundry\app\Views\t_pemesanan.php(20): CodeIgniter\Debug\Exceptions->errorHandler(2, 'Invalid argumen...', 'C:\\laundry\\app\\...', 20, Array)
#1 C:\laundry\system\View\View.php(230): include('C:\\laundry\\app\\...')
#2 C:\laundry\system\View\View.php(232): CodeIgniter\View\View->CodeIgniter\View\{closure}()
#3 C:\laundry\system\Common.php(1271): CodeIgniter\View\View->render('t_pemesanan', Array, true)
#4 C:\laundry\app\Controllers\Home.php(95): view('t_pemesanan', Array)
#5 C:\laundry\system\CodeIgniter.php(928): App\Controllers\Home->t_pemesanan()
#6 C:\laundry\system\CodeIgniter.php(436): CodeIgniter\CodeIgniter->runController(Object(App\Controllers\Home))
#7 C:\laundry\system\CodeIgniter.php(336): CodeIgniter\CodeIgniter->handleRequest(NULL, Object(Config\Cache), false)
#8 C:\laundry\public\index.php(37): CodeIgniter\CodeIgniter->run()
#9 C:\laundry\system\Commands\Server\rewrite.php(45): require_once('C:\\laundry\\publ...')
#10 {main}
CRITICAL - 2024-07-22 23:11:39 --> Invalid argument supplied for foreach()
#0 C:\laundry\app\Views\t_pemesanan.php(20): CodeIgniter\Debug\Exceptions->errorHandler(2, 'Invalid argumen...', 'C:\\laundry\\app\\...', 20, Array)
#1 C:\laundry\system\View\View.php(230): include('C:\\laundry\\app\\...')
#2 C:\laundry\system\View\View.php(232): CodeIgniter\View\View->CodeIgniter\View\{closure}()
#3 C:\laundry\system\Common.php(1271): CodeIgniter\View\View->render('t_pemesanan', Array, true)
#4 C:\laundry\app\Controllers\Home.php(95): view('t_pemesanan', Array)
#5 C:\laundry\system\CodeIgniter.php(928): App\Controllers\Home->t_pemesanan()
#6 C:\laundry\system\CodeIgniter.php(436): CodeIgniter\CodeIgniter->runController(Object(App\Controllers\Home))
#7 C:\laundry\system\CodeIgniter.php(336): CodeIgniter\CodeIgniter->handleRequest(NULL, Object(Config\Cache), false)
#8 C:\laundry\public\index.php(37): CodeIgniter\CodeIgniter->run()
#9 C:\laundry\system\Commands\Server\rewrite.php(45): require_once('C:\\laundry\\publ...')
#10 {main}
CRITICAL - 2024-07-22 23:16:25 --> Invalid argument supplied for foreach()
#0 C:\laundry\app\Views\pemesanan.php(23): CodeIgniter\Debug\Exceptions->errorHandler(2, 'Invalid argumen...', 'C:\\laundry\\app\\...', 23, Array)
#1 C:\laundry\system\View\View.php(230): include('C:\\laundry\\app\\...')
#2 C:\laundry\system\View\View.php(232): CodeIgniter\View\View->CodeIgniter\View\{closure}()
#3 C:\laundry\system\Common.php(1271): CodeIgniter\View\View->render('pemesanan', Array, true)
#4 C:\laundry\app\Controllers\Home.php(86): view('pemesanan', Array)
#5 C:\laundry\system\CodeIgniter.php(928): App\Controllers\Home->pemesanan()
#6 C:\laundry\system\CodeIgniter.php(436): CodeIgniter\CodeIgniter->runController(Object(App\Controllers\Home))
#7 C:\laundry\system\CodeIgniter.php(336): CodeIgniter\CodeIgniter->handleRequest(NULL, Object(Config\Cache), false)
#8 C:\laundry\public\index.php(37): CodeIgniter\CodeIgniter->run()
#9 C:\laundry\system\Commands\Server\rewrite.php(45): require_once('C:\\laundry\\publ...')
#10 {main}
CRITICAL - 2024-07-22 23:17:04 --> Invalid argument supplied for foreach()
#0 C:\laundry\app\Views\pemesanan.php(23): CodeIgniter\Debug\Exceptions->errorHandler(2, 'Invalid argumen...', 'C:\\laundry\\app\\...', 23, Array)
#1 C:\laundry\system\View\View.php(230): include('C:\\laundry\\app\\...')
#2 C:\laundry\system\View\View.php(232): CodeIgniter\View\View->CodeIgniter\View\{closure}()
#3 C:\laundry\system\Common.php(1271): CodeIgniter\View\View->render('pemesanan', Array, true)
#4 C:\laundry\app\Controllers\Home.php(86): view('pemesanan', Array)
#5 C:\laundry\system\CodeIgniter.php(928): App\Controllers\Home->pemesanan()
#6 C:\laundry\system\CodeIgniter.php(436): CodeIgniter\CodeIgniter->runController(Object(App\Controllers\Home))
#7 C:\laundry\system\CodeIgniter.php(336): CodeIgniter\CodeIgniter->handleRequest(NULL, Object(Config\Cache), false)
#8 C:\laundry\public\index.php(37): CodeIgniter\CodeIgniter->run()
#9 C:\laundry\system\Commands\Server\rewrite.php(45): require_once('C:\\laundry\\publ...')
#10 {main}
CRITICAL - 2024-07-22 23:17:05 --> Invalid argument supplied for foreach()
#0 C:\laundry\app\Views\pemesanan.php(23): CodeIgniter\Debug\Exceptions->errorHandler(2, 'Invalid argumen...', 'C:\\laundry\\app\\...', 23, Array)
#1 C:\laundry\system\View\View.php(230): include('C:\\laundry\\app\\...')
#2 C:\laundry\system\View\View.php(232): CodeIgniter\View\View->CodeIgniter\View\{closure}()
#3 C:\laundry\system\Common.php(1271): CodeIgniter\View\View->render('pemesanan', Array, true)
#4 C:\laundry\app\Controllers\Home.php(86): view('pemesanan', Array)
#5 C:\laundry\system\CodeIgniter.php(928): App\Controllers\Home->pemesanan()
#6 C:\laundry\system\CodeIgniter.php(436): CodeIgniter\CodeIgniter->runController(Object(App\Controllers\Home))
#7 C:\laundry\system\CodeIgniter.php(336): CodeIgniter\CodeIgniter->handleRequest(NULL, Object(Config\Cache), false)
#8 C:\laundry\public\index.php(37): CodeIgniter\CodeIgniter->run()
#9 C:\laundry\system\Commands\Server\rewrite.php(45): require_once('C:\\laundry\\publ...')
#10 {main}
CRITICAL - 2024-07-22 23:17:06 --> Invalid argument supplied for foreach()
#0 C:\laundry\app\Views\pemesanan.php(23): CodeIgniter\Debug\Exceptions->errorHandler(2, 'Invalid argumen...', 'C:\\laundry\\app\\...', 23, Array)
#1 C:\laundry\system\View\View.php(230): include('C:\\laundry\\app\\...')
#2 C:\laundry\system\View\View.php(232): CodeIgniter\View\View->CodeIgniter\View\{closure}()
#3 C:\laundry\system\Common.php(1271): CodeIgniter\View\View->render('pemesanan', Array, true)
#4 C:\laundry\app\Controllers\Home.php(86): view('pemesanan', Array)
#5 C:\laundry\system\CodeIgniter.php(928): App\Controllers\Home->pemesanan()
#6 C:\laundry\system\CodeIgniter.php(436): CodeIgniter\CodeIgniter->runController(Object(App\Controllers\Home))
#7 C:\laundry\system\CodeIgniter.php(336): CodeIgniter\CodeIgniter->handleRequest(NULL, Object(Config\Cache), false)
#8 C:\laundry\public\index.php(37): CodeIgniter\CodeIgniter->run()
#9 C:\laundry\system\Commands\Server\rewrite.php(45): require_once('C:\\laundry\\publ...')
#10 {main}
ERROR - 2024-07-22 23:17:10 --> Unknown column 'user.id_pemesanan' in 'on clause'
CRITICAL - 2024-07-22 23:17:10 --> Call to a member function getResult() on bool
#0 C:\laundry\app\Controllers\Home.php(182): App\Models\M_laundry->join('user', 'pemesanan', 'user.id_pemesan...')
#1 C:\laundry\system\CodeIgniter.php(928): App\Controllers\Home->transaksi()
#2 C:\laundry\system\CodeIgniter.php(436): CodeIgniter\CodeIgniter->runController(Object(App\Controllers\Home))
#3 C:\laundry\system\CodeIgniter.php(336): CodeIgniter\CodeIgniter->handleRequest(NULL, Object(Config\Cache), false)
#4 C:\laundry\public\index.php(37): CodeIgniter\CodeIgniter->run()
#5 C:\laundry\system\Commands\Server\rewrite.php(45): require_once('C:\\laundry\\publ...')
#6 {main}
CRITICAL - 2024-07-22 23:17:15 --> Invalid argument supplied for foreach()
#0 C:\laundry\app\Views\pemesanan.php(23): CodeIgniter\Debug\Exceptions->errorHandler(2, 'Invalid argumen...', 'C:\\laundry\\app\\...', 23, Array)
#1 C:\laundry\system\View\View.php(230): include('C:\\laundry\\app\\...')
#2 C:\laundry\system\View\View.php(232): CodeIgniter\View\View->CodeIgniter\View\{closure}()
#3 C:\laundry\system\Common.php(1271): CodeIgniter\View\View->render('pemesanan', Array, true)
#4 C:\laundry\app\Controllers\Home.php(86): view('pemesanan', Array)
#5 C:\laundry\system\CodeIgniter.php(928): App\Controllers\Home->pemesanan()
#6 C:\laundry\system\CodeIgniter.php(436): CodeIgniter\CodeIgniter->runController(Object(App\Controllers\Home))
#7 C:\laundry\system\CodeIgniter.php(336): CodeIgniter\CodeIgniter->handleRequest(NULL, Object(Config\Cache), false)
#8 C:\laundry\public\index.php(37): CodeIgniter\CodeIgniter->run()
#9 C:\laundry\system\Commands\Server\rewrite.php(45): require_once('C:\\laundry\\publ...')
#10 {main}
CRITICAL - 2024-07-22 23:19:08 --> Invalid argument supplied for foreach()
#0 C:\laundry\app\Views\pemesanan.php(23): CodeIgniter\Debug\Exceptions->errorHandler(2, 'Invalid argumen...', 'C:\\laundry\\app\\...', 23, Array)
#1 C:\laundry\system\View\View.php(230): include('C:\\laundry\\app\\...')
#2 C:\laundry\system\View\View.php(232): CodeIgniter\View\View->CodeIgniter\View\{closure}()
#3 C:\laundry\system\Common.php(1271): CodeIgniter\View\View->render('pemesanan', Array, true)
#4 C:\laundry\app\Controllers\Home.php(86): view('pemesanan', Array)
#5 C:\laundry\system\CodeIgniter.php(928): App\Controllers\Home->pemesanan()
#6 C:\laundry\system\CodeIgniter.php(436): CodeIgniter\CodeIgniter->runController(Object(App\Controllers\Home))
#7 C:\laundry\system\CodeIgniter.php(336): CodeIgniter\CodeIgniter->handleRequest(NULL, Object(Config\Cache), false)
#8 C:\laundry\public\index.php(37): CodeIgniter\CodeIgniter->run()
#9 C:\laundry\system\Commands\Server\rewrite.php(45): require_once('C:\\laundry\\publ...')
#10 {main}
CRITICAL - 2024-07-22 23:19:37 --> Invalid argument supplied for foreach()
#0 C:\laundry\app\Views\pemesanan.php(23): CodeIgniter\Debug\Exceptions->errorHandler(2, 'Invalid argumen...', 'C:\\laundry\\app\\...', 23, Array)
#1 C:\laundry\system\View\View.php(230): include('C:\\laundry\\app\\...')
#2 C:\laundry\system\View\View.php(232): CodeIgniter\View\View->CodeIgniter\View\{closure}()
#3 C:\laundry\system\Common.php(1271): CodeIgniter\View\View->render('pemesanan', Array, true)
#4 C:\laundry\app\Controllers\Home.php(86): view('pemesanan', Array)
#5 C:\laundry\system\CodeIgniter.php(928): App\Controllers\Home->pemesanan()
#6 C:\laundry\system\CodeIgniter.php(436): CodeIgniter\CodeIgniter->runController(Object(App\Controllers\Home))
#7 C:\laundry\system\CodeIgniter.php(336): CodeIgniter\CodeIgniter->handleRequest(NULL, Object(Config\Cache), false)
#8 C:\laundry\public\index.php(37): CodeIgniter\CodeIgniter->run()
#9 C:\laundry\system\Commands\Server\rewrite.php(45): require_once('C:\\laundry\\publ...')
#10 {main}
CRITICAL - 2024-07-22 23:19:38 --> Invalid argument supplied for foreach()
#0 C:\laundry\app\Views\pemesanan.php(23): CodeIgniter\Debug\Exceptions->errorHandler(2, 'Invalid argumen...', 'C:\\laundry\\app\\...', 23, Array)
#1 C:\laundry\system\View\View.php(230): include('C:\\laundry\\app\\...')
#2 C:\laundry\system\View\View.php(232): CodeIgniter\View\View->CodeIgniter\View\{closure}()
#3 C:\laundry\system\Common.php(1271): CodeIgniter\View\View->render('pemesanan', Array, true)
#4 C:\laundry\app\Controllers\Home.php(86): view('pemesanan', Array)
#5 C:\laundry\system\CodeIgniter.php(928): App\Controllers\Home->pemesanan()
#6 C:\laundry\system\CodeIgniter.php(436): CodeIgniter\CodeIgniter->runController(Object(App\Controllers\Home))
#7 C:\laundry\system\CodeIgniter.php(336): CodeIgniter\CodeIgniter->handleRequest(NULL, Object(Config\Cache), false)
#8 C:\laundry\public\index.php(37): CodeIgniter\CodeIgniter->run()
#9 C:\laundry\system\Commands\Server\rewrite.php(45): require_once('C:\\laundry\\publ...')
#10 {main}
