ERROR - 2024-08-07 10:49:29 --> Table 'laundry.jpakaian' doesn't exist
CRITICAL - 2024-08-07 10:49:29 --> Call to a member function getResult() on bool
#0 C:\laundry\app\Controllers\Home.php(289): App\Models\M_laundry->join4tblOrderBy('pemesanan', 'user', 'jpakaian', 'jpelayanan', 'pemesanan.id_us...', 'pemesanan.id_jp...', 'pemesanan.id_jp...', 'kode_pemesanan', 'DESC')
#1 C:\laundry\system\CodeIgniter.php(928): App\Controllers\Home->pemesanan_karyawan()
#2 C:\laundry\system\CodeIgniter.php(436): CodeIgniter\CodeIgniter->runController(Object(App\Controllers\Home))
#3 C:\laundry\system\CodeIgniter.php(336): CodeIgniter\CodeIgniter->handleRequest(NULL, Object(Config\Cache), false)
#4 C:\laundry\public\index.php(37): CodeIgniter\CodeIgniter->run()
#5 C:\laundry\system\Commands\Server\rewrite.php(45): require_once('C:\\laundry\\publ...')
#6 {main}
ERROR - 2024-08-07 10:49:34 --> Table 'laundry.jpakaian' doesn't exist
CRITICAL - 2024-08-07 10:49:34 --> Call to a member function getResult() on bool
#0 C:\laundry\app\Controllers\Home.php(1328): App\Models\M_laundry->tampil('jpakaian')
#1 C:\laundry\system\CodeIgniter.php(928): App\Controllers\Home->jenis_paket()
#2 C:\laundry\system\CodeIgniter.php(436): CodeIgniter\CodeIgniter->runController(Object(App\Controllers\Home))
#3 C:\laundry\system\CodeIgniter.php(336): CodeIgniter\CodeIgniter->handleRequest(NULL, Object(Config\Cache), false)
#4 C:\laundry\public\index.php(37): CodeIgniter\CodeIgniter->run()
#5 C:\laundry\system\Commands\Server\rewrite.php(45): require_once('C:\\laundry\\publ...')
#6 {main}
ERROR - 2024-08-07 10:49:39 --> Table 'laundry.jpakaian' doesn't exist
CRITICAL - 2024-08-07 10:49:39 --> Call to a member function getResult() on bool
#0 C:\laundry\app\Controllers\Home.php(1328): App\Models\M_laundry->tampil('jpakaian')
#1 C:\laundry\system\CodeIgniter.php(928): App\Controllers\Home->jenis_paket()
#2 C:\laundry\system\CodeIgniter.php(436): CodeIgniter\CodeIgniter->runController(Object(App\Controllers\Home))
#3 C:\laundry\system\CodeIgniter.php(336): CodeIgniter\CodeIgniter->handleRequest(NULL, Object(Config\Cache), false)
#4 C:\laundry\public\index.php(37): CodeIgniter\CodeIgniter->run()
#5 C:\laundry\system\Commands\Server\rewrite.php(45): require_once('C:\\laundry\\publ...')
#6 {main}
ERROR - 2024-08-07 10:49:41 --> Table 'laundry.jpakaian' doesn't exist
CRITICAL - 2024-08-07 10:49:41 --> Call to a member function getResult() on bool
#0 C:\laundry\app\Controllers\Home.php(1328): App\Models\M_laundry->tampil('jpakaian')
#1 C:\laundry\system\CodeIgniter.php(928): App\Controllers\Home->jenis_paket()
#2 C:\laundry\system\CodeIgniter.php(436): CodeIgniter\CodeIgniter->runController(Object(App\Controllers\Home))
#3 C:\laundry\system\CodeIgniter.php(336): CodeIgniter\CodeIgniter->handleRequest(NULL, Object(Config\Cache), false)
#4 C:\laundry\public\index.php(37): CodeIgniter\CodeIgniter->run()
#5 C:\laundry\system\Commands\Server\rewrite.php(45): require_once('C:\\laundry\\publ...')
#6 {main}
ERROR - 2024-08-07 11:13:44 --> Unknown column 'tanggal' in 'field list'
ERROR - 2024-08-07 11:15:07 --> Unknown column 'tanggal' in 'field list'
