CRITICAL - 2024-07-26 06:59:38 --> Invalid argument supplied for foreach()
#0 C:\laundry\app\Views\detail_karyawan.php(74): CodeIgniter\Debug\Exceptions->errorHandler(2, 'Invalid argumen...', 'C:\\laundry\\app\\...', 74, Array)
#1 C:\laundry\system\View\View.php(230): include('C:\\laundry\\app\\...')
#2 C:\laundry\system\View\View.php(232): CodeIgniter\View\View->CodeIgniter\View\{closure}()
#3 C:\laundry\system\Common.php(1271): CodeIgniter\View\View->render('detail_karyawan', Array, true)
#4 C:\laundry\app\Controllers\Home.php(243): view('detail_karyawan', Array)
#5 C:\laundry\system\CodeIgniter.php(928): App\Controllers\Home->detail_karyawan('6')
#6 C:\laundry\system\CodeIgniter.php(436): CodeIgniter\CodeIgniter->runController(Object(App\Controllers\Home))
#7 C:\laundry\system\CodeIgniter.php(336): CodeIgniter\CodeIgniter->handleRequest(NULL, Object(Config\Cache), false)
#8 C:\laundry\public\index.php(37): CodeIgniter\CodeIgniter->run()
#9 C:\laundry\system\Commands\Server\rewrite.php(45): require_once('C:\\laundry\\publ...')
#10 {main}
CRITICAL - 2024-07-26 06:59:39 --> Invalid argument supplied for foreach()
#0 C:\laundry\app\Views\detail_karyawan.php(74): CodeIgniter\Debug\Exceptions->errorHandler(2, 'Invalid argumen...', 'C:\\laundry\\app\\...', 74, Array)
#1 C:\laundry\system\View\View.php(230): include('C:\\laundry\\app\\...')
#2 C:\laundry\system\View\View.php(232): CodeIgniter\View\View->CodeIgniter\View\{closure}()
#3 C:\laundry\system\Common.php(1271): CodeIgniter\View\View->render('detail_karyawan', Array, true)
#4 C:\laundry\app\Controllers\Home.php(243): view('detail_karyawan', Array)
#5 C:\laundry\system\CodeIgniter.php(928): App\Controllers\Home->detail_karyawan('images', 'faces', 'face4.jpg')
#6 C:\laundry\system\CodeIgniter.php(436): CodeIgniter\CodeIgniter->runController(Object(App\Controllers\Home))
#7 C:\laundry\system\CodeIgniter.php(336): CodeIgniter\CodeIgniter->handleRequest(NULL, Object(Config\Cache), false)
#8 C:\laundry\public\index.php(37): CodeIgniter\CodeIgniter->run()
#9 C:\laundry\system\Commands\Server\rewrite.php(45): require_once('C:\\laundry\\publ...')
#10 {main}
CRITICAL - 2024-07-26 06:59:39 --> Invalid argument supplied for foreach()
#0 C:\laundry\app\Views\detail_karyawan.php(74): CodeIgniter\Debug\Exceptions->errorHandler(2, 'Invalid argumen...', 'C:\\laundry\\app\\...', 74, Array)
#1 C:\laundry\system\View\View.php(230): include('C:\\laundry\\app\\...')
#2 C:\laundry\system\View\View.php(232): CodeIgniter\View\View->CodeIgniter\View\{closure}()
#3 C:\laundry\system\Common.php(1271): CodeIgniter\View\View->render('detail_karyawan', Array, true)
#4 C:\laundry\app\Controllers\Home.php(243): view('detail_karyawan', Array)
#5 C:\laundry\system\CodeIgniter.php(928): App\Controllers\Home->detail_karyawan('images', 'faces', 'face2.jpg')
#6 C:\laundry\system\CodeIgniter.php(436): CodeIgniter\CodeIgniter->runController(Object(App\Controllers\Home))
#7 C:\laundry\system\CodeIgniter.php(336): CodeIgniter\CodeIgniter->handleRequest(NULL, Object(Config\Cache), false)
#8 C:\laundry\public\index.php(37): CodeIgniter\CodeIgniter->run()
#9 C:\laundry\system\Commands\Server\rewrite.php(45): require_once('C:\\laundry\\publ...')
#10 {main}
CRITICAL - 2024-07-26 06:59:39 --> Invalid argument supplied for foreach()
#0 C:\laundry\app\Views\detail_karyawan.php(74): CodeIgniter\Debug\Exceptions->errorHandler(2, 'Invalid argumen...', 'C:\\laundry\\app\\...', 74, Array)
#1 C:\laundry\system\View\View.php(230): include('C:\\laundry\\app\\...')
#2 C:\laundry\system\View\View.php(232): CodeIgniter\View\View->CodeIgniter\View\{closure}()
#3 C:\laundry\system\Common.php(1271): CodeIgniter\View\View->render('detail_karyawan', Array, true)
#4 C:\laundry\app\Controllers\Home.php(243): view('detail_karyawan', Array)
#5 C:\laundry\system\CodeIgniter.php(928): App\Controllers\Home->detail_karyawan('images', 'faces', 'face3.jpg')
#6 C:\laundry\system\CodeIgniter.php(436): CodeIgniter\CodeIgniter->runController(Object(App\Controllers\Home))
#7 C:\laundry\system\CodeIgniter.php(336): CodeIgniter\CodeIgniter->handleRequest(NULL, Object(Config\Cache), false)
#8 C:\laundry\public\index.php(37): CodeIgniter\CodeIgniter->run()
#9 C:\laundry\system\Commands\Server\rewrite.php(45): require_once('C:\\laundry\\publ...')
#10 {main}
CRITICAL - 2024-07-26 06:59:39 --> Invalid argument supplied for foreach()
#0 C:\laundry\app\Views\detail_karyawan.php(74): CodeIgniter\Debug\Exceptions->errorHandler(2, 'Invalid argumen...', 'C:\\laundry\\app\\...', 74, Array)
#1 C:\laundry\system\View\View.php(230): include('C:\\laundry\\app\\...')
#2 C:\laundry\system\View\View.php(232): CodeIgniter\View\View->CodeIgniter\View\{closure}()
#3 C:\laundry\system\Common.php(1271): CodeIgniter\View\View->render('detail_karyawan', Array, true)
#4 C:\laundry\app\Controllers\Home.php(243): view('detail_karyawan', Array)
#5 C:\laundry\system\CodeIgniter.php(928): App\Controllers\Home->detail_karyawan('images', 'faces', 'face1.jpg')
#6 C:\laundry\system\CodeIgniter.php(436): CodeIgniter\CodeIgniter->runController(Object(App\Controllers\Home))
#7 C:\laundry\system\CodeIgniter.php(336): CodeIgniter\CodeIgniter->handleRequest(NULL, Object(Config\Cache), false)
#8 C:\laundry\public\index.php(37): CodeIgniter\CodeIgniter->run()
#9 C:\laundry\system\Commands\Server\rewrite.php(45): require_once('C:\\laundry\\publ...')
#10 {main}
CRITICAL - 2024-07-26 06:59:39 --> Invalid argument supplied for foreach()
#0 C:\laundry\app\Views\detail_karyawan.php(74): CodeIgniter\Debug\Exceptions->errorHandler(2, 'Invalid argumen...', 'C:\\laundry\\app\\...', 74, Array)
#1 C:\laundry\system\View\View.php(230): include('C:\\laundry\\app\\...')
#2 C:\laundry\system\View\View.php(232): CodeIgniter\View\View->CodeIgniter\View\{closure}()
#3 C:\laundry\system\Common.php(1271): CodeIgniter\View\View->render('detail_karyawan', Array, true)
#4 C:\laundry\app\Controllers\Home.php(243): view('detail_karyawan', Array)
#5 C:\laundry\system\CodeIgniter.php(928): App\Controllers\Home->detail_karyawan('images', 'faces', 'face5.jpg')
#6 C:\laundry\system\CodeIgniter.php(436): CodeIgniter\CodeIgniter->runController(Object(App\Controllers\Home))
#7 C:\laundry\system\CodeIgniter.php(336): CodeIgniter\CodeIgniter->handleRequest(NULL, Object(Config\Cache), false)
#8 C:\laundry\public\index.php(37): CodeIgniter\CodeIgniter->run()
#9 C:\laundry\system\Commands\Server\rewrite.php(45): require_once('C:\\laundry\\publ...')
#10 {main}
CRITICAL - 2024-07-26 06:59:39 --> Invalid argument supplied for foreach()
#0 C:\laundry\app\Views\detail_karyawan.php(74): CodeIgniter\Debug\Exceptions->errorHandler(2, 'Invalid argumen...', 'C:\\laundry\\app\\...', 74, Array)
#1 C:\laundry\system\View\View.php(230): include('C:\\laundry\\app\\...')
#2 C:\laundry\system\View\View.php(232): CodeIgniter\View\View->CodeIgniter\View\{closure}()
#3 C:\laundry\system\Common.php(1271): CodeIgniter\View\View->render('detail_karyawan', Array, true)
#4 C:\laundry\app\Controllers\Home.php(243): view('detail_karyawan', Array)
#5 C:\laundry\system\CodeIgniter.php(928): App\Controllers\Home->detail_karyawan('images', 'faces', 'face6.jpg')
#6 C:\laundry\system\CodeIgniter.php(436): CodeIgniter\CodeIgniter->runController(Object(App\Controllers\Home))
#7 C:\laundry\system\CodeIgniter.php(336): CodeIgniter\CodeIgniter->handleRequest(NULL, Object(Config\Cache), false)
#8 C:\laundry\public\index.php(37): CodeIgniter\CodeIgniter->run()
#9 C:\laundry\system\Commands\Server\rewrite.php(45): require_once('C:\\laundry\\publ...')
#10 {main}
CRITICAL - 2024-07-26 06:59:39 --> Invalid argument supplied for foreach()
#0 C:\laundry\app\Views\detail_karyawan.php(74): CodeIgniter\Debug\Exceptions->errorHandler(2, 'Invalid argumen...', 'C:\\laundry\\app\\...', 74, Array)
#1 C:\laundry\system\View\View.php(230): include('C:\\laundry\\app\\...')
#2 C:\laundry\system\View\View.php(232): CodeIgniter\View\View->CodeIgniter\View\{closure}()
#3 C:\laundry\system\Common.php(1271): CodeIgniter\View\View->render('detail_karyawan', Array, true)
#4 C:\laundry\app\Controllers\Home.php(243): view('detail_karyawan', Array)
#5 C:\laundry\system\CodeIgniter.php(928): App\Controllers\Home->detail_karyawan('images', 'faces', 'face2.jpg')
#6 C:\laundry\system\CodeIgniter.php(436): CodeIgniter\CodeIgniter->runController(Object(App\Controllers\Home))
#7 C:\laundry\system\CodeIgniter.php(336): CodeIgniter\CodeIgniter->handleRequest(NULL, Object(Config\Cache), false)
#8 C:\laundry\public\index.php(37): CodeIgniter\CodeIgniter->run()
#9 C:\laundry\system\Commands\Server\rewrite.php(45): require_once('C:\\laundry\\publ...')
#10 {main}
CRITICAL - 2024-07-26 06:59:39 --> Invalid argument supplied for foreach()
#0 C:\laundry\app\Views\detail_karyawan.php(74): CodeIgniter\Debug\Exceptions->errorHandler(2, 'Invalid argumen...', 'C:\\laundry\\app\\...', 74, Array)
#1 C:\laundry\system\View\View.php(230): include('C:\\laundry\\app\\...')
#2 C:\laundry\system\View\View.php(232): CodeIgniter\View\View->CodeIgniter\View\{closure}()
#3 C:\laundry\system\Common.php(1271): CodeIgniter\View\View->render('detail_karyawan', Array, true)
#4 C:\laundry\app\Controllers\Home.php(243): view('detail_karyawan', Array)
#5 C:\laundry\system\CodeIgniter.php(928): App\Controllers\Home->detail_karyawan('images', 'faces', 'face3.jpg')
#6 C:\laundry\system\CodeIgniter.php(436): CodeIgniter\CodeIgniter->runController(Object(App\Controllers\Home))
#7 C:\laundry\system\CodeIgniter.php(336): CodeIgniter\CodeIgniter->handleRequest(NULL, Object(Config\Cache), false)
#8 C:\laundry\public\index.php(37): CodeIgniter\CodeIgniter->run()
#9 C:\laundry\system\Commands\Server\rewrite.php(45): require_once('C:\\laundry\\publ...')
#10 {main}
CRITICAL - 2024-07-26 06:59:39 --> Invalid argument supplied for foreach()
#0 C:\laundry\app\Views\detail_karyawan.php(74): CodeIgniter\Debug\Exceptions->errorHandler(2, 'Invalid argumen...', 'C:\\laundry\\app\\...', 74, Array)
#1 C:\laundry\system\View\View.php(230): include('C:\\laundry\\app\\...')
#2 C:\laundry\system\View\View.php(232): CodeIgniter\View\View->CodeIgniter\View\{closure}()
#3 C:\laundry\system\Common.php(1271): CodeIgniter\View\View->render('detail_karyawan', Array, true)
#4 C:\laundry\app\Controllers\Home.php(243): view('detail_karyawan', Array)
#5 C:\laundry\system\CodeIgniter.php(928): App\Controllers\Home->detail_karyawan('images', 'faces', 'face4.jpg')
#6 C:\laundry\system\CodeIgniter.php(436): CodeIgniter\CodeIgniter->runController(Object(App\Controllers\Home))
#7 C:\laundry\system\CodeIgniter.php(336): CodeIgniter\CodeIgniter->handleRequest(NULL, Object(Config\Cache), false)
#8 C:\laundry\public\index.php(37): CodeIgniter\CodeIgniter->run()
#9 C:\laundry\system\Commands\Server\rewrite.php(45): require_once('C:\\laundry\\publ...')
#10 {main}
CRITICAL - 2024-07-26 07:09:57 --> Invalid argument supplied for foreach()
#0 C:\laundry\app\Views\detail_karyawan.php(80): CodeIgniter\Debug\Exceptions->errorHandler(2, 'Invalid argumen...', 'C:\\laundry\\app\\...', 80, Array)
#1 C:\laundry\system\View\View.php(230): include('C:\\laundry\\app\\...')
#2 C:\laundry\system\View\View.php(232): CodeIgniter\View\View->CodeIgniter\View\{closure}()
#3 C:\laundry\system\Common.php(1271): CodeIgniter\View\View->render('detail_karyawan', Array, true)
#4 C:\laundry\app\Controllers\Home.php(243): view('detail_karyawan', Array)
#5 C:\laundry\system\CodeIgniter.php(928): App\Controllers\Home->detail_karyawan('6')
#6 C:\laundry\system\CodeIgniter.php(436): CodeIgniter\CodeIgniter->runController(Object(App\Controllers\Home))
#7 C:\laundry\system\CodeIgniter.php(336): CodeIgniter\CodeIgniter->handleRequest(NULL, Object(Config\Cache), false)
#8 C:\laundry\public\index.php(37): CodeIgniter\CodeIgniter->run()
#9 C:\laundry\system\Commands\Server\rewrite.php(45): require_once('C:\\laundry\\publ...')
#10 {main}
CRITICAL - 2024-07-26 07:09:57 --> Invalid argument supplied for foreach()
#0 C:\laundry\app\Views\detail_karyawan.php(80): CodeIgniter\Debug\Exceptions->errorHandler(2, 'Invalid argumen...', 'C:\\laundry\\app\\...', 80, Array)
#1 C:\laundry\system\View\View.php(230): include('C:\\laundry\\app\\...')
#2 C:\laundry\system\View\View.php(232): CodeIgniter\View\View->CodeIgniter\View\{closure}()
#3 C:\laundry\system\Common.php(1271): CodeIgniter\View\View->render('detail_karyawan', Array, true)
#4 C:\laundry\app\Controllers\Home.php(243): view('detail_karyawan', Array)
#5 C:\laundry\system\CodeIgniter.php(928): App\Controllers\Home->detail_karyawan('images', 'faces', 'face4.jpg')
#6 C:\laundry\system\CodeIgniter.php(436): CodeIgniter\CodeIgniter->runController(Object(App\Controllers\Home))
#7 C:\laundry\system\CodeIgniter.php(336): CodeIgniter\CodeIgniter->handleRequest(NULL, Object(Config\Cache), false)
#8 C:\laundry\public\index.php(37): CodeIgniter\CodeIgniter->run()
#9 C:\laundry\system\Commands\Server\rewrite.php(45): require_once('C:\\laundry\\publ...')
#10 {main}
CRITICAL - 2024-07-26 07:09:57 --> Invalid argument supplied for foreach()
#0 C:\laundry\app\Views\detail_karyawan.php(80): CodeIgniter\Debug\Exceptions->errorHandler(2, 'Invalid argumen...', 'C:\\laundry\\app\\...', 80, Array)
#1 C:\laundry\system\View\View.php(230): include('C:\\laundry\\app\\...')
#2 C:\laundry\system\View\View.php(232): CodeIgniter\View\View->CodeIgniter\View\{closure}()
#3 C:\laundry\system\Common.php(1271): CodeIgniter\View\View->render('detail_karyawan', Array, true)
#4 C:\laundry\app\Controllers\Home.php(243): view('detail_karyawan', Array)
#5 C:\laundry\system\CodeIgniter.php(928): App\Controllers\Home->detail_karyawan('images', 'faces', 'face2.jpg')
#6 C:\laundry\system\CodeIgniter.php(436): CodeIgniter\CodeIgniter->runController(Object(App\Controllers\Home))
#7 C:\laundry\system\CodeIgniter.php(336): CodeIgniter\CodeIgniter->handleRequest(NULL, Object(Config\Cache), false)
#8 C:\laundry\public\index.php(37): CodeIgniter\CodeIgniter->run()
#9 C:\laundry\system\Commands\Server\rewrite.php(45): require_once('C:\\laundry\\publ...')
#10 {main}
CRITICAL - 2024-07-26 07:09:57 --> Invalid argument supplied for foreach()
#0 C:\laundry\app\Views\detail_karyawan.php(80): CodeIgniter\Debug\Exceptions->errorHandler(2, 'Invalid argumen...', 'C:\\laundry\\app\\...', 80, Array)
#1 C:\laundry\system\View\View.php(230): include('C:\\laundry\\app\\...')
#2 C:\laundry\system\View\View.php(232): CodeIgniter\View\View->CodeIgniter\View\{closure}()
#3 C:\laundry\system\Common.php(1271): CodeIgniter\View\View->render('detail_karyawan', Array, true)
#4 C:\laundry\app\Controllers\Home.php(243): view('detail_karyawan', Array)
#5 C:\laundry\system\CodeIgniter.php(928): App\Controllers\Home->detail_karyawan('images', 'faces', 'face3.jpg')
#6 C:\laundry\system\CodeIgniter.php(436): CodeIgniter\CodeIgniter->runController(Object(App\Controllers\Home))
#7 C:\laundry\system\CodeIgniter.php(336): CodeIgniter\CodeIgniter->handleRequest(NULL, Object(Config\Cache), false)
#8 C:\laundry\public\index.php(37): CodeIgniter\CodeIgniter->run()
#9 C:\laundry\system\Commands\Server\rewrite.php(45): require_once('C:\\laundry\\publ...')
#10 {main}
CRITICAL - 2024-07-26 07:09:57 --> Invalid argument supplied for foreach()
#0 C:\laundry\app\Views\detail_karyawan.php(80): CodeIgniter\Debug\Exceptions->errorHandler(2, 'Invalid argumen...', 'C:\\laundry\\app\\...', 80, Array)
#1 C:\laundry\system\View\View.php(230): include('C:\\laundry\\app\\...')
#2 C:\laundry\system\View\View.php(232): CodeIgniter\View\View->CodeIgniter\View\{closure}()
#3 C:\laundry\system\Common.php(1271): CodeIgniter\View\View->render('detail_karyawan', Array, true)
#4 C:\laundry\app\Controllers\Home.php(243): view('detail_karyawan', Array)
#5 C:\laundry\system\CodeIgniter.php(928): App\Controllers\Home->detail_karyawan('images', 'faces', 'face1.jpg')
#6 C:\laundry\system\CodeIgniter.php(436): CodeIgniter\CodeIgniter->runController(Object(App\Controllers\Home))
#7 C:\laundry\system\CodeIgniter.php(336): CodeIgniter\CodeIgniter->handleRequest(NULL, Object(Config\Cache), false)
#8 C:\laundry\public\index.php(37): CodeIgniter\CodeIgniter->run()
#9 C:\laundry\system\Commands\Server\rewrite.php(45): require_once('C:\\laundry\\publ...')
#10 {main}
CRITICAL - 2024-07-26 07:09:57 --> Invalid argument supplied for foreach()
#0 C:\laundry\app\Views\detail_karyawan.php(80): CodeIgniter\Debug\Exceptions->errorHandler(2, 'Invalid argumen...', 'C:\\laundry\\app\\...', 80, Array)
#1 C:\laundry\system\View\View.php(230): include('C:\\laundry\\app\\...')
#2 C:\laundry\system\View\View.php(232): CodeIgniter\View\View->CodeIgniter\View\{closure}()
#3 C:\laundry\system\Common.php(1271): CodeIgniter\View\View->render('detail_karyawan', Array, true)
#4 C:\laundry\app\Controllers\Home.php(243): view('detail_karyawan', Array)
#5 C:\laundry\system\CodeIgniter.php(928): App\Controllers\Home->detail_karyawan('images', 'faces', 'face5.jpg')
#6 C:\laundry\system\CodeIgniter.php(436): CodeIgniter\CodeIgniter->runController(Object(App\Controllers\Home))
#7 C:\laundry\system\CodeIgniter.php(336): CodeIgniter\CodeIgniter->handleRequest(NULL, Object(Config\Cache), false)
#8 C:\laundry\public\index.php(37): CodeIgniter\CodeIgniter->run()
#9 C:\laundry\system\Commands\Server\rewrite.php(45): require_once('C:\\laundry\\publ...')
#10 {main}
CRITICAL - 2024-07-26 07:09:57 --> Invalid argument supplied for foreach()
#0 C:\laundry\app\Views\detail_karyawan.php(80): CodeIgniter\Debug\Exceptions->errorHandler(2, 'Invalid argumen...', 'C:\\laundry\\app\\...', 80, Array)
#1 C:\laundry\system\View\View.php(230): include('C:\\laundry\\app\\...')
#2 C:\laundry\system\View\View.php(232): CodeIgniter\View\View->CodeIgniter\View\{closure}()
#3 C:\laundry\system\Common.php(1271): CodeIgniter\View\View->render('detail_karyawan', Array, true)
#4 C:\laundry\app\Controllers\Home.php(243): view('detail_karyawan', Array)
#5 C:\laundry\system\CodeIgniter.php(928): App\Controllers\Home->detail_karyawan('images', 'faces', 'face6.jpg')
#6 C:\laundry\system\CodeIgniter.php(436): CodeIgniter\CodeIgniter->runController(Object(App\Controllers\Home))
#7 C:\laundry\system\CodeIgniter.php(336): CodeIgniter\CodeIgniter->handleRequest(NULL, Object(Config\Cache), false)
#8 C:\laundry\public\index.php(37): CodeIgniter\CodeIgniter->run()
#9 C:\laundry\system\Commands\Server\rewrite.php(45): require_once('C:\\laundry\\publ...')
#10 {main}
CRITICAL - 2024-07-26 07:09:57 --> Invalid argument supplied for foreach()
#0 C:\laundry\app\Views\detail_karyawan.php(80): CodeIgniter\Debug\Exceptions->errorHandler(2, 'Invalid argumen...', 'C:\\laundry\\app\\...', 80, Array)
#1 C:\laundry\system\View\View.php(230): include('C:\\laundry\\app\\...')
#2 C:\laundry\system\View\View.php(232): CodeIgniter\View\View->CodeIgniter\View\{closure}()
#3 C:\laundry\system\Common.php(1271): CodeIgniter\View\View->render('detail_karyawan', Array, true)
#4 C:\laundry\app\Controllers\Home.php(243): view('detail_karyawan', Array)
#5 C:\laundry\system\CodeIgniter.php(928): App\Controllers\Home->detail_karyawan('images', 'faces', 'face2.jpg')
#6 C:\laundry\system\CodeIgniter.php(436): CodeIgniter\CodeIgniter->runController(Object(App\Controllers\Home))
#7 C:\laundry\system\CodeIgniter.php(336): CodeIgniter\CodeIgniter->handleRequest(NULL, Object(Config\Cache), false)
#8 C:\laundry\public\index.php(37): CodeIgniter\CodeIgniter->run()
#9 C:\laundry\system\Commands\Server\rewrite.php(45): require_once('C:\\laundry\\publ...')
#10 {main}
CRITICAL - 2024-07-26 07:09:57 --> Invalid argument supplied for foreach()
#0 C:\laundry\app\Views\detail_karyawan.php(80): CodeIgniter\Debug\Exceptions->errorHandler(2, 'Invalid argumen...', 'C:\\laundry\\app\\...', 80, Array)
#1 C:\laundry\system\View\View.php(230): include('C:\\laundry\\app\\...')
#2 C:\laundry\system\View\View.php(232): CodeIgniter\View\View->CodeIgniter\View\{closure}()
#3 C:\laundry\system\Common.php(1271): CodeIgniter\View\View->render('detail_karyawan', Array, true)
#4 C:\laundry\app\Controllers\Home.php(243): view('detail_karyawan', Array)
#5 C:\laundry\system\CodeIgniter.php(928): App\Controllers\Home->detail_karyawan('images', 'faces', 'face3.jpg')
#6 C:\laundry\system\CodeIgniter.php(436): CodeIgniter\CodeIgniter->runController(Object(App\Controllers\Home))
#7 C:\laundry\system\CodeIgniter.php(336): CodeIgniter\CodeIgniter->handleRequest(NULL, Object(Config\Cache), false)
#8 C:\laundry\public\index.php(37): CodeIgniter\CodeIgniter->run()
#9 C:\laundry\system\Commands\Server\rewrite.php(45): require_once('C:\\laundry\\publ...')
#10 {main}
CRITICAL - 2024-07-26 07:09:57 --> Invalid argument supplied for foreach()
#0 C:\laundry\app\Views\detail_karyawan.php(80): CodeIgniter\Debug\Exceptions->errorHandler(2, 'Invalid argumen...', 'C:\\laundry\\app\\...', 80, Array)
#1 C:\laundry\system\View\View.php(230): include('C:\\laundry\\app\\...')
#2 C:\laundry\system\View\View.php(232): CodeIgniter\View\View->CodeIgniter\View\{closure}()
#3 C:\laundry\system\Common.php(1271): CodeIgniter\View\View->render('detail_karyawan', Array, true)
#4 C:\laundry\app\Controllers\Home.php(243): view('detail_karyawan', Array)
#5 C:\laundry\system\CodeIgniter.php(928): App\Controllers\Home->detail_karyawan('images', 'faces', 'face4.jpg')
#6 C:\laundry\system\CodeIgniter.php(436): CodeIgniter\CodeIgniter->runController(Object(App\Controllers\Home))
#7 C:\laundry\system\CodeIgniter.php(336): CodeIgniter\CodeIgniter->handleRequest(NULL, Object(Config\Cache), false)
#8 C:\laundry\public\index.php(37): CodeIgniter\CodeIgniter->run()
#9 C:\laundry\system\Commands\Server\rewrite.php(45): require_once('C:\\laundry\\publ...')
#10 {main}
CRITICAL - 2024-07-26 07:23:18 --> Invalid argument supplied for foreach()
#0 C:\laundry\app\Views\detail_karyawan.php(80): CodeIgniter\Debug\Exceptions->errorHandler(2, 'Invalid argumen...', 'C:\\laundry\\app\\...', 80, Array)
#1 C:\laundry\system\View\View.php(230): include('C:\\laundry\\app\\...')
#2 C:\laundry\system\View\View.php(232): CodeIgniter\View\View->CodeIgniter\View\{closure}()
#3 C:\laundry\system\Common.php(1271): CodeIgniter\View\View->render('detail_karyawan', Array, true)
#4 C:\laundry\app\Controllers\Home.php(243): view('detail_karyawan', Array)
#5 C:\laundry\system\CodeIgniter.php(928): App\Controllers\Home->detail_karyawan('6')
#6 C:\laundry\system\CodeIgniter.php(436): CodeIgniter\CodeIgniter->runController(Object(App\Controllers\Home))
#7 C:\laundry\system\CodeIgniter.php(336): CodeIgniter\CodeIgniter->handleRequest(NULL, Object(Config\Cache), false)
#8 C:\laundry\public\index.php(37): CodeIgniter\CodeIgniter->run()
#9 C:\laundry\system\Commands\Server\rewrite.php(45): require_once('C:\\laundry\\publ...')
#10 {main}
CRITICAL - 2024-07-26 07:23:18 --> Invalid argument supplied for foreach()
#0 C:\laundry\app\Views\detail_karyawan.php(80): CodeIgniter\Debug\Exceptions->errorHandler(2, 'Invalid argumen...', 'C:\\laundry\\app\\...', 80, Array)
#1 C:\laundry\system\View\View.php(230): include('C:\\laundry\\app\\...')
#2 C:\laundry\system\View\View.php(232): CodeIgniter\View\View->CodeIgniter\View\{closure}()
#3 C:\laundry\system\Common.php(1271): CodeIgniter\View\View->render('detail_karyawan', Array, true)
#4 C:\laundry\app\Controllers\Home.php(243): view('detail_karyawan', Array)
#5 C:\laundry\system\CodeIgniter.php(928): App\Controllers\Home->detail_karyawan('images', 'faces', 'face4.jpg')
#6 C:\laundry\system\CodeIgniter.php(436): CodeIgniter\CodeIgniter->runController(Object(App\Controllers\Home))
#7 C:\laundry\system\CodeIgniter.php(336): CodeIgniter\CodeIgniter->handleRequest(NULL, Object(Config\Cache), false)
#8 C:\laundry\public\index.php(37): CodeIgniter\CodeIgniter->run()
#9 C:\laundry\system\Commands\Server\rewrite.php(45): require_once('C:\\laundry\\publ...')
#10 {main}
CRITICAL - 2024-07-26 07:23:18 --> Invalid argument supplied for foreach()
#0 C:\laundry\app\Views\detail_karyawan.php(80): CodeIgniter\Debug\Exceptions->errorHandler(2, 'Invalid argumen...', 'C:\\laundry\\app\\...', 80, Array)
#1 C:\laundry\system\View\View.php(230): include('C:\\laundry\\app\\...')
#2 C:\laundry\system\View\View.php(232): CodeIgniter\View\View->CodeIgniter\View\{closure}()
#3 C:\laundry\system\Common.php(1271): CodeIgniter\View\View->render('detail_karyawan', Array, true)
#4 C:\laundry\app\Controllers\Home.php(243): view('detail_karyawan', Array)
#5 C:\laundry\system\CodeIgniter.php(928): App\Controllers\Home->detail_karyawan('images', 'faces', 'face2.jpg')
#6 C:\laundry\system\CodeIgniter.php(436): CodeIgniter\CodeIgniter->runController(Object(App\Controllers\Home))
#7 C:\laundry\system\CodeIgniter.php(336): CodeIgniter\CodeIgniter->handleRequest(NULL, Object(Config\Cache), false)
#8 C:\laundry\public\index.php(37): CodeIgniter\CodeIgniter->run()
#9 C:\laundry\system\Commands\Server\rewrite.php(45): require_once('C:\\laundry\\publ...')
#10 {main}
CRITICAL - 2024-07-26 07:23:18 --> Invalid argument supplied for foreach()
#0 C:\laundry\app\Views\detail_karyawan.php(80): CodeIgniter\Debug\Exceptions->errorHandler(2, 'Invalid argumen...', 'C:\\laundry\\app\\...', 80, Array)
#1 C:\laundry\system\View\View.php(230): include('C:\\laundry\\app\\...')
#2 C:\laundry\system\View\View.php(232): CodeIgniter\View\View->CodeIgniter\View\{closure}()
#3 C:\laundry\system\Common.php(1271): CodeIgniter\View\View->render('detail_karyawan', Array, true)
#4 C:\laundry\app\Controllers\Home.php(243): view('detail_karyawan', Array)
#5 C:\laundry\system\CodeIgniter.php(928): App\Controllers\Home->detail_karyawan('images', 'faces', 'face3.jpg')
#6 C:\laundry\system\CodeIgniter.php(436): CodeIgniter\CodeIgniter->runController(Object(App\Controllers\Home))
#7 C:\laundry\system\CodeIgniter.php(336): CodeIgniter\CodeIgniter->handleRequest(NULL, Object(Config\Cache), false)
#8 C:\laundry\public\index.php(37): CodeIgniter\CodeIgniter->run()
#9 C:\laundry\system\Commands\Server\rewrite.php(45): require_once('C:\\laundry\\publ...')
#10 {main}
CRITICAL - 2024-07-26 07:23:18 --> Invalid argument supplied for foreach()
#0 C:\laundry\app\Views\detail_karyawan.php(80): CodeIgniter\Debug\Exceptions->errorHandler(2, 'Invalid argumen...', 'C:\\laundry\\app\\...', 80, Array)
#1 C:\laundry\system\View\View.php(230): include('C:\\laundry\\app\\...')
#2 C:\laundry\system\View\View.php(232): CodeIgniter\View\View->CodeIgniter\View\{closure}()
#3 C:\laundry\system\Common.php(1271): CodeIgniter\View\View->render('detail_karyawan', Array, true)
#4 C:\laundry\app\Controllers\Home.php(243): view('detail_karyawan', Array)
#5 C:\laundry\system\CodeIgniter.php(928): App\Controllers\Home->detail_karyawan('images', 'faces', 'face1.jpg')
#6 C:\laundry\system\CodeIgniter.php(436): CodeIgniter\CodeIgniter->runController(Object(App\Controllers\Home))
#7 C:\laundry\system\CodeIgniter.php(336): CodeIgniter\CodeIgniter->handleRequest(NULL, Object(Config\Cache), false)
#8 C:\laundry\public\index.php(37): CodeIgniter\CodeIgniter->run()
#9 C:\laundry\system\Commands\Server\rewrite.php(45): require_once('C:\\laundry\\publ...')
#10 {main}
CRITICAL - 2024-07-26 07:23:18 --> Invalid argument supplied for foreach()
#0 C:\laundry\app\Views\detail_karyawan.php(80): CodeIgniter\Debug\Exceptions->errorHandler(2, 'Invalid argumen...', 'C:\\laundry\\app\\...', 80, Array)
#1 C:\laundry\system\View\View.php(230): include('C:\\laundry\\app\\...')
#2 C:\laundry\system\View\View.php(232): CodeIgniter\View\View->CodeIgniter\View\{closure}()
#3 C:\laundry\system\Common.php(1271): CodeIgniter\View\View->render('detail_karyawan', Array, true)
#4 C:\laundry\app\Controllers\Home.php(243): view('detail_karyawan', Array)
#5 C:\laundry\system\CodeIgniter.php(928): App\Controllers\Home->detail_karyawan('images', 'faces', 'face5.jpg')
#6 C:\laundry\system\CodeIgniter.php(436): CodeIgniter\CodeIgniter->runController(Object(App\Controllers\Home))
#7 C:\laundry\system\CodeIgniter.php(336): CodeIgniter\CodeIgniter->handleRequest(NULL, Object(Config\Cache), false)
#8 C:\laundry\public\index.php(37): CodeIgniter\CodeIgniter->run()
#9 C:\laundry\system\Commands\Server\rewrite.php(45): require_once('C:\\laundry\\publ...')
#10 {main}
CRITICAL - 2024-07-26 07:23:18 --> Invalid argument supplied for foreach()
#0 C:\laundry\app\Views\detail_karyawan.php(80): CodeIgniter\Debug\Exceptions->errorHandler(2, 'Invalid argumen...', 'C:\\laundry\\app\\...', 80, Array)
#1 C:\laundry\system\View\View.php(230): include('C:\\laundry\\app\\...')
#2 C:\laundry\system\View\View.php(232): CodeIgniter\View\View->CodeIgniter\View\{closure}()
#3 C:\laundry\system\Common.php(1271): CodeIgniter\View\View->render('detail_karyawan', Array, true)
#4 C:\laundry\app\Controllers\Home.php(243): view('detail_karyawan', Array)
#5 C:\laundry\system\CodeIgniter.php(928): App\Controllers\Home->detail_karyawan('images', 'faces', 'face6.jpg')
#6 C:\laundry\system\CodeIgniter.php(436): CodeIgniter\CodeIgniter->runController(Object(App\Controllers\Home))
#7 C:\laundry\system\CodeIgniter.php(336): CodeIgniter\CodeIgniter->handleRequest(NULL, Object(Config\Cache), false)
#8 C:\laundry\public\index.php(37): CodeIgniter\CodeIgniter->run()
#9 C:\laundry\system\Commands\Server\rewrite.php(45): require_once('C:\\laundry\\publ...')
#10 {main}
CRITICAL - 2024-07-26 07:23:19 --> Invalid argument supplied for foreach()
#0 C:\laundry\app\Views\detail_karyawan.php(80): CodeIgniter\Debug\Exceptions->errorHandler(2, 'Invalid argumen...', 'C:\\laundry\\app\\...', 80, Array)
#1 C:\laundry\system\View\View.php(230): include('C:\\laundry\\app\\...')
#2 C:\laundry\system\View\View.php(232): CodeIgniter\View\View->CodeIgniter\View\{closure}()
#3 C:\laundry\system\Common.php(1271): CodeIgniter\View\View->render('detail_karyawan', Array, true)
#4 C:\laundry\app\Controllers\Home.php(243): view('detail_karyawan', Array)
#5 C:\laundry\system\CodeIgniter.php(928): App\Controllers\Home->detail_karyawan('images', 'faces', 'face2.jpg')
#6 C:\laundry\system\CodeIgniter.php(436): CodeIgniter\CodeIgniter->runController(Object(App\Controllers\Home))
#7 C:\laundry\system\CodeIgniter.php(336): CodeIgniter\CodeIgniter->handleRequest(NULL, Object(Config\Cache), false)
#8 C:\laundry\public\index.php(37): CodeIgniter\CodeIgniter->run()
#9 C:\laundry\system\Commands\Server\rewrite.php(45): require_once('C:\\laundry\\publ...')
#10 {main}
CRITICAL - 2024-07-26 07:23:19 --> Invalid argument supplied for foreach()
#0 C:\laundry\app\Views\detail_karyawan.php(80): CodeIgniter\Debug\Exceptions->errorHandler(2, 'Invalid argumen...', 'C:\\laundry\\app\\...', 80, Array)
#1 C:\laundry\system\View\View.php(230): include('C:\\laundry\\app\\...')
#2 C:\laundry\system\View\View.php(232): CodeIgniter\View\View->CodeIgniter\View\{closure}()
#3 C:\laundry\system\Common.php(1271): CodeIgniter\View\View->render('detail_karyawan', Array, true)
#4 C:\laundry\app\Controllers\Home.php(243): view('detail_karyawan', Array)
#5 C:\laundry\system\CodeIgniter.php(928): App\Controllers\Home->detail_karyawan('images', 'faces', 'face3.jpg')
#6 C:\laundry\system\CodeIgniter.php(436): CodeIgniter\CodeIgniter->runController(Object(App\Controllers\Home))
#7 C:\laundry\system\CodeIgniter.php(336): CodeIgniter\CodeIgniter->handleRequest(NULL, Object(Config\Cache), false)
#8 C:\laundry\public\index.php(37): CodeIgniter\CodeIgniter->run()
#9 C:\laundry\system\Commands\Server\rewrite.php(45): require_once('C:\\laundry\\publ...')
#10 {main}
CRITICAL - 2024-07-26 07:23:19 --> Invalid argument supplied for foreach()
#0 C:\laundry\app\Views\detail_karyawan.php(80): CodeIgniter\Debug\Exceptions->errorHandler(2, 'Invalid argumen...', 'C:\\laundry\\app\\...', 80, Array)
#1 C:\laundry\system\View\View.php(230): include('C:\\laundry\\app\\...')
#2 C:\laundry\system\View\View.php(232): CodeIgniter\View\View->CodeIgniter\View\{closure}()
#3 C:\laundry\system\Common.php(1271): CodeIgniter\View\View->render('detail_karyawan', Array, true)
#4 C:\laundry\app\Controllers\Home.php(243): view('detail_karyawan', Array)
#5 C:\laundry\system\CodeIgniter.php(928): App\Controllers\Home->detail_karyawan('images', 'faces', 'face4.jpg')
#6 C:\laundry\system\CodeIgniter.php(436): CodeIgniter\CodeIgniter->runController(Object(App\Controllers\Home))
#7 C:\laundry\system\CodeIgniter.php(336): CodeIgniter\CodeIgniter->handleRequest(NULL, Object(Config\Cache), false)
#8 C:\laundry\public\index.php(37): CodeIgniter\CodeIgniter->run()
#9 C:\laundry\system\Commands\Server\rewrite.php(45): require_once('C:\\laundry\\publ...')
#10 {main}
CRITICAL - 2024-07-26 07:35:45 --> Invalid argument supplied for foreach()
#0 C:\laundry\app\Views\detail_karyawan.php(81): CodeIgniter\Debug\Exceptions->errorHandler(2, 'Invalid argumen...', 'C:\\laundry\\app\\...', 81, Array)
#1 C:\laundry\system\View\View.php(230): include('C:\\laundry\\app\\...')
#2 C:\laundry\system\View\View.php(232): CodeIgniter\View\View->CodeIgniter\View\{closure}()
#3 C:\laundry\system\Common.php(1271): CodeIgniter\View\View->render('detail_karyawan', Array, true)
#4 C:\laundry\app\Controllers\Home.php(243): view('detail_karyawan', Array)
#5 C:\laundry\system\CodeIgniter.php(928): App\Controllers\Home->detail_karyawan('6')
#6 C:\laundry\system\CodeIgniter.php(436): CodeIgniter\CodeIgniter->runController(Object(App\Controllers\Home))
#7 C:\laundry\system\CodeIgniter.php(336): CodeIgniter\CodeIgniter->handleRequest(NULL, Object(Config\Cache), false)
#8 C:\laundry\public\index.php(37): CodeIgniter\CodeIgniter->run()
#9 C:\laundry\system\Commands\Server\rewrite.php(45): require_once('C:\\laundry\\publ...')
#10 {main}
CRITICAL - 2024-07-26 07:35:45 --> Invalid argument supplied for foreach()
#0 C:\laundry\app\Views\detail_karyawan.php(81): CodeIgniter\Debug\Exceptions->errorHandler(2, 'Invalid argumen...', 'C:\\laundry\\app\\...', 81, Array)
#1 C:\laundry\system\View\View.php(230): include('C:\\laundry\\app\\...')
#2 C:\laundry\system\View\View.php(232): CodeIgniter\View\View->CodeIgniter\View\{closure}()
#3 C:\laundry\system\Common.php(1271): CodeIgniter\View\View->render('detail_karyawan', Array, true)
#4 C:\laundry\app\Controllers\Home.php(243): view('detail_karyawan', Array)
#5 C:\laundry\system\CodeIgniter.php(928): App\Controllers\Home->detail_karyawan('images', 'faces', 'face4.jpg')
#6 C:\laundry\system\CodeIgniter.php(436): CodeIgniter\CodeIgniter->runController(Object(App\Controllers\Home))
#7 C:\laundry\system\CodeIgniter.php(336): CodeIgniter\CodeIgniter->handleRequest(NULL, Object(Config\Cache), false)
#8 C:\laundry\public\index.php(37): CodeIgniter\CodeIgniter->run()
#9 C:\laundry\system\Commands\Server\rewrite.php(45): require_once('C:\\laundry\\publ...')
#10 {main}
CRITICAL - 2024-07-26 07:35:45 --> Invalid argument supplied for foreach()
#0 C:\laundry\app\Views\detail_karyawan.php(81): CodeIgniter\Debug\Exceptions->errorHandler(2, 'Invalid argumen...', 'C:\\laundry\\app\\...', 81, Array)
#1 C:\laundry\system\View\View.php(230): include('C:\\laundry\\app\\...')
#2 C:\laundry\system\View\View.php(232): CodeIgniter\View\View->CodeIgniter\View\{closure}()
#3 C:\laundry\system\Common.php(1271): CodeIgniter\View\View->render('detail_karyawan', Array, true)
#4 C:\laundry\app\Controllers\Home.php(243): view('detail_karyawan', Array)
#5 C:\laundry\system\CodeIgniter.php(928): App\Controllers\Home->detail_karyawan('images', 'faces', 'face2.jpg')
#6 C:\laundry\system\CodeIgniter.php(436): CodeIgniter\CodeIgniter->runController(Object(App\Controllers\Home))
#7 C:\laundry\system\CodeIgniter.php(336): CodeIgniter\CodeIgniter->handleRequest(NULL, Object(Config\Cache), false)
#8 C:\laundry\public\index.php(37): CodeIgniter\CodeIgniter->run()
#9 C:\laundry\system\Commands\Server\rewrite.php(45): require_once('C:\\laundry\\publ...')
#10 {main}
CRITICAL - 2024-07-26 07:35:45 --> Invalid argument supplied for foreach()
#0 C:\laundry\app\Views\detail_karyawan.php(81): CodeIgniter\Debug\Exceptions->errorHandler(2, 'Invalid argumen...', 'C:\\laundry\\app\\...', 81, Array)
#1 C:\laundry\system\View\View.php(230): include('C:\\laundry\\app\\...')
#2 C:\laundry\system\View\View.php(232): CodeIgniter\View\View->CodeIgniter\View\{closure}()
#3 C:\laundry\system\Common.php(1271): CodeIgniter\View\View->render('detail_karyawan', Array, true)
#4 C:\laundry\app\Controllers\Home.php(243): view('detail_karyawan', Array)
#5 C:\laundry\system\CodeIgniter.php(928): App\Controllers\Home->detail_karyawan('images', 'faces', 'face3.jpg')
#6 C:\laundry\system\CodeIgniter.php(436): CodeIgniter\CodeIgniter->runController(Object(App\Controllers\Home))
#7 C:\laundry\system\CodeIgniter.php(336): CodeIgniter\CodeIgniter->handleRequest(NULL, Object(Config\Cache), false)
#8 C:\laundry\public\index.php(37): CodeIgniter\CodeIgniter->run()
#9 C:\laundry\system\Commands\Server\rewrite.php(45): require_once('C:\\laundry\\publ...')
#10 {main}
CRITICAL - 2024-07-26 07:35:45 --> Invalid argument supplied for foreach()
#0 C:\laundry\app\Views\detail_karyawan.php(81): CodeIgniter\Debug\Exceptions->errorHandler(2, 'Invalid argumen...', 'C:\\laundry\\app\\...', 81, Array)
#1 C:\laundry\system\View\View.php(230): include('C:\\laundry\\app\\...')
#2 C:\laundry\system\View\View.php(232): CodeIgniter\View\View->CodeIgniter\View\{closure}()
#3 C:\laundry\system\Common.php(1271): CodeIgniter\View\View->render('detail_karyawan', Array, true)
#4 C:\laundry\app\Controllers\Home.php(243): view('detail_karyawan', Array)
#5 C:\laundry\system\CodeIgniter.php(928): App\Controllers\Home->detail_karyawan('images', 'faces', 'face1.jpg')
#6 C:\laundry\system\CodeIgniter.php(436): CodeIgniter\CodeIgniter->runController(Object(App\Controllers\Home))
#7 C:\laundry\system\CodeIgniter.php(336): CodeIgniter\CodeIgniter->handleRequest(NULL, Object(Config\Cache), false)
#8 C:\laundry\public\index.php(37): CodeIgniter\CodeIgniter->run()
#9 C:\laundry\system\Commands\Server\rewrite.php(45): require_once('C:\\laundry\\publ...')
#10 {main}
CRITICAL - 2024-07-26 07:35:45 --> Invalid argument supplied for foreach()
#0 C:\laundry\app\Views\detail_karyawan.php(81): CodeIgniter\Debug\Exceptions->errorHandler(2, 'Invalid argumen...', 'C:\\laundry\\app\\...', 81, Array)
#1 C:\laundry\system\View\View.php(230): include('C:\\laundry\\app\\...')
#2 C:\laundry\system\View\View.php(232): CodeIgniter\View\View->CodeIgniter\View\{closure}()
#3 C:\laundry\system\Common.php(1271): CodeIgniter\View\View->render('detail_karyawan', Array, true)
#4 C:\laundry\app\Controllers\Home.php(243): view('detail_karyawan', Array)
#5 C:\laundry\system\CodeIgniter.php(928): App\Controllers\Home->detail_karyawan('images', 'faces', 'face5.jpg')
#6 C:\laundry\system\CodeIgniter.php(436): CodeIgniter\CodeIgniter->runController(Object(App\Controllers\Home))
#7 C:\laundry\system\CodeIgniter.php(336): CodeIgniter\CodeIgniter->handleRequest(NULL, Object(Config\Cache), false)
#8 C:\laundry\public\index.php(37): CodeIgniter\CodeIgniter->run()
#9 C:\laundry\system\Commands\Server\rewrite.php(45): require_once('C:\\laundry\\publ...')
#10 {main}
CRITICAL - 2024-07-26 07:35:45 --> Invalid argument supplied for foreach()
#0 C:\laundry\app\Views\detail_karyawan.php(81): CodeIgniter\Debug\Exceptions->errorHandler(2, 'Invalid argumen...', 'C:\\laundry\\app\\...', 81, Array)
#1 C:\laundry\system\View\View.php(230): include('C:\\laundry\\app\\...')
#2 C:\laundry\system\View\View.php(232): CodeIgniter\View\View->CodeIgniter\View\{closure}()
#3 C:\laundry\system\Common.php(1271): CodeIgniter\View\View->render('detail_karyawan', Array, true)
#4 C:\laundry\app\Controllers\Home.php(243): view('detail_karyawan', Array)
#5 C:\laundry\system\CodeIgniter.php(928): App\Controllers\Home->detail_karyawan('images', 'faces', 'face6.jpg')
#6 C:\laundry\system\CodeIgniter.php(436): CodeIgniter\CodeIgniter->runController(Object(App\Controllers\Home))
#7 C:\laundry\system\CodeIgniter.php(336): CodeIgniter\CodeIgniter->handleRequest(NULL, Object(Config\Cache), false)
#8 C:\laundry\public\index.php(37): CodeIgniter\CodeIgniter->run()
#9 C:\laundry\system\Commands\Server\rewrite.php(45): require_once('C:\\laundry\\publ...')
#10 {main}
CRITICAL - 2024-07-26 07:35:45 --> Invalid argument supplied for foreach()
#0 C:\laundry\app\Views\detail_karyawan.php(81): CodeIgniter\Debug\Exceptions->errorHandler(2, 'Invalid argumen...', 'C:\\laundry\\app\\...', 81, Array)
#1 C:\laundry\system\View\View.php(230): include('C:\\laundry\\app\\...')
#2 C:\laundry\system\View\View.php(232): CodeIgniter\View\View->CodeIgniter\View\{closure}()
#3 C:\laundry\system\Common.php(1271): CodeIgniter\View\View->render('detail_karyawan', Array, true)
#4 C:\laundry\app\Controllers\Home.php(243): view('detail_karyawan', Array)
#5 C:\laundry\system\CodeIgniter.php(928): App\Controllers\Home->detail_karyawan('images', 'faces', 'face2.jpg')
#6 C:\laundry\system\CodeIgniter.php(436): CodeIgniter\CodeIgniter->runController(Object(App\Controllers\Home))
#7 C:\laundry\system\CodeIgniter.php(336): CodeIgniter\CodeIgniter->handleRequest(NULL, Object(Config\Cache), false)
#8 C:\laundry\public\index.php(37): CodeIgniter\CodeIgniter->run()
#9 C:\laundry\system\Commands\Server\rewrite.php(45): require_once('C:\\laundry\\publ...')
#10 {main}
CRITICAL - 2024-07-26 07:35:45 --> Invalid argument supplied for foreach()
#0 C:\laundry\app\Views\detail_karyawan.php(81): CodeIgniter\Debug\Exceptions->errorHandler(2, 'Invalid argumen...', 'C:\\laundry\\app\\...', 81, Array)
#1 C:\laundry\system\View\View.php(230): include('C:\\laundry\\app\\...')
#2 C:\laundry\system\View\View.php(232): CodeIgniter\View\View->CodeIgniter\View\{closure}()
#3 C:\laundry\system\Common.php(1271): CodeIgniter\View\View->render('detail_karyawan', Array, true)
#4 C:\laundry\app\Controllers\Home.php(243): view('detail_karyawan', Array)
#5 C:\laundry\system\CodeIgniter.php(928): App\Controllers\Home->detail_karyawan('images', 'faces', 'face3.jpg')
#6 C:\laundry\system\CodeIgniter.php(436): CodeIgniter\CodeIgniter->runController(Object(App\Controllers\Home))
#7 C:\laundry\system\CodeIgniter.php(336): CodeIgniter\CodeIgniter->handleRequest(NULL, Object(Config\Cache), false)
#8 C:\laundry\public\index.php(37): CodeIgniter\CodeIgniter->run()
#9 C:\laundry\system\Commands\Server\rewrite.php(45): require_once('C:\\laundry\\publ...')
#10 {main}
CRITICAL - 2024-07-26 07:35:45 --> Invalid argument supplied for foreach()
#0 C:\laundry\app\Views\detail_karyawan.php(81): CodeIgniter\Debug\Exceptions->errorHandler(2, 'Invalid argumen...', 'C:\\laundry\\app\\...', 81, Array)
#1 C:\laundry\system\View\View.php(230): include('C:\\laundry\\app\\...')
#2 C:\laundry\system\View\View.php(232): CodeIgniter\View\View->CodeIgniter\View\{closure}()
#3 C:\laundry\system\Common.php(1271): CodeIgniter\View\View->render('detail_karyawan', Array, true)
#4 C:\laundry\app\Controllers\Home.php(243): view('detail_karyawan', Array)
#5 C:\laundry\system\CodeIgniter.php(928): App\Controllers\Home->detail_karyawan('images', 'faces', 'face4.jpg')
#6 C:\laundry\system\CodeIgniter.php(436): CodeIgniter\CodeIgniter->runController(Object(App\Controllers\Home))
#7 C:\laundry\system\CodeIgniter.php(336): CodeIgniter\CodeIgniter->handleRequest(NULL, Object(Config\Cache), false)
#8 C:\laundry\public\index.php(37): CodeIgniter\CodeIgniter->run()
#9 C:\laundry\system\Commands\Server\rewrite.php(45): require_once('C:\\laundry\\publ...')
#10 {main}
CRITICAL - 2024-07-26 07:47:59 --> Invalid argument supplied for foreach()
#0 C:\laundry\app\Views\detail_karyawan.php(78): CodeIgniter\Debug\Exceptions->errorHandler(2, 'Invalid argumen...', 'C:\\laundry\\app\\...', 78, Array)
#1 C:\laundry\system\View\View.php(230): include('C:\\laundry\\app\\...')
#2 C:\laundry\system\View\View.php(232): CodeIgniter\View\View->CodeIgniter\View\{closure}()
#3 C:\laundry\system\Common.php(1271): CodeIgniter\View\View->render('detail_karyawan', Array, true)
#4 C:\laundry\app\Controllers\Home.php(243): view('detail_karyawan', Array)
#5 C:\laundry\system\CodeIgniter.php(928): App\Controllers\Home->detail_karyawan()
#6 C:\laundry\system\CodeIgniter.php(436): CodeIgniter\CodeIgniter->runController(Object(App\Controllers\Home))
#7 C:\laundry\system\CodeIgniter.php(336): CodeIgniter\CodeIgniter->handleRequest(NULL, Object(Config\Cache), false)
#8 C:\laundry\public\index.php(37): CodeIgniter\CodeIgniter->run()
#9 C:\laundry\system\Commands\Server\rewrite.php(45): require_once('C:\\laundry\\publ...')
#10 {main}
ERROR - 2024-07-26 08:01:28 --> Table 'laundry.poli' doesn't exist
ERROR - 2024-07-26 08:01:34 --> Table 'laundry.poli' doesn't exist
ERROR - 2024-07-26 08:19:28 --> Unknown column 'update_at' in 'field list'
ERROR - 2024-07-26 08:19:54 --> Unknown column 'update_at' in 'field list'
ERROR - 2024-07-26 08:21:48 --> Unknown column 'update_at' in 'field list'
ERROR - 2024-07-26 08:21:52 --> Unknown column 'update_at' in 'field list'
ERROR - 2024-07-26 08:21:56 --> Unknown column 'update_at' in 'field list'
ERROR - 2024-07-26 08:22:13 --> Unknown column 'update_at' in 'field list'
ERROR - 2024-07-26 08:22:19 --> Unknown column 'update_at' in 'field list'
ERROR - 2024-07-26 08:26:20 --> Unknown column 'update_at' in 'field list'
