ERROR - 2024-08-10 23:44:53 --> Unknown column 'users.username' in 'field list'
CRITICAL - 2024-08-10 23:44:53 --> Call to a member function getResult() on bool
#0 C:\Elvan\laundry\system\BaseModel.php(603): CodeIgniter\Model->doFindAll(0, 0)
#1 C:\Elvan\laundry\app\Models\UserActivityModel.php(18): CodeIgniter\BaseModel->findAll()
#2 C:\Elvan\laundry\app\Controllers\ActivityLogController.php(23): App\Models\UserActivityModel->getActivitiesWithUsernames()
#3 C:\Elvan\laundry\system\CodeIgniter.php(928): App\Controllers\ActivityLogController->log()
#4 C:\Elvan\laundry\system\CodeIgniter.php(436): CodeIgniter\CodeIgniter->runController(Object(App\Controllers\ActivityLogController))
#5 C:\Elvan\laundry\system\CodeIgniter.php(336): CodeIgniter\CodeIgniter->handleRequest(NULL, Object(Config\Cache), false)
#6 C:\Elvan\laundry\public\index.php(37): CodeIgniter\CodeIgniter->run()
#7 C:\Elvan\laundry\system\Commands\Server\rewrite.php(45): require_once('C:\\Elvan\\laundr...')
#8 {main}
ERROR - 2024-08-10 23:45:00 --> Unknown column 'users.username' in 'field list'
CRITICAL - 2024-08-10 23:45:00 --> Call to a member function getResult() on bool
#0 C:\Elvan\laundry\system\BaseModel.php(603): CodeIgniter\Model->doFindAll(0, 0)
#1 C:\Elvan\laundry\app\Models\UserActivityModel.php(18): CodeIgniter\BaseModel->findAll()
#2 C:\Elvan\laundry\app\Controllers\ActivityLogController.php(23): App\Models\UserActivityModel->getActivitiesWithUsernames()
#3 C:\Elvan\laundry\system\CodeIgniter.php(928): App\Controllers\ActivityLogController->log()
#4 C:\Elvan\laundry\system\CodeIgniter.php(436): CodeIgniter\CodeIgniter->runController(Object(App\Controllers\ActivityLogController))
#5 C:\Elvan\laundry\system\CodeIgniter.php(336): CodeIgniter\CodeIgniter->handleRequest(NULL, Object(Config\Cache), false)
#6 C:\Elvan\laundry\public\index.php(37): CodeIgniter\CodeIgniter->run()
#7 C:\Elvan\laundry\system\Commands\Server\rewrite.php(45): require_once('C:\\Elvan\\laundr...')
#8 {main}
CRITICAL - 2024-08-10 23:45:46 --> Cannot use object of type stdClass as array
#0 C:\Elvan\laundry\system\View\View.php(230): include()
#1 C:\Elvan\laundry\system\View\View.php(232): CodeIgniter\View\View->CodeIgniter\View\{closure}()
#2 C:\Elvan\laundry\system\Common.php(1271): CodeIgniter\View\View->render('log_activity', Array, true)
#3 C:\Elvan\laundry\app\Controllers\ActivityLogController.php(27): view('log_activity', Array)
#4 C:\Elvan\laundry\system\CodeIgniter.php(928): App\Controllers\ActivityLogController->log()
#5 C:\Elvan\laundry\system\CodeIgniter.php(436): CodeIgniter\CodeIgniter->runController(Object(App\Controllers\ActivityLogController))
#6 C:\Elvan\laundry\system\CodeIgniter.php(336): CodeIgniter\CodeIgniter->handleRequest(NULL, Object(Config\Cache), false)
#7 C:\Elvan\laundry\public\index.php(37): CodeIgniter\CodeIgniter->run()
#8 C:\Elvan\laundry\system\Commands\Server\rewrite.php(45): require_once('C:\\Elvan\\laundr...')
#9 {main}
CRITICAL - 2024-08-10 23:45:57 --> Cannot use object of type stdClass as array
#0 C:\Elvan\laundry\system\View\View.php(230): include()
#1 C:\Elvan\laundry\system\View\View.php(232): CodeIgniter\View\View->CodeIgniter\View\{closure}()
#2 C:\Elvan\laundry\system\Common.php(1271): CodeIgniter\View\View->render('log_activity', Array, true)
#3 C:\Elvan\laundry\app\Controllers\ActivityLogController.php(27): view('log_activity', Array)
#4 C:\Elvan\laundry\system\CodeIgniter.php(928): App\Controllers\ActivityLogController->log()
#5 C:\Elvan\laundry\system\CodeIgniter.php(436): CodeIgniter\CodeIgniter->runController(Object(App\Controllers\ActivityLogController))
#6 C:\Elvan\laundry\system\CodeIgniter.php(336): CodeIgniter\CodeIgniter->handleRequest(NULL, Object(Config\Cache), false)
#7 C:\Elvan\laundry\public\index.php(37): CodeIgniter\CodeIgniter->run()
#8 C:\Elvan\laundry\system\Commands\Server\rewrite.php(45): require_once('C:\\Elvan\\laundr...')
#9 {main}
CRITICAL - 2024-08-10 23:46:03 --> Cannot use object of type stdClass as array
#0 C:\Elvan\laundry\system\View\View.php(230): include()
#1 C:\Elvan\laundry\system\View\View.php(232): CodeIgniter\View\View->CodeIgniter\View\{closure}()
#2 C:\Elvan\laundry\system\Common.php(1271): CodeIgniter\View\View->render('log_activity', Array, true)
#3 C:\Elvan\laundry\app\Controllers\ActivityLogController.php(27): view('log_activity', Array)
#4 C:\Elvan\laundry\system\CodeIgniter.php(928): App\Controllers\ActivityLogController->log()
#5 C:\Elvan\laundry\system\CodeIgniter.php(436): CodeIgniter\CodeIgniter->runController(Object(App\Controllers\ActivityLogController))
#6 C:\Elvan\laundry\system\CodeIgniter.php(336): CodeIgniter\CodeIgniter->handleRequest(NULL, Object(Config\Cache), false)
#7 C:\Elvan\laundry\public\index.php(37): CodeIgniter\CodeIgniter->run()
#8 C:\Elvan\laundry\system\Commands\Server\rewrite.php(45): require_once('C:\\Elvan\\laundr...')
#9 {main}
CRITICAL - 2024-08-10 23:46:11 --> Cannot use object of type stdClass as array
#0 C:\Elvan\laundry\system\View\View.php(230): include()
#1 C:\Elvan\laundry\system\View\View.php(232): CodeIgniter\View\View->CodeIgniter\View\{closure}()
#2 C:\Elvan\laundry\system\Common.php(1271): CodeIgniter\View\View->render('log_activity', Array, true)
#3 C:\Elvan\laundry\app\Controllers\ActivityLogController.php(27): view('log_activity', Array)
#4 C:\Elvan\laundry\system\CodeIgniter.php(928): App\Controllers\ActivityLogController->log()
#5 C:\Elvan\laundry\system\CodeIgniter.php(436): CodeIgniter\CodeIgniter->runController(Object(App\Controllers\ActivityLogController))
#6 C:\Elvan\laundry\system\CodeIgniter.php(336): CodeIgniter\CodeIgniter->handleRequest(NULL, Object(Config\Cache), false)
#7 C:\Elvan\laundry\public\index.php(37): CodeIgniter\CodeIgniter->run()
#8 C:\Elvan\laundry\system\Commands\Server\rewrite.php(45): require_once('C:\\Elvan\\laundr...')
#9 {main}
CRITICAL - 2024-08-10 23:46:15 --> Cannot use object of type stdClass as array
#0 C:\Elvan\laundry\system\View\View.php(230): include()
#1 C:\Elvan\laundry\system\View\View.php(232): CodeIgniter\View\View->CodeIgniter\View\{closure}()
#2 C:\Elvan\laundry\system\Common.php(1271): CodeIgniter\View\View->render('log_activity', Array, true)
#3 C:\Elvan\laundry\app\Controllers\ActivityLogController.php(27): view('log_activity', Array)
#4 C:\Elvan\laundry\system\CodeIgniter.php(928): App\Controllers\ActivityLogController->log()
#5 C:\Elvan\laundry\system\CodeIgniter.php(436): CodeIgniter\CodeIgniter->runController(Object(App\Controllers\ActivityLogController))
#6 C:\Elvan\laundry\system\CodeIgniter.php(336): CodeIgniter\CodeIgniter->handleRequest(NULL, Object(Config\Cache), false)
#7 C:\Elvan\laundry\public\index.php(37): CodeIgniter\CodeIgniter->run()
#8 C:\Elvan\laundry\system\Commands\Server\rewrite.php(45): require_once('C:\\Elvan\\laundr...')
#9 {main}
CRITICAL - 2024-08-10 23:46:17 --> Cannot use object of type stdClass as array
#0 C:\Elvan\laundry\system\View\View.php(230): include()
#1 C:\Elvan\laundry\system\View\View.php(232): CodeIgniter\View\View->CodeIgniter\View\{closure}()
#2 C:\Elvan\laundry\system\Common.php(1271): CodeIgniter\View\View->render('log_activity', Array, true)
#3 C:\Elvan\laundry\app\Controllers\ActivityLogController.php(27): view('log_activity', Array)
#4 C:\Elvan\laundry\system\CodeIgniter.php(928): App\Controllers\ActivityLogController->log()
#5 C:\Elvan\laundry\system\CodeIgniter.php(436): CodeIgniter\CodeIgniter->runController(Object(App\Controllers\ActivityLogController))
#6 C:\Elvan\laundry\system\CodeIgniter.php(336): CodeIgniter\CodeIgniter->handleRequest(NULL, Object(Config\Cache), false)
#7 C:\Elvan\laundry\public\index.php(37): CodeIgniter\CodeIgniter->run()
#8 C:\Elvan\laundry\system\Commands\Server\rewrite.php(45): require_once('C:\\Elvan\\laundr...')
#9 {main}
CRITICAL - 2024-08-10 23:46:19 --> Cannot use object of type stdClass as array
#0 C:\Elvan\laundry\system\View\View.php(230): include()
#1 C:\Elvan\laundry\system\View\View.php(232): CodeIgniter\View\View->CodeIgniter\View\{closure}()
#2 C:\Elvan\laundry\system\Common.php(1271): CodeIgniter\View\View->render('log_activity', Array, true)
#3 C:\Elvan\laundry\app\Controllers\ActivityLogController.php(27): view('log_activity', Array)
#4 C:\Elvan\laundry\system\CodeIgniter.php(928): App\Controllers\ActivityLogController->log()
#5 C:\Elvan\laundry\system\CodeIgniter.php(436): CodeIgniter\CodeIgniter->runController(Object(App\Controllers\ActivityLogController))
#6 C:\Elvan\laundry\system\CodeIgniter.php(336): CodeIgniter\CodeIgniter->handleRequest(NULL, Object(Config\Cache), false)
#7 C:\Elvan\laundry\public\index.php(37): CodeIgniter\CodeIgniter->run()
#8 C:\Elvan\laundry\system\Commands\Server\rewrite.php(45): require_once('C:\\Elvan\\laundr...')
#9 {main}
CRITICAL - 2024-08-10 23:46:21 --> Cannot use object of type stdClass as array
#0 C:\Elvan\laundry\system\View\View.php(230): include()
#1 C:\Elvan\laundry\system\View\View.php(232): CodeIgniter\View\View->CodeIgniter\View\{closure}()
#2 C:\Elvan\laundry\system\Common.php(1271): CodeIgniter\View\View->render('log_activity', Array, true)
#3 C:\Elvan\laundry\app\Controllers\ActivityLogController.php(27): view('log_activity', Array)
#4 C:\Elvan\laundry\system\CodeIgniter.php(928): App\Controllers\ActivityLogController->log()
#5 C:\Elvan\laundry\system\CodeIgniter.php(436): CodeIgniter\CodeIgniter->runController(Object(App\Controllers\ActivityLogController))
#6 C:\Elvan\laundry\system\CodeIgniter.php(336): CodeIgniter\CodeIgniter->handleRequest(NULL, Object(Config\Cache), false)
#7 C:\Elvan\laundry\public\index.php(37): CodeIgniter\CodeIgniter->run()
#8 C:\Elvan\laundry\system\Commands\Server\rewrite.php(45): require_once('C:\\Elvan\\laundr...')
#9 {main}
CRITICAL - 2024-08-10 23:46:24 --> Cannot use object of type stdClass as array
#0 C:\Elvan\laundry\system\View\View.php(230): include()
#1 C:\Elvan\laundry\system\View\View.php(232): CodeIgniter\View\View->CodeIgniter\View\{closure}()
#2 C:\Elvan\laundry\system\Common.php(1271): CodeIgniter\View\View->render('log_activity', Array, true)
#3 C:\Elvan\laundry\app\Controllers\ActivityLogController.php(27): view('log_activity', Array)
#4 C:\Elvan\laundry\system\CodeIgniter.php(928): App\Controllers\ActivityLogController->log()
#5 C:\Elvan\laundry\system\CodeIgniter.php(436): CodeIgniter\CodeIgniter->runController(Object(App\Controllers\ActivityLogController))
#6 C:\Elvan\laundry\system\CodeIgniter.php(336): CodeIgniter\CodeIgniter->handleRequest(NULL, Object(Config\Cache), false)
#7 C:\Elvan\laundry\public\index.php(37): CodeIgniter\CodeIgniter->run()
#8 C:\Elvan\laundry\system\Commands\Server\rewrite.php(45): require_once('C:\\Elvan\\laundr...')
#9 {main}
CRITICAL - 2024-08-10 23:47:32 --> Call to undefined method App\Models\UserActivityModel::getActivitiesWithUsernames
#0 C:\Elvan\laundry\app\Controllers\ActivityLogController.php(23): CodeIgniter\Model->__call('getActivitiesWi...', Array)
#1 C:\Elvan\laundry\system\CodeIgniter.php(928): App\Controllers\ActivityLogController->log()
#2 C:\Elvan\laundry\system\CodeIgniter.php(436): CodeIgniter\CodeIgniter->runController(Object(App\Controllers\ActivityLogController))
#3 C:\Elvan\laundry\system\CodeIgniter.php(336): CodeIgniter\CodeIgniter->handleRequest(NULL, Object(Config\Cache), false)
#4 C:\Elvan\laundry\public\index.php(37): CodeIgniter\CodeIgniter->run()
#5 C:\Elvan\laundry\system\Commands\Server\rewrite.php(45): require_once('C:\\Elvan\\laundr...')
#6 {main}
