ERROR - 2024-07-31 00:09:29 --> Table 'laundry.jpakaian' doesn't exist
CRITICAL - 2024-07-31 00:09:29 --> Call to a member function getResult() on bool
#0 C:\laundry\app\Controllers\Home.php(398): App\Models\M_laundry->join4tblAndFilterByUser1('pemesanan', 'jpakaian', 'jpelayanan', 'user', 'pemesanan.id_jp...', 'pemesanan.id_jp...', 'pemesanan.id_us...', '1')
#1 C:\laundry\system\CodeIgniter.php(928): App\Controllers\Home->transaksi()
#2 C:\laundry\system\CodeIgniter.php(436): CodeIgniter\CodeIgniter->runController(Object(App\Controllers\Home))
#3 C:\laundry\system\CodeIgniter.php(336): CodeIgniter\CodeIgniter->handleRequest(NULL, Object(Config\Cache), false)
#4 C:\laundry\public\index.php(37): CodeIgniter\CodeIgniter->run()
#5 C:\laundry\system\Commands\Server\rewrite.php(45): require_once('C:\\laundry\\publ...')
#6 {main}
ERROR - 2024-07-31 00:13:38 --> Unknown column 'foto' in 'field list'
CRITICAL - 2024-07-31 00:58:00 --> Call to undefined method App\Models\M_laundry::edit1
#0 C:\laundry\app\Controllers\Home.php(104): CodeIgniter\Model->__call('edit1', Array)
#1 C:\laundry\system\CodeIgniter.php(928): App\Controllers\Home->aksi_e_password()
#2 C:\laundry\system\CodeIgniter.php(436): CodeIgniter\CodeIgniter->runController(Object(App\Controllers\Home))
#3 C:\laundry\system\CodeIgniter.php(336): CodeIgniter\CodeIgniter->handleRequest(NULL, Object(Config\Cache), false)
#4 C:\laundry\public\index.php(37): CodeIgniter\CodeIgniter->run()
#5 C:\laundry\system\Commands\Server\rewrite.php(45): require_once('C:\\laundry\\publ...')
#6 {main}
ERROR - 2024-07-31 01:03:34 --> Unknown column 'id_setting' in 'where clause'
ERROR - 2024-07-31 01:09:09 --> Unknown column 'id_setting' in 'where clause'
ERROR - 2024-07-31 01:10:07 --> Unknown column 'id_setting' in 'where clause'
ERROR - 2024-07-31 01:11:45 --> Unknown column 'id_setting' in 'where clause'
CRITICAL - 2024-07-31 01:17:31 --> Too few arguments to function App\Controllers\Home::profile(), 0 passed in C:\laundry\system\CodeIgniter.php on line 928 and exactly 1 expected
#0 C:\laundry\system\CodeIgniter.php(928): App\Controllers\Home->profile()
#1 C:\laundry\system\CodeIgniter.php(436): CodeIgniter\CodeIgniter->runController(Object(App\Controllers\Home))
#2 C:\laundry\system\CodeIgniter.php(336): CodeIgniter\CodeIgniter->handleRequest(NULL, Object(Config\Cache), false)
#3 C:\laundry\public\index.php(37): CodeIgniter\CodeIgniter->run()
#4 C:\laundry\system\Commands\Server\rewrite.php(45): require_once('C:\\laundry\\publ...')
#5 {main}
ERROR - 2024-07-31 01:51:28 --> Table 'laundry.jpakaian' doesn't exist
CRITICAL - 2024-07-31 01:51:28 --> Call to a member function getResult() on bool
#0 C:\laundry\app\Controllers\Home.php(421): App\Models\M_laundry->join4tblAndFilterByUser1('pemesanan', 'jpakaian', 'jpelayanan', 'user', 'pemesanan.id_jp...', 'pemesanan.id_jp...', 'pemesanan.id_us...', '1')
#1 C:\laundry\system\CodeIgniter.php(928): App\Controllers\Home->transaksi()
#2 C:\laundry\system\CodeIgniter.php(436): CodeIgniter\CodeIgniter->runController(Object(App\Controllers\Home))
#3 C:\laundry\system\CodeIgniter.php(336): CodeIgniter\CodeIgniter->handleRequest(NULL, Object(Config\Cache), false)
#4 C:\laundry\public\index.php(37): CodeIgniter\CodeIgniter->run()
#5 C:\laundry\system\Commands\Server\rewrite.php(45): require_once('C:\\laundry\\publ...')
#6 {main}
CRITICAL - 2024-07-31 09:00:51 --> syntax error, unexpected 'id' (T_STRING), expecting ')'
#0 C:\laundry\system\Router\Router.php(169): CodeIgniter\Router\Router->autoRoute('home/profile')
#1 C:\laundry\system\CodeIgniter.php(809): CodeIgniter\Router\Router->handle('home/profile')
#2 C:\laundry\system\CodeIgniter.php(389): CodeIgniter\CodeIgniter->tryToRouteIt(Object(CodeIgniter\Router\RouteCollection))
#3 C:\laundry\system\CodeIgniter.php(336): CodeIgniter\CodeIgniter->handleRequest(NULL, Object(Config\Cache), false)
#4 C:\laundry\public\index.php(37): CodeIgniter\CodeIgniter->run()
#5 C:\laundry\system\Commands\Server\rewrite.php(45): require_once('C:\\laundry\\publ...')
#6 {main}
CRITICAL - 2024-07-31 09:01:01 --> syntax error, unexpected 'id' (T_STRING), expecting ')'
#0 C:\laundry\system\Router\Router.php(169): CodeIgniter\Router\Router->autoRoute('home/profile')
#1 C:\laundry\system\CodeIgniter.php(809): CodeIgniter\Router\Router->handle('home/profile')
#2 C:\laundry\system\CodeIgniter.php(389): CodeIgniter\CodeIgniter->tryToRouteIt(Object(CodeIgniter\Router\RouteCollection))
#3 C:\laundry\system\CodeIgniter.php(336): CodeIgniter\CodeIgniter->handleRequest(NULL, Object(Config\Cache), false)
#4 C:\laundry\public\index.php(37): CodeIgniter\CodeIgniter->run()
#5 C:\laundry\system\Commands\Server\rewrite.php(45): require_once('C:\\laundry\\publ...')
#6 {main}
CRITICAL - 2024-07-31 09:01:02 --> syntax error, unexpected 'id' (T_STRING), expecting ')'
#0 C:\laundry\system\Router\Router.php(169): CodeIgniter\Router\Router->autoRoute('home/profile/1')
#1 C:\laundry\system\CodeIgniter.php(809): CodeIgniter\Router\Router->handle('home/profile/1')
#2 C:\laundry\system\CodeIgniter.php(389): CodeIgniter\CodeIgniter->tryToRouteIt(Object(CodeIgniter\Router\RouteCollection))
#3 C:\laundry\system\CodeIgniter.php(336): CodeIgniter\CodeIgniter->handleRequest(NULL, Object(Config\Cache), false)
#4 C:\laundry\public\index.php(37): CodeIgniter\CodeIgniter->run()
#5 C:\laundry\system\Commands\Server\rewrite.php(45): require_once('C:\\laundry\\publ...')
#6 {main}
CRITICAL - 2024-07-31 09:01:03 --> syntax error, unexpected 'id' (T_STRING), expecting ')'
#0 C:\laundry\system\Router\Router.php(169): CodeIgniter\Router\Router->autoRoute('home/dashboard')
#1 C:\laundry\system\CodeIgniter.php(809): CodeIgniter\Router\Router->handle('home/dashboard')
#2 C:\laundry\system\CodeIgniter.php(389): CodeIgniter\CodeIgniter->tryToRouteIt(Object(CodeIgniter\Router\RouteCollection))
#3 C:\laundry\system\CodeIgniter.php(336): CodeIgniter\CodeIgniter->handleRequest(NULL, Object(Config\Cache), false)
#4 C:\laundry\public\index.php(37): CodeIgniter\CodeIgniter->run()
#5 C:\laundry\system\Commands\Server\rewrite.php(45): require_once('C:\\laundry\\publ...')
#6 {main}
CRITICAL - 2024-07-31 09:01:03 --> syntax error, unexpected 'id' (T_STRING), expecting ')'
#0 C:\laundry\system\Router\Router.php(169): CodeIgniter\Router\Router->autoRoute('home/dashboard')
#1 C:\laundry\system\CodeIgniter.php(809): CodeIgniter\Router\Router->handle('home/dashboard')
#2 C:\laundry\system\CodeIgniter.php(389): CodeIgniter\CodeIgniter->tryToRouteIt(Object(CodeIgniter\Router\RouteCollection))
#3 C:\laundry\system\CodeIgniter.php(336): CodeIgniter\CodeIgniter->handleRequest(NULL, Object(Config\Cache), false)
#4 C:\laundry\public\index.php(37): CodeIgniter\CodeIgniter->run()
#5 C:\laundry\system\Commands\Server\rewrite.php(45): require_once('C:\\laundry\\publ...')
#6 {main}
ERROR - 2024-07-31 22:56:31 --> Error connecting to the database: No connection could be made because the target machine actively refused it.

CRITICAL - 2024-07-31 22:56:31 --> Unable to connect to the database.
Main connection [MySQLi]: No connection could be made because the target machine actively refused it.

#0 C:\laundry\system\Database\BaseConnection.php(625): CodeIgniter\Database\BaseConnection->initialize()
#1 C:\laundry\system\Database\BaseBuilder.php(2049): CodeIgniter\Database\BaseConnection->query('SELECT *\nFROM `...', Array, false)
#2 C:\laundry\app\Models\M_laundry.php(92): CodeIgniter\Database\BaseBuilder->getWhere(Array)
#3 C:\laundry\app\Controllers\Home.php(83): App\Models\M_laundry->getWhere('user', Array)
#4 C:\laundry\system\CodeIgniter.php(928): App\Controllers\Home->profile()
#5 C:\laundry\system\CodeIgniter.php(436): CodeIgniter\CodeIgniter->runController(Object(App\Controllers\Home))
#6 C:\laundry\system\CodeIgniter.php(336): CodeIgniter\CodeIgniter->handleRequest(NULL, Object(Config\Cache), false)
#7 C:\laundry\public\index.php(37): CodeIgniter\CodeIgniter->run()
#8 C:\laundry\system\Commands\Server\rewrite.php(45): require_once('C:\\laundry\\publ...')
#9 {main}
ERROR - 2024-07-31 22:56:50 --> Error connecting to the database: No connection could be made because the target machine actively refused it.

CRITICAL - 2024-07-31 22:56:50 --> Unable to connect to the database.
Main connection [MySQLi]: No connection could be made because the target machine actively refused it.

#0 C:\laundry\system\Database\BaseConnection.php(625): CodeIgniter\Database\BaseConnection->initialize()
#1 C:\laundry\system\Database\BaseBuilder.php(2049): CodeIgniter\Database\BaseConnection->query('SELECT *\nFROM `...', Array, false)
#2 C:\laundry\app\Models\M_laundry.php(92): CodeIgniter\Database\BaseBuilder->getWhere(Array)
#3 C:\laundry\app\Controllers\Home.php(83): App\Models\M_laundry->getWhere('user', Array)
#4 C:\laundry\system\CodeIgniter.php(928): App\Controllers\Home->profile()
#5 C:\laundry\system\CodeIgniter.php(436): CodeIgniter\CodeIgniter->runController(Object(App\Controllers\Home))
#6 C:\laundry\system\CodeIgniter.php(336): CodeIgniter\CodeIgniter->handleRequest(NULL, Object(Config\Cache), false)
#7 C:\laundry\public\index.php(37): CodeIgniter\CodeIgniter->run()
#8 C:\laundry\system\Commands\Server\rewrite.php(45): require_once('C:\\laundry\\publ...')
#9 {main}
