CRITICAL - 2024-08-03 01:32:03 --> Object of class stdClass could not be converted to string
#0 C:\laundry\system\View\View.php(230): include()
#1 C:\laundry\system\View\View.php(232): CodeIgniter\View\View->CodeIgniter\View\{closure}()
#2 C:\laundry\system\Common.php(1271): CodeIgniter\View\View->render('detail_karyawan', Array, true)
#3 C:\laundry\app\Controllers\Home.php(524): view('detail_karyawan', Array)
#4 C:\laundry\system\CodeIgniter.php(928): App\Controllers\Home->detail_karyawan('1')
#5 C:\laundry\system\CodeIgniter.php(436): CodeIgniter\CodeIgniter->runController(Object(App\Controllers\Home))
#6 C:\laundry\system\CodeIgniter.php(336): CodeIgniter\CodeIgniter->handleRequest(NULL, Object(Config\Cache), false)
#7 C:\laundry\public\index.php(37): CodeIgniter\CodeIgniter->run()
#8 C:\laundry\system\Commands\Server\rewrite.php(45): require_once('C:\\laundry\\publ...')
#9 {main}
CRITICAL - 2024-08-03 01:32:03 --> Object of class stdClass could not be converted to string
#0 C:\laundry\system\View\View.php(230): include()
#1 C:\laundry\system\View\View.php(232): CodeIgniter\View\View->CodeIgniter\View\{closure}()
#2 C:\laundry\system\Common.php(1271): CodeIgniter\View\View->render('detail_karyawan', Array, true)
#3 C:\laundry\app\Controllers\Home.php(524): view('detail_karyawan', Array)
#4 C:\laundry\system\CodeIgniter.php(928): App\Controllers\Home->detail_karyawan('images', 'faces', 'face1.jpg')
#5 C:\laundry\system\CodeIgniter.php(436): CodeIgniter\CodeIgniter->runController(Object(App\Controllers\Home))
#6 C:\laundry\system\CodeIgniter.php(336): CodeIgniter\CodeIgniter->handleRequest(NULL, Object(Config\Cache), false)
#7 C:\laundry\public\index.php(37): CodeIgniter\CodeIgniter->run()
#8 C:\laundry\system\Commands\Server\rewrite.php(45): require_once('C:\\laundry\\publ...')
#9 {main}
CRITICAL - 2024-08-03 01:32:03 --> Object of class stdClass could not be converted to string
#0 C:\laundry\system\View\View.php(230): include()
#1 C:\laundry\system\View\View.php(232): CodeIgniter\View\View->CodeIgniter\View\{closure}()
#2 C:\laundry\system\Common.php(1271): CodeIgniter\View\View->render('detail_karyawan', Array, true)
#3 C:\laundry\app\Controllers\Home.php(524): view('detail_karyawan', Array)
#4 C:\laundry\system\CodeIgniter.php(928): App\Controllers\Home->detail_karyawan('images', 'faces', 'face2.jpg')
#5 C:\laundry\system\CodeIgniter.php(436): CodeIgniter\CodeIgniter->runController(Object(App\Controllers\Home))
#6 C:\laundry\system\CodeIgniter.php(336): CodeIgniter\CodeIgniter->handleRequest(NULL, Object(Config\Cache), false)
#7 C:\laundry\public\index.php(37): CodeIgniter\CodeIgniter->run()
#8 C:\laundry\system\Commands\Server\rewrite.php(45): require_once('C:\\laundry\\publ...')
#9 {main}
CRITICAL - 2024-08-03 01:32:03 --> Object of class stdClass could not be converted to string
#0 C:\laundry\system\View\View.php(230): include()
#1 C:\laundry\system\View\View.php(232): CodeIgniter\View\View->CodeIgniter\View\{closure}()
#2 C:\laundry\system\Common.php(1271): CodeIgniter\View\View->render('detail_karyawan', Array, true)
#3 C:\laundry\app\Controllers\Home.php(524): view('detail_karyawan', Array)
#4 C:\laundry\system\CodeIgniter.php(928): App\Controllers\Home->detail_karyawan('images', 'faces', 'face3.jpg')
#5 C:\laundry\system\CodeIgniter.php(436): CodeIgniter\CodeIgniter->runController(Object(App\Controllers\Home))
#6 C:\laundry\system\CodeIgniter.php(336): CodeIgniter\CodeIgniter->handleRequest(NULL, Object(Config\Cache), false)
#7 C:\laundry\public\index.php(37): CodeIgniter\CodeIgniter->run()
#8 C:\laundry\system\Commands\Server\rewrite.php(45): require_once('C:\\laundry\\publ...')
#9 {main}
CRITICAL - 2024-08-03 01:32:03 --> Object of class stdClass could not be converted to string
#0 C:\laundry\system\View\View.php(230): include()
#1 C:\laundry\system\View\View.php(232): CodeIgniter\View\View->CodeIgniter\View\{closure}()
#2 C:\laundry\system\Common.php(1271): CodeIgniter\View\View->render('detail_karyawan', Array, true)
#3 C:\laundry\app\Controllers\Home.php(524): view('detail_karyawan', Array)
#4 C:\laundry\system\CodeIgniter.php(928): App\Controllers\Home->detail_karyawan('images', 'faces', 'face4.jpg')
#5 C:\laundry\system\CodeIgniter.php(436): CodeIgniter\CodeIgniter->runController(Object(App\Controllers\Home))
#6 C:\laundry\system\CodeIgniter.php(336): CodeIgniter\CodeIgniter->handleRequest(NULL, Object(Config\Cache), false)
#7 C:\laundry\public\index.php(37): CodeIgniter\CodeIgniter->run()
#8 C:\laundry\system\Commands\Server\rewrite.php(45): require_once('C:\\laundry\\publ...')
#9 {main}
CRITICAL - 2024-08-03 01:32:03 --> Object of class stdClass could not be converted to string
#0 C:\laundry\system\View\View.php(230): include()
#1 C:\laundry\system\View\View.php(232): CodeIgniter\View\View->CodeIgniter\View\{closure}()
#2 C:\laundry\system\Common.php(1271): CodeIgniter\View\View->render('detail_karyawan', Array, true)
#3 C:\laundry\app\Controllers\Home.php(524): view('detail_karyawan', Array)
#4 C:\laundry\system\CodeIgniter.php(928): App\Controllers\Home->detail_karyawan('images', 'faces', 'face5.jpg')
#5 C:\laundry\system\CodeIgniter.php(436): CodeIgniter\CodeIgniter->runController(Object(App\Controllers\Home))
#6 C:\laundry\system\CodeIgniter.php(336): CodeIgniter\CodeIgniter->handleRequest(NULL, Object(Config\Cache), false)
#7 C:\laundry\public\index.php(37): CodeIgniter\CodeIgniter->run()
#8 C:\laundry\system\Commands\Server\rewrite.php(45): require_once('C:\\laundry\\publ...')
#9 {main}
CRITICAL - 2024-08-03 01:32:03 --> Object of class stdClass could not be converted to string
#0 C:\laundry\system\View\View.php(230): include()
#1 C:\laundry\system\View\View.php(232): CodeIgniter\View\View->CodeIgniter\View\{closure}()
#2 C:\laundry\system\Common.php(1271): CodeIgniter\View\View->render('detail_karyawan', Array, true)
#3 C:\laundry\app\Controllers\Home.php(524): view('detail_karyawan', Array)
#4 C:\laundry\system\CodeIgniter.php(928): App\Controllers\Home->detail_karyawan('images', 'faces', 'face6.jpg')
#5 C:\laundry\system\CodeIgniter.php(436): CodeIgniter\CodeIgniter->runController(Object(App\Controllers\Home))
#6 C:\laundry\system\CodeIgniter.php(336): CodeIgniter\CodeIgniter->handleRequest(NULL, Object(Config\Cache), false)
#7 C:\laundry\public\index.php(37): CodeIgniter\CodeIgniter->run()
#8 C:\laundry\system\Commands\Server\rewrite.php(45): require_once('C:\\laundry\\publ...')
#9 {main}
CRITICAL - 2024-08-03 01:32:35 --> Object of class stdClass could not be converted to string
#0 C:\laundry\system\View\View.php(230): include()
#1 C:\laundry\system\View\View.php(232): CodeIgniter\View\View->CodeIgniter\View\{closure}()
#2 C:\laundry\system\Common.php(1271): CodeIgniter\View\View->render('detail_karyawan', Array, true)
#3 C:\laundry\app\Controllers\Home.php(524): view('detail_karyawan', Array)
#4 C:\laundry\system\CodeIgniter.php(928): App\Controllers\Home->detail_karyawan('1')
#5 C:\laundry\system\CodeIgniter.php(436): CodeIgniter\CodeIgniter->runController(Object(App\Controllers\Home))
#6 C:\laundry\system\CodeIgniter.php(336): CodeIgniter\CodeIgniter->handleRequest(NULL, Object(Config\Cache), false)
#7 C:\laundry\public\index.php(37): CodeIgniter\CodeIgniter->run()
#8 C:\laundry\system\Commands\Server\rewrite.php(45): require_once('C:\\laundry\\publ...')
#9 {main}
CRITICAL - 2024-08-03 01:32:35 --> Object of class stdClass could not be converted to string
#0 C:\laundry\system\View\View.php(230): include()
#1 C:\laundry\system\View\View.php(232): CodeIgniter\View\View->CodeIgniter\View\{closure}()
#2 C:\laundry\system\Common.php(1271): CodeIgniter\View\View->render('detail_karyawan', Array, true)
#3 C:\laundry\app\Controllers\Home.php(524): view('detail_karyawan', Array)
#4 C:\laundry\system\CodeIgniter.php(928): App\Controllers\Home->detail_karyawan('images', 'faces', 'face1.jpg')
#5 C:\laundry\system\CodeIgniter.php(436): CodeIgniter\CodeIgniter->runController(Object(App\Controllers\Home))
#6 C:\laundry\system\CodeIgniter.php(336): CodeIgniter\CodeIgniter->handleRequest(NULL, Object(Config\Cache), false)
#7 C:\laundry\public\index.php(37): CodeIgniter\CodeIgniter->run()
#8 C:\laundry\system\Commands\Server\rewrite.php(45): require_once('C:\\laundry\\publ...')
#9 {main}
CRITICAL - 2024-08-03 01:32:35 --> Object of class stdClass could not be converted to string
#0 C:\laundry\system\View\View.php(230): include()
#1 C:\laundry\system\View\View.php(232): CodeIgniter\View\View->CodeIgniter\View\{closure}()
#2 C:\laundry\system\Common.php(1271): CodeIgniter\View\View->render('detail_karyawan', Array, true)
#3 C:\laundry\app\Controllers\Home.php(524): view('detail_karyawan', Array)
#4 C:\laundry\system\CodeIgniter.php(928): App\Controllers\Home->detail_karyawan('images', 'faces', 'face2.jpg')
#5 C:\laundry\system\CodeIgniter.php(436): CodeIgniter\CodeIgniter->runController(Object(App\Controllers\Home))
#6 C:\laundry\system\CodeIgniter.php(336): CodeIgniter\CodeIgniter->handleRequest(NULL, Object(Config\Cache), false)
#7 C:\laundry\public\index.php(37): CodeIgniter\CodeIgniter->run()
#8 C:\laundry\system\Commands\Server\rewrite.php(45): require_once('C:\\laundry\\publ...')
#9 {main}
CRITICAL - 2024-08-03 01:32:35 --> Object of class stdClass could not be converted to string
#0 C:\laundry\system\View\View.php(230): include()
#1 C:\laundry\system\View\View.php(232): CodeIgniter\View\View->CodeIgniter\View\{closure}()
#2 C:\laundry\system\Common.php(1271): CodeIgniter\View\View->render('detail_karyawan', Array, true)
#3 C:\laundry\app\Controllers\Home.php(524): view('detail_karyawan', Array)
#4 C:\laundry\system\CodeIgniter.php(928): App\Controllers\Home->detail_karyawan('images', 'faces', 'face3.jpg')
#5 C:\laundry\system\CodeIgniter.php(436): CodeIgniter\CodeIgniter->runController(Object(App\Controllers\Home))
#6 C:\laundry\system\CodeIgniter.php(336): CodeIgniter\CodeIgniter->handleRequest(NULL, Object(Config\Cache), false)
#7 C:\laundry\public\index.php(37): CodeIgniter\CodeIgniter->run()
#8 C:\laundry\system\Commands\Server\rewrite.php(45): require_once('C:\\laundry\\publ...')
#9 {main}
CRITICAL - 2024-08-03 01:32:35 --> Object of class stdClass could not be converted to string
#0 C:\laundry\system\View\View.php(230): include()
#1 C:\laundry\system\View\View.php(232): CodeIgniter\View\View->CodeIgniter\View\{closure}()
#2 C:\laundry\system\Common.php(1271): CodeIgniter\View\View->render('detail_karyawan', Array, true)
#3 C:\laundry\app\Controllers\Home.php(524): view('detail_karyawan', Array)
#4 C:\laundry\system\CodeIgniter.php(928): App\Controllers\Home->detail_karyawan('images', 'faces', 'face4.jpg')
#5 C:\laundry\system\CodeIgniter.php(436): CodeIgniter\CodeIgniter->runController(Object(App\Controllers\Home))
#6 C:\laundry\system\CodeIgniter.php(336): CodeIgniter\CodeIgniter->handleRequest(NULL, Object(Config\Cache), false)
#7 C:\laundry\public\index.php(37): CodeIgniter\CodeIgniter->run()
#8 C:\laundry\system\Commands\Server\rewrite.php(45): require_once('C:\\laundry\\publ...')
#9 {main}
CRITICAL - 2024-08-03 01:32:36 --> Object of class stdClass could not be converted to string
#0 C:\laundry\system\View\View.php(230): include()
#1 C:\laundry\system\View\View.php(232): CodeIgniter\View\View->CodeIgniter\View\{closure}()
#2 C:\laundry\system\Common.php(1271): CodeIgniter\View\View->render('detail_karyawan', Array, true)
#3 C:\laundry\app\Controllers\Home.php(524): view('detail_karyawan', Array)
#4 C:\laundry\system\CodeIgniter.php(928): App\Controllers\Home->detail_karyawan('images', 'faces', 'face5.jpg')
#5 C:\laundry\system\CodeIgniter.php(436): CodeIgniter\CodeIgniter->runController(Object(App\Controllers\Home))
#6 C:\laundry\system\CodeIgniter.php(336): CodeIgniter\CodeIgniter->handleRequest(NULL, Object(Config\Cache), false)
#7 C:\laundry\public\index.php(37): CodeIgniter\CodeIgniter->run()
#8 C:\laundry\system\Commands\Server\rewrite.php(45): require_once('C:\\laundry\\publ...')
#9 {main}
CRITICAL - 2024-08-03 01:32:36 --> Object of class stdClass could not be converted to string
#0 C:\laundry\system\View\View.php(230): include()
#1 C:\laundry\system\View\View.php(232): CodeIgniter\View\View->CodeIgniter\View\{closure}()
#2 C:\laundry\system\Common.php(1271): CodeIgniter\View\View->render('detail_karyawan', Array, true)
#3 C:\laundry\app\Controllers\Home.php(524): view('detail_karyawan', Array)
#4 C:\laundry\system\CodeIgniter.php(928): App\Controllers\Home->detail_karyawan('images', 'faces', 'face6.jpg')
#5 C:\laundry\system\CodeIgniter.php(436): CodeIgniter\CodeIgniter->runController(Object(App\Controllers\Home))
#6 C:\laundry\system\CodeIgniter.php(336): CodeIgniter\CodeIgniter->handleRequest(NULL, Object(Config\Cache), false)
#7 C:\laundry\public\index.php(37): CodeIgniter\CodeIgniter->run()
#8 C:\laundry\system\Commands\Server\rewrite.php(45): require_once('C:\\laundry\\publ...')
#9 {main}
CRITICAL - 2024-08-03 01:35:46 --> Object of class stdClass could not be converted to string
#0 C:\laundry\system\View\View.php(230): include()
#1 C:\laundry\system\View\View.php(232): CodeIgniter\View\View->CodeIgniter\View\{closure}()
#2 C:\laundry\system\Common.php(1271): CodeIgniter\View\View->render('detail_karyawan', Array, true)
#3 C:\laundry\app\Controllers\Home.php(524): view('detail_karyawan', Array)
#4 C:\laundry\system\CodeIgniter.php(928): App\Controllers\Home->detail_karyawan('1')
#5 C:\laundry\system\CodeIgniter.php(436): CodeIgniter\CodeIgniter->runController(Object(App\Controllers\Home))
#6 C:\laundry\system\CodeIgniter.php(336): CodeIgniter\CodeIgniter->handleRequest(NULL, Object(Config\Cache), false)
#7 C:\laundry\public\index.php(37): CodeIgniter\CodeIgniter->run()
#8 C:\laundry\system\Commands\Server\rewrite.php(45): require_once('C:\\laundry\\publ...')
#9 {main}
CRITICAL - 2024-08-03 01:35:46 --> Object of class stdClass could not be converted to string
#0 C:\laundry\system\View\View.php(230): include()
#1 C:\laundry\system\View\View.php(232): CodeIgniter\View\View->CodeIgniter\View\{closure}()
#2 C:\laundry\system\Common.php(1271): CodeIgniter\View\View->render('detail_karyawan', Array, true)
#3 C:\laundry\app\Controllers\Home.php(524): view('detail_karyawan', Array)
#4 C:\laundry\system\CodeIgniter.php(928): App\Controllers\Home->detail_karyawan('images', 'faces', 'face1.jpg')
#5 C:\laundry\system\CodeIgniter.php(436): CodeIgniter\CodeIgniter->runController(Object(App\Controllers\Home))
#6 C:\laundry\system\CodeIgniter.php(336): CodeIgniter\CodeIgniter->handleRequest(NULL, Object(Config\Cache), false)
#7 C:\laundry\public\index.php(37): CodeIgniter\CodeIgniter->run()
#8 C:\laundry\system\Commands\Server\rewrite.php(45): require_once('C:\\laundry\\publ...')
#9 {main}
CRITICAL - 2024-08-03 01:35:46 --> Object of class stdClass could not be converted to string
#0 C:\laundry\system\View\View.php(230): include()
#1 C:\laundry\system\View\View.php(232): CodeIgniter\View\View->CodeIgniter\View\{closure}()
#2 C:\laundry\system\Common.php(1271): CodeIgniter\View\View->render('detail_karyawan', Array, true)
#3 C:\laundry\app\Controllers\Home.php(524): view('detail_karyawan', Array)
#4 C:\laundry\system\CodeIgniter.php(928): App\Controllers\Home->detail_karyawan('images', 'faces', 'face2.jpg')
#5 C:\laundry\system\CodeIgniter.php(436): CodeIgniter\CodeIgniter->runController(Object(App\Controllers\Home))
#6 C:\laundry\system\CodeIgniter.php(336): CodeIgniter\CodeIgniter->handleRequest(NULL, Object(Config\Cache), false)
#7 C:\laundry\public\index.php(37): CodeIgniter\CodeIgniter->run()
#8 C:\laundry\system\Commands\Server\rewrite.php(45): require_once('C:\\laundry\\publ...')
#9 {main}
CRITICAL - 2024-08-03 01:35:46 --> Object of class stdClass could not be converted to string
#0 C:\laundry\system\View\View.php(230): include()
#1 C:\laundry\system\View\View.php(232): CodeIgniter\View\View->CodeIgniter\View\{closure}()
#2 C:\laundry\system\Common.php(1271): CodeIgniter\View\View->render('detail_karyawan', Array, true)
#3 C:\laundry\app\Controllers\Home.php(524): view('detail_karyawan', Array)
#4 C:\laundry\system\CodeIgniter.php(928): App\Controllers\Home->detail_karyawan('images', 'faces', 'face3.jpg')
#5 C:\laundry\system\CodeIgniter.php(436): CodeIgniter\CodeIgniter->runController(Object(App\Controllers\Home))
#6 C:\laundry\system\CodeIgniter.php(336): CodeIgniter\CodeIgniter->handleRequest(NULL, Object(Config\Cache), false)
#7 C:\laundry\public\index.php(37): CodeIgniter\CodeIgniter->run()
#8 C:\laundry\system\Commands\Server\rewrite.php(45): require_once('C:\\laundry\\publ...')
#9 {main}
CRITICAL - 2024-08-03 01:35:47 --> Object of class stdClass could not be converted to string
#0 C:\laundry\system\View\View.php(230): include()
#1 C:\laundry\system\View\View.php(232): CodeIgniter\View\View->CodeIgniter\View\{closure}()
#2 C:\laundry\system\Common.php(1271): CodeIgniter\View\View->render('detail_karyawan', Array, true)
#3 C:\laundry\app\Controllers\Home.php(524): view('detail_karyawan', Array)
#4 C:\laundry\system\CodeIgniter.php(928): App\Controllers\Home->detail_karyawan('images', 'faces', 'face4.jpg')
#5 C:\laundry\system\CodeIgniter.php(436): CodeIgniter\CodeIgniter->runController(Object(App\Controllers\Home))
#6 C:\laundry\system\CodeIgniter.php(336): CodeIgniter\CodeIgniter->handleRequest(NULL, Object(Config\Cache), false)
#7 C:\laundry\public\index.php(37): CodeIgniter\CodeIgniter->run()
#8 C:\laundry\system\Commands\Server\rewrite.php(45): require_once('C:\\laundry\\publ...')
#9 {main}
CRITICAL - 2024-08-03 01:35:47 --> Object of class stdClass could not be converted to string
#0 C:\laundry\system\View\View.php(230): include()
#1 C:\laundry\system\View\View.php(232): CodeIgniter\View\View->CodeIgniter\View\{closure}()
#2 C:\laundry\system\Common.php(1271): CodeIgniter\View\View->render('detail_karyawan', Array, true)
#3 C:\laundry\app\Controllers\Home.php(524): view('detail_karyawan', Array)
#4 C:\laundry\system\CodeIgniter.php(928): App\Controllers\Home->detail_karyawan('images', 'faces', 'face5.jpg')
#5 C:\laundry\system\CodeIgniter.php(436): CodeIgniter\CodeIgniter->runController(Object(App\Controllers\Home))
#6 C:\laundry\system\CodeIgniter.php(336): CodeIgniter\CodeIgniter->handleRequest(NULL, Object(Config\Cache), false)
#7 C:\laundry\public\index.php(37): CodeIgniter\CodeIgniter->run()
#8 C:\laundry\system\Commands\Server\rewrite.php(45): require_once('C:\\laundry\\publ...')
#9 {main}
CRITICAL - 2024-08-03 01:35:47 --> Object of class stdClass could not be converted to string
#0 C:\laundry\system\View\View.php(230): include()
#1 C:\laundry\system\View\View.php(232): CodeIgniter\View\View->CodeIgniter\View\{closure}()
#2 C:\laundry\system\Common.php(1271): CodeIgniter\View\View->render('detail_karyawan', Array, true)
#3 C:\laundry\app\Controllers\Home.php(524): view('detail_karyawan', Array)
#4 C:\laundry\system\CodeIgniter.php(928): App\Controllers\Home->detail_karyawan('images', 'faces', 'face6.jpg')
#5 C:\laundry\system\CodeIgniter.php(436): CodeIgniter\CodeIgniter->runController(Object(App\Controllers\Home))
#6 C:\laundry\system\CodeIgniter.php(336): CodeIgniter\CodeIgniter->handleRequest(NULL, Object(Config\Cache), false)
#7 C:\laundry\public\index.php(37): CodeIgniter\CodeIgniter->run()
#8 C:\laundry\system\Commands\Server\rewrite.php(45): require_once('C:\\laundry\\publ...')
#9 {main}
CRITICAL - 2024-08-03 01:36:08 --> Invalid argument supplied for foreach()
#0 C:\laundry\app\Views\detail_karyawan.php(19): CodeIgniter\Debug\Exceptions->errorHandler(2, 'Invalid argumen...', 'C:\\laundry\\app\\...', 19, Array)
#1 C:\laundry\system\View\View.php(230): include('C:\\laundry\\app\\...')
#2 C:\laundry\system\View\View.php(232): CodeIgniter\View\View->CodeIgniter\View\{closure}()
#3 C:\laundry\system\Common.php(1271): CodeIgniter\View\View->render('detail_karyawan', Array, true)
#4 C:\laundry\app\Controllers\Home.php(524): view('detail_karyawan', Array)
#5 C:\laundry\system\CodeIgniter.php(928): App\Controllers\Home->detail_karyawan('1')
#6 C:\laundry\system\CodeIgniter.php(436): CodeIgniter\CodeIgniter->runController(Object(App\Controllers\Home))
#7 C:\laundry\system\CodeIgniter.php(336): CodeIgniter\CodeIgniter->handleRequest(NULL, Object(Config\Cache), false)
#8 C:\laundry\public\index.php(37): CodeIgniter\CodeIgniter->run()
#9 C:\laundry\system\Commands\Server\rewrite.php(45): require_once('C:\\laundry\\publ...')
#10 {main}
CRITICAL - 2024-08-03 01:36:08 --> Invalid argument supplied for foreach()
#0 C:\laundry\app\Views\detail_karyawan.php(19): CodeIgniter\Debug\Exceptions->errorHandler(2, 'Invalid argumen...', 'C:\\laundry\\app\\...', 19, Array)
#1 C:\laundry\system\View\View.php(230): include('C:\\laundry\\app\\...')
#2 C:\laundry\system\View\View.php(232): CodeIgniter\View\View->CodeIgniter\View\{closure}()
#3 C:\laundry\system\Common.php(1271): CodeIgniter\View\View->render('detail_karyawan', Array, true)
#4 C:\laundry\app\Controllers\Home.php(524): view('detail_karyawan', Array)
#5 C:\laundry\system\CodeIgniter.php(928): App\Controllers\Home->detail_karyawan('images', 'faces', 'face1.jpg')
#6 C:\laundry\system\CodeIgniter.php(436): CodeIgniter\CodeIgniter->runController(Object(App\Controllers\Home))
#7 C:\laundry\system\CodeIgniter.php(336): CodeIgniter\CodeIgniter->handleRequest(NULL, Object(Config\Cache), false)
#8 C:\laundry\public\index.php(37): CodeIgniter\CodeIgniter->run()
#9 C:\laundry\system\Commands\Server\rewrite.php(45): require_once('C:\\laundry\\publ...')
#10 {main}
CRITICAL - 2024-08-03 01:36:08 --> Invalid argument supplied for foreach()
#0 C:\laundry\app\Views\detail_karyawan.php(19): CodeIgniter\Debug\Exceptions->errorHandler(2, 'Invalid argumen...', 'C:\\laundry\\app\\...', 19, Array)
#1 C:\laundry\system\View\View.php(230): include('C:\\laundry\\app\\...')
#2 C:\laundry\system\View\View.php(232): CodeIgniter\View\View->CodeIgniter\View\{closure}()
#3 C:\laundry\system\Common.php(1271): CodeIgniter\View\View->render('detail_karyawan', Array, true)
#4 C:\laundry\app\Controllers\Home.php(524): view('detail_karyawan', Array)
#5 C:\laundry\system\CodeIgniter.php(928): App\Controllers\Home->detail_karyawan('images', 'faces', 'face2.jpg')
#6 C:\laundry\system\CodeIgniter.php(436): CodeIgniter\CodeIgniter->runController(Object(App\Controllers\Home))
#7 C:\laundry\system\CodeIgniter.php(336): CodeIgniter\CodeIgniter->handleRequest(NULL, Object(Config\Cache), false)
#8 C:\laundry\public\index.php(37): CodeIgniter\CodeIgniter->run()
#9 C:\laundry\system\Commands\Server\rewrite.php(45): require_once('C:\\laundry\\publ...')
#10 {main}
CRITICAL - 2024-08-03 01:36:08 --> Invalid argument supplied for foreach()
#0 C:\laundry\app\Views\detail_karyawan.php(19): CodeIgniter\Debug\Exceptions->errorHandler(2, 'Invalid argumen...', 'C:\\laundry\\app\\...', 19, Array)
#1 C:\laundry\system\View\View.php(230): include('C:\\laundry\\app\\...')
#2 C:\laundry\system\View\View.php(232): CodeIgniter\View\View->CodeIgniter\View\{closure}()
#3 C:\laundry\system\Common.php(1271): CodeIgniter\View\View->render('detail_karyawan', Array, true)
#4 C:\laundry\app\Controllers\Home.php(524): view('detail_karyawan', Array)
#5 C:\laundry\system\CodeIgniter.php(928): App\Controllers\Home->detail_karyawan('images', 'faces', 'face3.jpg')
#6 C:\laundry\system\CodeIgniter.php(436): CodeIgniter\CodeIgniter->runController(Object(App\Controllers\Home))
#7 C:\laundry\system\CodeIgniter.php(336): CodeIgniter\CodeIgniter->handleRequest(NULL, Object(Config\Cache), false)
#8 C:\laundry\public\index.php(37): CodeIgniter\CodeIgniter->run()
#9 C:\laundry\system\Commands\Server\rewrite.php(45): require_once('C:\\laundry\\publ...')
#10 {main}
CRITICAL - 2024-08-03 01:36:08 --> Invalid argument supplied for foreach()
#0 C:\laundry\app\Views\detail_karyawan.php(19): CodeIgniter\Debug\Exceptions->errorHandler(2, 'Invalid argumen...', 'C:\\laundry\\app\\...', 19, Array)
#1 C:\laundry\system\View\View.php(230): include('C:\\laundry\\app\\...')
#2 C:\laundry\system\View\View.php(232): CodeIgniter\View\View->CodeIgniter\View\{closure}()
#3 C:\laundry\system\Common.php(1271): CodeIgniter\View\View->render('detail_karyawan', Array, true)
#4 C:\laundry\app\Controllers\Home.php(524): view('detail_karyawan', Array)
#5 C:\laundry\system\CodeIgniter.php(928): App\Controllers\Home->detail_karyawan('images', 'faces', 'face4.jpg')
#6 C:\laundry\system\CodeIgniter.php(436): CodeIgniter\CodeIgniter->runController(Object(App\Controllers\Home))
#7 C:\laundry\system\CodeIgniter.php(336): CodeIgniter\CodeIgniter->handleRequest(NULL, Object(Config\Cache), false)
#8 C:\laundry\public\index.php(37): CodeIgniter\CodeIgniter->run()
#9 C:\laundry\system\Commands\Server\rewrite.php(45): require_once('C:\\laundry\\publ...')
#10 {main}
CRITICAL - 2024-08-03 01:36:08 --> Invalid argument supplied for foreach()
#0 C:\laundry\app\Views\detail_karyawan.php(19): CodeIgniter\Debug\Exceptions->errorHandler(2, 'Invalid argumen...', 'C:\\laundry\\app\\...', 19, Array)
#1 C:\laundry\system\View\View.php(230): include('C:\\laundry\\app\\...')
#2 C:\laundry\system\View\View.php(232): CodeIgniter\View\View->CodeIgniter\View\{closure}()
#3 C:\laundry\system\Common.php(1271): CodeIgniter\View\View->render('detail_karyawan', Array, true)
#4 C:\laundry\app\Controllers\Home.php(524): view('detail_karyawan', Array)
#5 C:\laundry\system\CodeIgniter.php(928): App\Controllers\Home->detail_karyawan('images', 'faces', 'face5.jpg')
#6 C:\laundry\system\CodeIgniter.php(436): CodeIgniter\CodeIgniter->runController(Object(App\Controllers\Home))
#7 C:\laundry\system\CodeIgniter.php(336): CodeIgniter\CodeIgniter->handleRequest(NULL, Object(Config\Cache), false)
#8 C:\laundry\public\index.php(37): CodeIgniter\CodeIgniter->run()
#9 C:\laundry\system\Commands\Server\rewrite.php(45): require_once('C:\\laundry\\publ...')
#10 {main}
CRITICAL - 2024-08-03 01:36:08 --> Invalid argument supplied for foreach()
#0 C:\laundry\app\Views\detail_karyawan.php(19): CodeIgniter\Debug\Exceptions->errorHandler(2, 'Invalid argumen...', 'C:\\laundry\\app\\...', 19, Array)
#1 C:\laundry\system\View\View.php(230): include('C:\\laundry\\app\\...')
#2 C:\laundry\system\View\View.php(232): CodeIgniter\View\View->CodeIgniter\View\{closure}()
#3 C:\laundry\system\Common.php(1271): CodeIgniter\View\View->render('detail_karyawan', Array, true)
#4 C:\laundry\app\Controllers\Home.php(524): view('detail_karyawan', Array)
#5 C:\laundry\system\CodeIgniter.php(928): App\Controllers\Home->detail_karyawan('images', 'faces', 'face6.jpg')
#6 C:\laundry\system\CodeIgniter.php(436): CodeIgniter\CodeIgniter->runController(Object(App\Controllers\Home))
#7 C:\laundry\system\CodeIgniter.php(336): CodeIgniter\CodeIgniter->handleRequest(NULL, Object(Config\Cache), false)
#8 C:\laundry\public\index.php(37): CodeIgniter\CodeIgniter->run()
#9 C:\laundry\system\Commands\Server\rewrite.php(45): require_once('C:\\laundry\\publ...')
#10 {main}
CRITICAL - 2024-08-03 01:36:09 --> Invalid argument supplied for foreach()
#0 C:\laundry\app\Views\detail_karyawan.php(19): CodeIgniter\Debug\Exceptions->errorHandler(2, 'Invalid argumen...', 'C:\\laundry\\app\\...', 19, Array)
#1 C:\laundry\system\View\View.php(230): include('C:\\laundry\\app\\...')
#2 C:\laundry\system\View\View.php(232): CodeIgniter\View\View->CodeIgniter\View\{closure}()
#3 C:\laundry\system\Common.php(1271): CodeIgniter\View\View->render('detail_karyawan', Array, true)
#4 C:\laundry\app\Controllers\Home.php(524): view('detail_karyawan', Array)
#5 C:\laundry\system\CodeIgniter.php(928): App\Controllers\Home->detail_karyawan('1')
#6 C:\laundry\system\CodeIgniter.php(436): CodeIgniter\CodeIgniter->runController(Object(App\Controllers\Home))
#7 C:\laundry\system\CodeIgniter.php(336): CodeIgniter\CodeIgniter->handleRequest(NULL, Object(Config\Cache), false)
#8 C:\laundry\public\index.php(37): CodeIgniter\CodeIgniter->run()
#9 C:\laundry\system\Commands\Server\rewrite.php(45): require_once('C:\\laundry\\publ...')
#10 {main}
CRITICAL - 2024-08-03 01:36:10 --> Invalid argument supplied for foreach()
#0 C:\laundry\app\Views\detail_karyawan.php(19): CodeIgniter\Debug\Exceptions->errorHandler(2, 'Invalid argumen...', 'C:\\laundry\\app\\...', 19, Array)
#1 C:\laundry\system\View\View.php(230): include('C:\\laundry\\app\\...')
#2 C:\laundry\system\View\View.php(232): CodeIgniter\View\View->CodeIgniter\View\{closure}()
#3 C:\laundry\system\Common.php(1271): CodeIgniter\View\View->render('detail_karyawan', Array, true)
#4 C:\laundry\app\Controllers\Home.php(524): view('detail_karyawan', Array)
#5 C:\laundry\system\CodeIgniter.php(928): App\Controllers\Home->detail_karyawan('images', 'faces', 'face1.jpg')
#6 C:\laundry\system\CodeIgniter.php(436): CodeIgniter\CodeIgniter->runController(Object(App\Controllers\Home))
#7 C:\laundry\system\CodeIgniter.php(336): CodeIgniter\CodeIgniter->handleRequest(NULL, Object(Config\Cache), false)
#8 C:\laundry\public\index.php(37): CodeIgniter\CodeIgniter->run()
#9 C:\laundry\system\Commands\Server\rewrite.php(45): require_once('C:\\laundry\\publ...')
#10 {main}
CRITICAL - 2024-08-03 01:36:10 --> Invalid argument supplied for foreach()
#0 C:\laundry\app\Views\detail_karyawan.php(19): CodeIgniter\Debug\Exceptions->errorHandler(2, 'Invalid argumen...', 'C:\\laundry\\app\\...', 19, Array)
#1 C:\laundry\system\View\View.php(230): include('C:\\laundry\\app\\...')
#2 C:\laundry\system\View\View.php(232): CodeIgniter\View\View->CodeIgniter\View\{closure}()
#3 C:\laundry\system\Common.php(1271): CodeIgniter\View\View->render('detail_karyawan', Array, true)
#4 C:\laundry\app\Controllers\Home.php(524): view('detail_karyawan', Array)
#5 C:\laundry\system\CodeIgniter.php(928): App\Controllers\Home->detail_karyawan('images', 'faces', 'face2.jpg')
#6 C:\laundry\system\CodeIgniter.php(436): CodeIgniter\CodeIgniter->runController(Object(App\Controllers\Home))
#7 C:\laundry\system\CodeIgniter.php(336): CodeIgniter\CodeIgniter->handleRequest(NULL, Object(Config\Cache), false)
#8 C:\laundry\public\index.php(37): CodeIgniter\CodeIgniter->run()
#9 C:\laundry\system\Commands\Server\rewrite.php(45): require_once('C:\\laundry\\publ...')
#10 {main}
CRITICAL - 2024-08-03 01:36:10 --> Invalid argument supplied for foreach()
#0 C:\laundry\app\Views\detail_karyawan.php(19): CodeIgniter\Debug\Exceptions->errorHandler(2, 'Invalid argumen...', 'C:\\laundry\\app\\...', 19, Array)
#1 C:\laundry\system\View\View.php(230): include('C:\\laundry\\app\\...')
#2 C:\laundry\system\View\View.php(232): CodeIgniter\View\View->CodeIgniter\View\{closure}()
#3 C:\laundry\system\Common.php(1271): CodeIgniter\View\View->render('detail_karyawan', Array, true)
#4 C:\laundry\app\Controllers\Home.php(524): view('detail_karyawan', Array)
#5 C:\laundry\system\CodeIgniter.php(928): App\Controllers\Home->detail_karyawan('images', 'faces', 'face3.jpg')
#6 C:\laundry\system\CodeIgniter.php(436): CodeIgniter\CodeIgniter->runController(Object(App\Controllers\Home))
#7 C:\laundry\system\CodeIgniter.php(336): CodeIgniter\CodeIgniter->handleRequest(NULL, Object(Config\Cache), false)
#8 C:\laundry\public\index.php(37): CodeIgniter\CodeIgniter->run()
#9 C:\laundry\system\Commands\Server\rewrite.php(45): require_once('C:\\laundry\\publ...')
#10 {main}
CRITICAL - 2024-08-03 01:36:10 --> Invalid argument supplied for foreach()
#0 C:\laundry\app\Views\detail_karyawan.php(19): CodeIgniter\Debug\Exceptions->errorHandler(2, 'Invalid argumen...', 'C:\\laundry\\app\\...', 19, Array)
#1 C:\laundry\system\View\View.php(230): include('C:\\laundry\\app\\...')
#2 C:\laundry\system\View\View.php(232): CodeIgniter\View\View->CodeIgniter\View\{closure}()
#3 C:\laundry\system\Common.php(1271): CodeIgniter\View\View->render('detail_karyawan', Array, true)
#4 C:\laundry\app\Controllers\Home.php(524): view('detail_karyawan', Array)
#5 C:\laundry\system\CodeIgniter.php(928): App\Controllers\Home->detail_karyawan('images', 'faces', 'face4.jpg')
#6 C:\laundry\system\CodeIgniter.php(436): CodeIgniter\CodeIgniter->runController(Object(App\Controllers\Home))
#7 C:\laundry\system\CodeIgniter.php(336): CodeIgniter\CodeIgniter->handleRequest(NULL, Object(Config\Cache), false)
#8 C:\laundry\public\index.php(37): CodeIgniter\CodeIgniter->run()
#9 C:\laundry\system\Commands\Server\rewrite.php(45): require_once('C:\\laundry\\publ...')
#10 {main}
CRITICAL - 2024-08-03 01:36:10 --> Invalid argument supplied for foreach()
#0 C:\laundry\app\Views\detail_karyawan.php(19): CodeIgniter\Debug\Exceptions->errorHandler(2, 'Invalid argumen...', 'C:\\laundry\\app\\...', 19, Array)
#1 C:\laundry\system\View\View.php(230): include('C:\\laundry\\app\\...')
#2 C:\laundry\system\View\View.php(232): CodeIgniter\View\View->CodeIgniter\View\{closure}()
#3 C:\laundry\system\Common.php(1271): CodeIgniter\View\View->render('detail_karyawan', Array, true)
#4 C:\laundry\app\Controllers\Home.php(524): view('detail_karyawan', Array)
#5 C:\laundry\system\CodeIgniter.php(928): App\Controllers\Home->detail_karyawan('images', 'faces', 'face5.jpg')
#6 C:\laundry\system\CodeIgniter.php(436): CodeIgniter\CodeIgniter->runController(Object(App\Controllers\Home))
#7 C:\laundry\system\CodeIgniter.php(336): CodeIgniter\CodeIgniter->handleRequest(NULL, Object(Config\Cache), false)
#8 C:\laundry\public\index.php(37): CodeIgniter\CodeIgniter->run()
#9 C:\laundry\system\Commands\Server\rewrite.php(45): require_once('C:\\laundry\\publ...')
#10 {main}
CRITICAL - 2024-08-03 01:36:10 --> Invalid argument supplied for foreach()
#0 C:\laundry\app\Views\detail_karyawan.php(19): CodeIgniter\Debug\Exceptions->errorHandler(2, 'Invalid argumen...', 'C:\\laundry\\app\\...', 19, Array)
#1 C:\laundry\system\View\View.php(230): include('C:\\laundry\\app\\...')
#2 C:\laundry\system\View\View.php(232): CodeIgniter\View\View->CodeIgniter\View\{closure}()
#3 C:\laundry\system\Common.php(1271): CodeIgniter\View\View->render('detail_karyawan', Array, true)
#4 C:\laundry\app\Controllers\Home.php(524): view('detail_karyawan', Array)
#5 C:\laundry\system\CodeIgniter.php(928): App\Controllers\Home->detail_karyawan('images', 'faces', 'face6.jpg')
#6 C:\laundry\system\CodeIgniter.php(436): CodeIgniter\CodeIgniter->runController(Object(App\Controllers\Home))
#7 C:\laundry\system\CodeIgniter.php(336): CodeIgniter\CodeIgniter->handleRequest(NULL, Object(Config\Cache), false)
#8 C:\laundry\public\index.php(37): CodeIgniter\CodeIgniter->run()
#9 C:\laundry\system\Commands\Server\rewrite.php(45): require_once('C:\\laundry\\publ...')
#10 {main}
CRITICAL - 2024-08-03 01:36:19 --> Object of class stdClass could not be converted to string
#0 C:\laundry\system\View\View.php(230): include()
#1 C:\laundry\system\View\View.php(232): CodeIgniter\View\View->CodeIgniter\View\{closure}()
#2 C:\laundry\system\Common.php(1271): CodeIgniter\View\View->render('detail_karyawan', Array, true)
#3 C:\laundry\app\Controllers\Home.php(524): view('detail_karyawan', Array)
#4 C:\laundry\system\CodeIgniter.php(928): App\Controllers\Home->detail_karyawan('1')
#5 C:\laundry\system\CodeIgniter.php(436): CodeIgniter\CodeIgniter->runController(Object(App\Controllers\Home))
#6 C:\laundry\system\CodeIgniter.php(336): CodeIgniter\CodeIgniter->handleRequest(NULL, Object(Config\Cache), false)
#7 C:\laundry\public\index.php(37): CodeIgniter\CodeIgniter->run()
#8 C:\laundry\system\Commands\Server\rewrite.php(45): require_once('C:\\laundry\\publ...')
#9 {main}
CRITICAL - 2024-08-03 01:36:19 --> Object of class stdClass could not be converted to string
#0 C:\laundry\system\View\View.php(230): include()
#1 C:\laundry\system\View\View.php(232): CodeIgniter\View\View->CodeIgniter\View\{closure}()
#2 C:\laundry\system\Common.php(1271): CodeIgniter\View\View->render('detail_karyawan', Array, true)
#3 C:\laundry\app\Controllers\Home.php(524): view('detail_karyawan', Array)
#4 C:\laundry\system\CodeIgniter.php(928): App\Controllers\Home->detail_karyawan('images', 'faces', 'face1.jpg')
#5 C:\laundry\system\CodeIgniter.php(436): CodeIgniter\CodeIgniter->runController(Object(App\Controllers\Home))
#6 C:\laundry\system\CodeIgniter.php(336): CodeIgniter\CodeIgniter->handleRequest(NULL, Object(Config\Cache), false)
#7 C:\laundry\public\index.php(37): CodeIgniter\CodeIgniter->run()
#8 C:\laundry\system\Commands\Server\rewrite.php(45): require_once('C:\\laundry\\publ...')
#9 {main}
CRITICAL - 2024-08-03 01:36:19 --> Object of class stdClass could not be converted to string
#0 C:\laundry\system\View\View.php(230): include()
#1 C:\laundry\system\View\View.php(232): CodeIgniter\View\View->CodeIgniter\View\{closure}()
#2 C:\laundry\system\Common.php(1271): CodeIgniter\View\View->render('detail_karyawan', Array, true)
#3 C:\laundry\app\Controllers\Home.php(524): view('detail_karyawan', Array)
#4 C:\laundry\system\CodeIgniter.php(928): App\Controllers\Home->detail_karyawan('images', 'faces', 'face2.jpg')
#5 C:\laundry\system\CodeIgniter.php(436): CodeIgniter\CodeIgniter->runController(Object(App\Controllers\Home))
#6 C:\laundry\system\CodeIgniter.php(336): CodeIgniter\CodeIgniter->handleRequest(NULL, Object(Config\Cache), false)
#7 C:\laundry\public\index.php(37): CodeIgniter\CodeIgniter->run()
#8 C:\laundry\system\Commands\Server\rewrite.php(45): require_once('C:\\laundry\\publ...')
#9 {main}
CRITICAL - 2024-08-03 01:36:19 --> Object of class stdClass could not be converted to string
#0 C:\laundry\system\View\View.php(230): include()
#1 C:\laundry\system\View\View.php(232): CodeIgniter\View\View->CodeIgniter\View\{closure}()
#2 C:\laundry\system\Common.php(1271): CodeIgniter\View\View->render('detail_karyawan', Array, true)
#3 C:\laundry\app\Controllers\Home.php(524): view('detail_karyawan', Array)
#4 C:\laundry\system\CodeIgniter.php(928): App\Controllers\Home->detail_karyawan('images', 'faces', 'face3.jpg')
#5 C:\laundry\system\CodeIgniter.php(436): CodeIgniter\CodeIgniter->runController(Object(App\Controllers\Home))
#6 C:\laundry\system\CodeIgniter.php(336): CodeIgniter\CodeIgniter->handleRequest(NULL, Object(Config\Cache), false)
#7 C:\laundry\public\index.php(37): CodeIgniter\CodeIgniter->run()
#8 C:\laundry\system\Commands\Server\rewrite.php(45): require_once('C:\\laundry\\publ...')
#9 {main}
CRITICAL - 2024-08-03 01:36:19 --> Object of class stdClass could not be converted to string
#0 C:\laundry\system\View\View.php(230): include()
#1 C:\laundry\system\View\View.php(232): CodeIgniter\View\View->CodeIgniter\View\{closure}()
#2 C:\laundry\system\Common.php(1271): CodeIgniter\View\View->render('detail_karyawan', Array, true)
#3 C:\laundry\app\Controllers\Home.php(524): view('detail_karyawan', Array)
#4 C:\laundry\system\CodeIgniter.php(928): App\Controllers\Home->detail_karyawan('images', 'faces', 'face4.jpg')
#5 C:\laundry\system\CodeIgniter.php(436): CodeIgniter\CodeIgniter->runController(Object(App\Controllers\Home))
#6 C:\laundry\system\CodeIgniter.php(336): CodeIgniter\CodeIgniter->handleRequest(NULL, Object(Config\Cache), false)
#7 C:\laundry\public\index.php(37): CodeIgniter\CodeIgniter->run()
#8 C:\laundry\system\Commands\Server\rewrite.php(45): require_once('C:\\laundry\\publ...')
#9 {main}
CRITICAL - 2024-08-03 01:36:19 --> Object of class stdClass could not be converted to string
#0 C:\laundry\system\View\View.php(230): include()
#1 C:\laundry\system\View\View.php(232): CodeIgniter\View\View->CodeIgniter\View\{closure}()
#2 C:\laundry\system\Common.php(1271): CodeIgniter\View\View->render('detail_karyawan', Array, true)
#3 C:\laundry\app\Controllers\Home.php(524): view('detail_karyawan', Array)
#4 C:\laundry\system\CodeIgniter.php(928): App\Controllers\Home->detail_karyawan('images', 'faces', 'face5.jpg')
#5 C:\laundry\system\CodeIgniter.php(436): CodeIgniter\CodeIgniter->runController(Object(App\Controllers\Home))
#6 C:\laundry\system\CodeIgniter.php(336): CodeIgniter\CodeIgniter->handleRequest(NULL, Object(Config\Cache), false)
#7 C:\laundry\public\index.php(37): CodeIgniter\CodeIgniter->run()
#8 C:\laundry\system\Commands\Server\rewrite.php(45): require_once('C:\\laundry\\publ...')
#9 {main}
CRITICAL - 2024-08-03 01:36:20 --> Object of class stdClass could not be converted to string
#0 C:\laundry\system\View\View.php(230): include()
#1 C:\laundry\system\View\View.php(232): CodeIgniter\View\View->CodeIgniter\View\{closure}()
#2 C:\laundry\system\Common.php(1271): CodeIgniter\View\View->render('detail_karyawan', Array, true)
#3 C:\laundry\app\Controllers\Home.php(524): view('detail_karyawan', Array)
#4 C:\laundry\system\CodeIgniter.php(928): App\Controllers\Home->detail_karyawan('images', 'faces', 'face6.jpg')
#5 C:\laundry\system\CodeIgniter.php(436): CodeIgniter\CodeIgniter->runController(Object(App\Controllers\Home))
#6 C:\laundry\system\CodeIgniter.php(336): CodeIgniter\CodeIgniter->handleRequest(NULL, Object(Config\Cache), false)
#7 C:\laundry\public\index.php(37): CodeIgniter\CodeIgniter->run()
#8 C:\laundry\system\Commands\Server\rewrite.php(45): require_once('C:\\laundry\\publ...')
#9 {main}
CRITICAL - 2024-08-03 01:37:01 --> Invalid argument supplied for foreach()
#0 C:\laundry\app\Views\detail_karyawan.php(21): CodeIgniter\Debug\Exceptions->errorHandler(2, 'Invalid argumen...', 'C:\\laundry\\app\\...', 21, Array)
#1 C:\laundry\system\View\View.php(230): include('C:\\laundry\\app\\...')
#2 C:\laundry\system\View\View.php(232): CodeIgniter\View\View->CodeIgniter\View\{closure}()
#3 C:\laundry\system\Common.php(1271): CodeIgniter\View\View->render('detail_karyawan', Array, true)
#4 C:\laundry\app\Controllers\Home.php(524): view('detail_karyawan', Array)
#5 C:\laundry\system\CodeIgniter.php(928): App\Controllers\Home->detail_karyawan('1')
#6 C:\laundry\system\CodeIgniter.php(436): CodeIgniter\CodeIgniter->runController(Object(App\Controllers\Home))
#7 C:\laundry\system\CodeIgniter.php(336): CodeIgniter\CodeIgniter->handleRequest(NULL, Object(Config\Cache), false)
#8 C:\laundry\public\index.php(37): CodeIgniter\CodeIgniter->run()
#9 C:\laundry\system\Commands\Server\rewrite.php(45): require_once('C:\\laundry\\publ...')
#10 {main}
CRITICAL - 2024-08-03 01:37:01 --> Invalid argument supplied for foreach()
#0 C:\laundry\app\Views\detail_karyawan.php(21): CodeIgniter\Debug\Exceptions->errorHandler(2, 'Invalid argumen...', 'C:\\laundry\\app\\...', 21, Array)
#1 C:\laundry\system\View\View.php(230): include('C:\\laundry\\app\\...')
#2 C:\laundry\system\View\View.php(232): CodeIgniter\View\View->CodeIgniter\View\{closure}()
#3 C:\laundry\system\Common.php(1271): CodeIgniter\View\View->render('detail_karyawan', Array, true)
#4 C:\laundry\app\Controllers\Home.php(524): view('detail_karyawan', Array)
#5 C:\laundry\system\CodeIgniter.php(928): App\Controllers\Home->detail_karyawan('images', 'faces', 'face1.jpg')
#6 C:\laundry\system\CodeIgniter.php(436): CodeIgniter\CodeIgniter->runController(Object(App\Controllers\Home))
#7 C:\laundry\system\CodeIgniter.php(336): CodeIgniter\CodeIgniter->handleRequest(NULL, Object(Config\Cache), false)
#8 C:\laundry\public\index.php(37): CodeIgniter\CodeIgniter->run()
#9 C:\laundry\system\Commands\Server\rewrite.php(45): require_once('C:\\laundry\\publ...')
#10 {main}
CRITICAL - 2024-08-03 01:37:01 --> Invalid argument supplied for foreach()
#0 C:\laundry\app\Views\detail_karyawan.php(21): CodeIgniter\Debug\Exceptions->errorHandler(2, 'Invalid argumen...', 'C:\\laundry\\app\\...', 21, Array)
#1 C:\laundry\system\View\View.php(230): include('C:\\laundry\\app\\...')
#2 C:\laundry\system\View\View.php(232): CodeIgniter\View\View->CodeIgniter\View\{closure}()
#3 C:\laundry\system\Common.php(1271): CodeIgniter\View\View->render('detail_karyawan', Array, true)
#4 C:\laundry\app\Controllers\Home.php(524): view('detail_karyawan', Array)
#5 C:\laundry\system\CodeIgniter.php(928): App\Controllers\Home->detail_karyawan('images', 'faces', 'face2.jpg')
#6 C:\laundry\system\CodeIgniter.php(436): CodeIgniter\CodeIgniter->runController(Object(App\Controllers\Home))
#7 C:\laundry\system\CodeIgniter.php(336): CodeIgniter\CodeIgniter->handleRequest(NULL, Object(Config\Cache), false)
#8 C:\laundry\public\index.php(37): CodeIgniter\CodeIgniter->run()
#9 C:\laundry\system\Commands\Server\rewrite.php(45): require_once('C:\\laundry\\publ...')
#10 {main}
CRITICAL - 2024-08-03 01:37:01 --> Invalid argument supplied for foreach()
#0 C:\laundry\app\Views\detail_karyawan.php(21): CodeIgniter\Debug\Exceptions->errorHandler(2, 'Invalid argumen...', 'C:\\laundry\\app\\...', 21, Array)
#1 C:\laundry\system\View\View.php(230): include('C:\\laundry\\app\\...')
#2 C:\laundry\system\View\View.php(232): CodeIgniter\View\View->CodeIgniter\View\{closure}()
#3 C:\laundry\system\Common.php(1271): CodeIgniter\View\View->render('detail_karyawan', Array, true)
#4 C:\laundry\app\Controllers\Home.php(524): view('detail_karyawan', Array)
#5 C:\laundry\system\CodeIgniter.php(928): App\Controllers\Home->detail_karyawan('images', 'faces', 'face3.jpg')
#6 C:\laundry\system\CodeIgniter.php(436): CodeIgniter\CodeIgniter->runController(Object(App\Controllers\Home))
#7 C:\laundry\system\CodeIgniter.php(336): CodeIgniter\CodeIgniter->handleRequest(NULL, Object(Config\Cache), false)
#8 C:\laundry\public\index.php(37): CodeIgniter\CodeIgniter->run()
#9 C:\laundry\system\Commands\Server\rewrite.php(45): require_once('C:\\laundry\\publ...')
#10 {main}
CRITICAL - 2024-08-03 01:37:01 --> Invalid argument supplied for foreach()
#0 C:\laundry\app\Views\detail_karyawan.php(21): CodeIgniter\Debug\Exceptions->errorHandler(2, 'Invalid argumen...', 'C:\\laundry\\app\\...', 21, Array)
#1 C:\laundry\system\View\View.php(230): include('C:\\laundry\\app\\...')
#2 C:\laundry\system\View\View.php(232): CodeIgniter\View\View->CodeIgniter\View\{closure}()
#3 C:\laundry\system\Common.php(1271): CodeIgniter\View\View->render('detail_karyawan', Array, true)
#4 C:\laundry\app\Controllers\Home.php(524): view('detail_karyawan', Array)
#5 C:\laundry\system\CodeIgniter.php(928): App\Controllers\Home->detail_karyawan('images', 'faces', 'face4.jpg')
#6 C:\laundry\system\CodeIgniter.php(436): CodeIgniter\CodeIgniter->runController(Object(App\Controllers\Home))
#7 C:\laundry\system\CodeIgniter.php(336): CodeIgniter\CodeIgniter->handleRequest(NULL, Object(Config\Cache), false)
#8 C:\laundry\public\index.php(37): CodeIgniter\CodeIgniter->run()
#9 C:\laundry\system\Commands\Server\rewrite.php(45): require_once('C:\\laundry\\publ...')
#10 {main}
CRITICAL - 2024-08-03 01:37:02 --> Invalid argument supplied for foreach()
#0 C:\laundry\app\Views\detail_karyawan.php(21): CodeIgniter\Debug\Exceptions->errorHandler(2, 'Invalid argumen...', 'C:\\laundry\\app\\...', 21, Array)
#1 C:\laundry\system\View\View.php(230): include('C:\\laundry\\app\\...')
#2 C:\laundry\system\View\View.php(232): CodeIgniter\View\View->CodeIgniter\View\{closure}()
#3 C:\laundry\system\Common.php(1271): CodeIgniter\View\View->render('detail_karyawan', Array, true)
#4 C:\laundry\app\Controllers\Home.php(524): view('detail_karyawan', Array)
#5 C:\laundry\system\CodeIgniter.php(928): App\Controllers\Home->detail_karyawan('images', 'faces', 'face5.jpg')
#6 C:\laundry\system\CodeIgniter.php(436): CodeIgniter\CodeIgniter->runController(Object(App\Controllers\Home))
#7 C:\laundry\system\CodeIgniter.php(336): CodeIgniter\CodeIgniter->handleRequest(NULL, Object(Config\Cache), false)
#8 C:\laundry\public\index.php(37): CodeIgniter\CodeIgniter->run()
#9 C:\laundry\system\Commands\Server\rewrite.php(45): require_once('C:\\laundry\\publ...')
#10 {main}
CRITICAL - 2024-08-03 01:37:02 --> Invalid argument supplied for foreach()
#0 C:\laundry\app\Views\detail_karyawan.php(21): CodeIgniter\Debug\Exceptions->errorHandler(2, 'Invalid argumen...', 'C:\\laundry\\app\\...', 21, Array)
#1 C:\laundry\system\View\View.php(230): include('C:\\laundry\\app\\...')
#2 C:\laundry\system\View\View.php(232): CodeIgniter\View\View->CodeIgniter\View\{closure}()
#3 C:\laundry\system\Common.php(1271): CodeIgniter\View\View->render('detail_karyawan', Array, true)
#4 C:\laundry\app\Controllers\Home.php(524): view('detail_karyawan', Array)
#5 C:\laundry\system\CodeIgniter.php(928): App\Controllers\Home->detail_karyawan('images', 'faces', 'face6.jpg')
#6 C:\laundry\system\CodeIgniter.php(436): CodeIgniter\CodeIgniter->runController(Object(App\Controllers\Home))
#7 C:\laundry\system\CodeIgniter.php(336): CodeIgniter\CodeIgniter->handleRequest(NULL, Object(Config\Cache), false)
#8 C:\laundry\public\index.php(37): CodeIgniter\CodeIgniter->run()
#9 C:\laundry\system\Commands\Server\rewrite.php(45): require_once('C:\\laundry\\publ...')
#10 {main}
CRITICAL - 2024-08-03 01:38:07 --> Call to undefined method App\Models\M_laundry::getLevels
#0 C:\laundry\app\Controllers\Home.php(523): CodeIgniter\Model->__call('getLevels', Array)
#1 C:\laundry\system\CodeIgniter.php(928): App\Controllers\Home->detail_karyawan('1')
#2 C:\laundry\system\CodeIgniter.php(436): CodeIgniter\CodeIgniter->runController(Object(App\Controllers\Home))
#3 C:\laundry\system\CodeIgniter.php(336): CodeIgniter\CodeIgniter->handleRequest(NULL, Object(Config\Cache), false)
#4 C:\laundry\public\index.php(37): CodeIgniter\CodeIgniter->run()
#5 C:\laundry\system\Commands\Server\rewrite.php(45): require_once('C:\\laundry\\publ...')
#6 {main}
CRITICAL - 2024-08-03 01:38:08 --> Call to undefined method App\Models\M_laundry::getLevels
#0 C:\laundry\app\Controllers\Home.php(523): CodeIgniter\Model->__call('getLevels', Array)
#1 C:\laundry\system\CodeIgniter.php(928): App\Controllers\Home->detail_karyawan('1')
#2 C:\laundry\system\CodeIgniter.php(436): CodeIgniter\CodeIgniter->runController(Object(App\Controllers\Home))
#3 C:\laundry\system\CodeIgniter.php(336): CodeIgniter\CodeIgniter->handleRequest(NULL, Object(Config\Cache), false)
#4 C:\laundry\public\index.php(37): CodeIgniter\CodeIgniter->run()
#5 C:\laundry\system\Commands\Server\rewrite.php(45): require_once('C:\\laundry\\publ...')
#6 {main}
CRITICAL - 2024-08-03 01:38:09 --> Call to undefined method App\Models\M_laundry::getLevels
#0 C:\laundry\app\Controllers\Home.php(523): CodeIgniter\Model->__call('getLevels', Array)
#1 C:\laundry\system\CodeIgniter.php(928): App\Controllers\Home->detail_karyawan('1')
#2 C:\laundry\system\CodeIgniter.php(436): CodeIgniter\CodeIgniter->runController(Object(App\Controllers\Home))
#3 C:\laundry\system\CodeIgniter.php(336): CodeIgniter\CodeIgniter->handleRequest(NULL, Object(Config\Cache), false)
#4 C:\laundry\public\index.php(37): CodeIgniter\CodeIgniter->run()
#5 C:\laundry\system\Commands\Server\rewrite.php(45): require_once('C:\\laundry\\publ...')
#6 {main}
CRITICAL - 2024-08-03 01:38:27 --> Call to undefined method App\Models\M_laundry::getLevels
#0 C:\laundry\app\Controllers\Home.php(523): CodeIgniter\Model->__call('getLevels', Array)
#1 C:\laundry\system\CodeIgniter.php(928): App\Controllers\Home->detail_karyawan('1')
#2 C:\laundry\system\CodeIgniter.php(436): CodeIgniter\CodeIgniter->runController(Object(App\Controllers\Home))
#3 C:\laundry\system\CodeIgniter.php(336): CodeIgniter\CodeIgniter->handleRequest(NULL, Object(Config\Cache), false)
#4 C:\laundry\public\index.php(37): CodeIgniter\CodeIgniter->run()
#5 C:\laundry\system\Commands\Server\rewrite.php(45): require_once('C:\\laundry\\publ...')
#6 {main}
CRITICAL - 2024-08-03 01:42:26 --> Too few arguments to function App\Controllers\Home::detail_karyawan(), 0 passed in C:\laundry\system\CodeIgniter.php on line 928 and exactly 1 expected
#0 C:\laundry\system\CodeIgniter.php(928): App\Controllers\Home->detail_karyawan()
#1 C:\laundry\system\CodeIgniter.php(436): CodeIgniter\CodeIgniter->runController(Object(App\Controllers\Home))
#2 C:\laundry\system\CodeIgniter.php(336): CodeIgniter\CodeIgniter->handleRequest(NULL, Object(Config\Cache), false)
#3 C:\laundry\public\index.php(37): CodeIgniter\CodeIgniter->run()
#4 C:\laundry\system\Commands\Server\rewrite.php(45): require_once('C:\\laundry\\publ...')
#5 {main}
CRITICAL - 2024-08-03 01:44:45 --> Too few arguments to function App\Controllers\Home::detail_karyawan(), 0 passed in C:\laundry\system\CodeIgniter.php on line 928 and exactly 1 expected
#0 C:\laundry\system\CodeIgniter.php(928): App\Controllers\Home->detail_karyawan()
#1 C:\laundry\system\CodeIgniter.php(436): CodeIgniter\CodeIgniter->runController(Object(App\Controllers\Home))
#2 C:\laundry\system\CodeIgniter.php(336): CodeIgniter\CodeIgniter->handleRequest(NULL, Object(Config\Cache), false)
#3 C:\laundry\public\index.php(37): CodeIgniter\CodeIgniter->run()
#4 C:\laundry\system\Commands\Server\rewrite.php(45): require_once('C:\\laundry\\publ...')
#5 {main}
CRITICAL - 2024-08-03 01:46:04 --> Too few arguments to function App\Controllers\Home::detail_karyawan(), 0 passed in C:\laundry\system\CodeIgniter.php on line 928 and exactly 1 expected
#0 C:\laundry\system\CodeIgniter.php(928): App\Controllers\Home->detail_karyawan()
#1 C:\laundry\system\CodeIgniter.php(436): CodeIgniter\CodeIgniter->runController(Object(App\Controllers\Home))
#2 C:\laundry\system\CodeIgniter.php(336): CodeIgniter\CodeIgniter->handleRequest(NULL, Object(Config\Cache), false)
#3 C:\laundry\public\index.php(37): CodeIgniter\CodeIgniter->run()
#4 C:\laundry\system\Commands\Server\rewrite.php(45): require_once('C:\\laundry\\publ...')
#5 {main}
