CRITICAL - 2024-08-18 19:50:04 --> A non-numeric value encountered
#0 C:\laundry\app\Controllers\Home.php(694): CodeIgniter\Debug\Exceptions->errorHandler(2, 'A non-numeric v...', 'C:\\laundry\\app\\...', 694, Array)
#1 C:\laundry\system\CodeIgniter.php(928): App\Controllers\Home->view_nota('PS00000007', 'images', 'faces', 'face1.jpg')
#2 C:\laundry\system\CodeIgniter.php(436): CodeIgniter\CodeIgniter->runController(Object(App\Controllers\Home))
#3 C:\laundry\system\CodeIgniter.php(336): CodeIgniter\CodeIgniter->handleRequest(NULL, Object(Config\Cache), false)
#4 C:\laundry\public\index.php(37): CodeIgniter\CodeIgniter->run()
#5 C:\laundry\system\Commands\Server\rewrite.php(45): require_once('C:\\laundry\\publ...')
#6 {main}
CRITICAL - 2024-08-18 19:50:04 --> A non-numeric value encountered
#0 C:\laundry\app\Controllers\Home.php(694): CodeIgniter\Debug\Exceptions->errorHandler(2, 'A non-numeric v...', 'C:\\laundry\\app\\...', 694, Array)
#1 C:\laundry\system\CodeIgniter.php(928): App\Controllers\Home->view_nota('PS00000007', 'images', 'faces', 'face2.jpg')
#2 C:\laundry\system\CodeIgniter.php(436): CodeIgniter\CodeIgniter->runController(Object(App\Controllers\Home))
#3 C:\laundry\system\CodeIgniter.php(336): CodeIgniter\CodeIgniter->handleRequest(NULL, Object(Config\Cache), false)
#4 C:\laundry\public\index.php(37): CodeIgniter\CodeIgniter->run()
#5 C:\laundry\system\Commands\Server\rewrite.php(45): require_once('C:\\laundry\\publ...')
#6 {main}
CRITICAL - 2024-08-18 19:50:04 --> A non-numeric value encountered
#0 C:\laundry\app\Controllers\Home.php(694): CodeIgniter\Debug\Exceptions->errorHandler(2, 'A non-numeric v...', 'C:\\laundry\\app\\...', 694, Array)
#1 C:\laundry\system\CodeIgniter.php(928): App\Controllers\Home->view_nota('PS00000007', 'images', 'faces', 'face3.jpg')
#2 C:\laundry\system\CodeIgniter.php(436): CodeIgniter\CodeIgniter->runController(Object(App\Controllers\Home))
#3 C:\laundry\system\CodeIgniter.php(336): CodeIgniter\CodeIgniter->handleRequest(NULL, Object(Config\Cache), false)
#4 C:\laundry\public\index.php(37): CodeIgniter\CodeIgniter->run()
#5 C:\laundry\system\Commands\Server\rewrite.php(45): require_once('C:\\laundry\\publ...')
#6 {main}
CRITICAL - 2024-08-18 19:50:04 --> A non-numeric value encountered
#0 C:\laundry\app\Controllers\Home.php(694): CodeIgniter\Debug\Exceptions->errorHandler(2, 'A non-numeric v...', 'C:\\laundry\\app\\...', 694, Array)
#1 C:\laundry\system\CodeIgniter.php(928): App\Controllers\Home->view_nota('PS00000007', 'images', 'faces', 'face4.jpg')
#2 C:\laundry\system\CodeIgniter.php(436): CodeIgniter\CodeIgniter->runController(Object(App\Controllers\Home))
#3 C:\laundry\system\CodeIgniter.php(336): CodeIgniter\CodeIgniter->handleRequest(NULL, Object(Config\Cache), false)
#4 C:\laundry\public\index.php(37): CodeIgniter\CodeIgniter->run()
#5 C:\laundry\system\Commands\Server\rewrite.php(45): require_once('C:\\laundry\\publ...')
#6 {main}
CRITICAL - 2024-08-18 19:50:05 --> A non-numeric value encountered
#0 C:\laundry\app\Controllers\Home.php(694): CodeIgniter\Debug\Exceptions->errorHandler(2, 'A non-numeric v...', 'C:\\laundry\\app\\...', 694, Array)
#1 C:\laundry\system\CodeIgniter.php(928): App\Controllers\Home->view_nota('PS00000007', 'images', 'faces', 'face5.jpg')
#2 C:\laundry\system\CodeIgniter.php(436): CodeIgniter\CodeIgniter->runController(Object(App\Controllers\Home))
#3 C:\laundry\system\CodeIgniter.php(336): CodeIgniter\CodeIgniter->handleRequest(NULL, Object(Config\Cache), false)
#4 C:\laundry\public\index.php(37): CodeIgniter\CodeIgniter->run()
#5 C:\laundry\system\Commands\Server\rewrite.php(45): require_once('C:\\laundry\\publ...')
#6 {main}
CRITICAL - 2024-08-18 19:50:05 --> A non-numeric value encountered
#0 C:\laundry\app\Controllers\Home.php(694): CodeIgniter\Debug\Exceptions->errorHandler(2, 'A non-numeric v...', 'C:\\laundry\\app\\...', 694, Array)
#1 C:\laundry\system\CodeIgniter.php(928): App\Controllers\Home->view_nota('PS00000007', 'images', 'faces', 'face6.jpg')
#2 C:\laundry\system\CodeIgniter.php(436): CodeIgniter\CodeIgniter->runController(Object(App\Controllers\Home))
#3 C:\laundry\system\CodeIgniter.php(336): CodeIgniter\CodeIgniter->handleRequest(NULL, Object(Config\Cache), false)
#4 C:\laundry\public\index.php(37): CodeIgniter\CodeIgniter->run()
#5 C:\laundry\system\Commands\Server\rewrite.php(45): require_once('C:\\laundry\\publ...')
#6 {main}
CRITICAL - 2024-08-18 19:50:32 --> A non-numeric value encountered
#0 C:\laundry\app\Controllers\Home.php(694): CodeIgniter\Debug\Exceptions->errorHandler(2, 'A non-numeric v...', 'C:\\laundry\\app\\...', 694, Array)
#1 C:\laundry\system\CodeIgniter.php(928): App\Controllers\Home->view_nota('PS00000007', 'images', 'faces', 'face1.jpg')
#2 C:\laundry\system\CodeIgniter.php(436): CodeIgniter\CodeIgniter->runController(Object(App\Controllers\Home))
#3 C:\laundry\system\CodeIgniter.php(336): CodeIgniter\CodeIgniter->handleRequest(NULL, Object(Config\Cache), false)
#4 C:\laundry\public\index.php(37): CodeIgniter\CodeIgniter->run()
#5 C:\laundry\system\Commands\Server\rewrite.php(45): require_once('C:\\laundry\\publ...')
#6 {main}
CRITICAL - 2024-08-18 19:50:32 --> A non-numeric value encountered
#0 C:\laundry\app\Controllers\Home.php(694): CodeIgniter\Debug\Exceptions->errorHandler(2, 'A non-numeric v...', 'C:\\laundry\\app\\...', 694, Array)
#1 C:\laundry\system\CodeIgniter.php(928): App\Controllers\Home->view_nota('PS00000007', 'images', 'faces', 'face2.jpg')
#2 C:\laundry\system\CodeIgniter.php(436): CodeIgniter\CodeIgniter->runController(Object(App\Controllers\Home))
#3 C:\laundry\system\CodeIgniter.php(336): CodeIgniter\CodeIgniter->handleRequest(NULL, Object(Config\Cache), false)
#4 C:\laundry\public\index.php(37): CodeIgniter\CodeIgniter->run()
#5 C:\laundry\system\Commands\Server\rewrite.php(45): require_once('C:\\laundry\\publ...')
#6 {main}
CRITICAL - 2024-08-18 19:50:32 --> A non-numeric value encountered
#0 C:\laundry\app\Controllers\Home.php(694): CodeIgniter\Debug\Exceptions->errorHandler(2, 'A non-numeric v...', 'C:\\laundry\\app\\...', 694, Array)
#1 C:\laundry\system\CodeIgniter.php(928): App\Controllers\Home->view_nota('PS00000007', 'images', 'faces', 'face3.jpg')
#2 C:\laundry\system\CodeIgniter.php(436): CodeIgniter\CodeIgniter->runController(Object(App\Controllers\Home))
#3 C:\laundry\system\CodeIgniter.php(336): CodeIgniter\CodeIgniter->handleRequest(NULL, Object(Config\Cache), false)
#4 C:\laundry\public\index.php(37): CodeIgniter\CodeIgniter->run()
#5 C:\laundry\system\Commands\Server\rewrite.php(45): require_once('C:\\laundry\\publ...')
#6 {main}
CRITICAL - 2024-08-18 19:50:32 --> A non-numeric value encountered
#0 C:\laundry\app\Controllers\Home.php(694): CodeIgniter\Debug\Exceptions->errorHandler(2, 'A non-numeric v...', 'C:\\laundry\\app\\...', 694, Array)
#1 C:\laundry\system\CodeIgniter.php(928): App\Controllers\Home->view_nota('PS00000007', 'images', 'faces', 'face4.jpg')
#2 C:\laundry\system\CodeIgniter.php(436): CodeIgniter\CodeIgniter->runController(Object(App\Controllers\Home))
#3 C:\laundry\system\CodeIgniter.php(336): CodeIgniter\CodeIgniter->handleRequest(NULL, Object(Config\Cache), false)
#4 C:\laundry\public\index.php(37): CodeIgniter\CodeIgniter->run()
#5 C:\laundry\system\Commands\Server\rewrite.php(45): require_once('C:\\laundry\\publ...')
#6 {main}
CRITICAL - 2024-08-18 19:50:32 --> A non-numeric value encountered
#0 C:\laundry\app\Controllers\Home.php(694): CodeIgniter\Debug\Exceptions->errorHandler(2, 'A non-numeric v...', 'C:\\laundry\\app\\...', 694, Array)
#1 C:\laundry\system\CodeIgniter.php(928): App\Controllers\Home->view_nota('PS00000007', 'images', 'faces', 'face5.jpg')
#2 C:\laundry\system\CodeIgniter.php(436): CodeIgniter\CodeIgniter->runController(Object(App\Controllers\Home))
#3 C:\laundry\system\CodeIgniter.php(336): CodeIgniter\CodeIgniter->handleRequest(NULL, Object(Config\Cache), false)
#4 C:\laundry\public\index.php(37): CodeIgniter\CodeIgniter->run()
#5 C:\laundry\system\Commands\Server\rewrite.php(45): require_once('C:\\laundry\\publ...')
#6 {main}
CRITICAL - 2024-08-18 19:50:32 --> A non-numeric value encountered
#0 C:\laundry\app\Controllers\Home.php(694): CodeIgniter\Debug\Exceptions->errorHandler(2, 'A non-numeric v...', 'C:\\laundry\\app\\...', 694, Array)
#1 C:\laundry\system\CodeIgniter.php(928): App\Controllers\Home->view_nota('PS00000007', 'images', 'faces', 'face6.jpg')
#2 C:\laundry\system\CodeIgniter.php(436): CodeIgniter\CodeIgniter->runController(Object(App\Controllers\Home))
#3 C:\laundry\system\CodeIgniter.php(336): CodeIgniter\CodeIgniter->handleRequest(NULL, Object(Config\Cache), false)
#4 C:\laundry\public\index.php(37): CodeIgniter\CodeIgniter->run()
#5 C:\laundry\system\Commands\Server\rewrite.php(45): require_once('C:\\laundry\\publ...')
#6 {main}
ERROR - 2024-08-18 19:55:24 --> Duplicate entry '81' for key 'PRIMARY'
