CRITICAL - 2024-07-23 01:31:01 --> Invalid file: karywawan.php
#0 C:\laundry\system\View\View.php(213): CodeIgniter\Exceptions\FrameworkException::forInvalidFile('karywawan.php')
#1 C:\laundry\system\Common.php(1271): CodeIgniter\View\View->render('karywawan', Array, true)
#2 C:\laundry\app\Controllers\Home.php(144): view('karywawan', Array)
#3 C:\laundry\system\CodeIgniter.php(928): App\Controllers\Home->karyawan()
#4 C:\laundry\system\CodeIgniter.php(436): CodeIgniter\CodeIgniter->runController(Object(App\Controllers\Home))
#5 C:\laundry\system\CodeIgniter.php(336): CodeIgniter\CodeIgniter->handleRequest(NULL, Object(Config\Cache), false)
#6 C:\laundry\public\index.php(37): CodeIgniter\CodeIgniter->run()
#7 C:\laundry\system\Commands\Server\rewrite.php(45): require_once('C:\\laundry\\publ...')
#8 {main}
CRITICAL - 2024-07-23 01:44:19 --> Object of class stdClass could not be converted to string
#0 C:\laundry\system\View\View.php(230): include()
#1 C:\laundry\system\View\View.php(232): CodeIgniter\View\View->CodeIgniter\View\{closure}()
#2 C:\laundry\system\Common.php(1271): CodeIgniter\View\View->render('t_karyawan', Array, true)
#3 C:\laundry\app\Controllers\Home.php(153): view('t_karyawan', Array)
#4 C:\laundry\system\CodeIgniter.php(928): App\Controllers\Home->t_karyawan()
#5 C:\laundry\system\CodeIgniter.php(436): CodeIgniter\CodeIgniter->runController(Object(App\Controllers\Home))
#6 C:\laundry\system\CodeIgniter.php(336): CodeIgniter\CodeIgniter->handleRequest(NULL, Object(Config\Cache), false)
#7 C:\laundry\public\index.php(37): CodeIgniter\CodeIgniter->run()
#8 C:\laundry\system\Commands\Server\rewrite.php(45): require_once('C:\\laundry\\publ...')
#9 {main}
CRITICAL - 2024-07-23 01:44:30 --> Object of class stdClass could not be converted to string
#0 C:\laundry\system\View\View.php(230): include()
#1 C:\laundry\system\View\View.php(232): CodeIgniter\View\View->CodeIgniter\View\{closure}()
#2 C:\laundry\system\Common.php(1271): CodeIgniter\View\View->render('t_karyawan', Array, true)
#3 C:\laundry\app\Controllers\Home.php(153): view('t_karyawan', Array)
#4 C:\laundry\system\CodeIgniter.php(928): App\Controllers\Home->t_karyawan()
#5 C:\laundry\system\CodeIgniter.php(436): CodeIgniter\CodeIgniter->runController(Object(App\Controllers\Home))
#6 C:\laundry\system\CodeIgniter.php(336): CodeIgniter\CodeIgniter->handleRequest(NULL, Object(Config\Cache), false)
#7 C:\laundry\public\index.php(37): CodeIgniter\CodeIgniter->run()
#8 C:\laundry\system\Commands\Server\rewrite.php(45): require_once('C:\\laundry\\publ...')
#9 {main}
ERROR - 2024-07-23 08:05:39 --> Unknown column 'user.id_pemesanan' in 'on clause'
CRITICAL - 2024-07-23 08:05:39 --> Call to a member function getResult() on bool
#0 C:\laundry\app\Controllers\Home.php(237): App\Models\M_laundry->join('user', 'pemesanan', 'user.id_pemesan...')
#1 C:\laundry\system\CodeIgniter.php(928): App\Controllers\Home->transaksi()
#2 C:\laundry\system\CodeIgniter.php(436): CodeIgniter\CodeIgniter->runController(Object(App\Controllers\Home))
#3 C:\laundry\system\CodeIgniter.php(336): CodeIgniter\CodeIgniter->handleRequest(NULL, Object(Config\Cache), false)
#4 C:\laundry\public\index.php(37): CodeIgniter\CodeIgniter->run()
#5 C:\laundry\system\Commands\Server\rewrite.php(45): require_once('C:\\laundry\\publ...')
#6 {main}
ERROR - 2024-07-23 08:06:48 --> Unknown column 'user.id_pemesanan' in 'on clause'
CRITICAL - 2024-07-23 08:06:48 --> Call to a member function getResult() on bool
#0 C:\laundry\app\Controllers\Home.php(237): App\Models\M_laundry->join('user', 'pemesanan', 'user.id_pemesan...')
#1 C:\laundry\system\CodeIgniter.php(928): App\Controllers\Home->transaksi()
#2 C:\laundry\system\CodeIgniter.php(436): CodeIgniter\CodeIgniter->runController(Object(App\Controllers\Home))
#3 C:\laundry\system\CodeIgniter.php(336): CodeIgniter\CodeIgniter->handleRequest(NULL, Object(Config\Cache), false)
#4 C:\laundry\public\index.php(37): CodeIgniter\CodeIgniter->run()
#5 C:\laundry\system\Commands\Server\rewrite.php(45): require_once('C:\\laundry\\publ...')
#6 {main}
ERROR - 2024-07-23 08:07:03 --> Unknown column 'user.id_pemesanan' in 'on clause'
CRITICAL - 2024-07-23 08:07:03 --> Call to a member function getResult() on bool
#0 C:\laundry\app\Controllers\Home.php(237): App\Models\M_laundry->join('user', 'pemesanan', 'user.id_pemesan...')
#1 C:\laundry\system\CodeIgniter.php(928): App\Controllers\Home->transaksi()
#2 C:\laundry\system\CodeIgniter.php(436): CodeIgniter\CodeIgniter->runController(Object(App\Controllers\Home))
#3 C:\laundry\system\CodeIgniter.php(336): CodeIgniter\CodeIgniter->handleRequest(NULL, Object(Config\Cache), false)
#4 C:\laundry\public\index.php(37): CodeIgniter\CodeIgniter->run()
#5 C:\laundry\system\Commands\Server\rewrite.php(45): require_once('C:\\laundry\\publ...')
#6 {main}
ERROR - 2024-07-23 08:44:03 --> Unknown column 'username' in 'field list'
ERROR - 2024-07-23 08:46:52 --> Unknown column 'username' in 'field list'
ERROR - 2024-07-23 08:50:22 --> Unknown column 'username' in 'field list'
ERROR - 2024-07-23 08:50:56 --> Unknown column 'jenis_pakaian' in 'field list'
CRITICAL - 2024-07-23 08:50:56 --> Call to a member function getResult() on bool
#0 C:\laundry\app\Controllers\Home.php(351): App\Models\M_laundry->cari()
#1 C:\laundry\system\CodeIgniter.php(928): App\Controllers\Home->printpdf()
#2 C:\laundry\system\CodeIgniter.php(436): CodeIgniter\CodeIgniter->runController(Object(App\Controllers\Home))
#3 C:\laundry\system\CodeIgniter.php(336): CodeIgniter\CodeIgniter->handleRequest(NULL, Object(Config\Cache), false)
#4 C:\laundry\public\index.php(37): CodeIgniter\CodeIgniter->run()
#5 C:\laundry\system\Commands\Server\rewrite.php(45): require_once('C:\\laundry\\publ...')
#6 {main}
ERROR - 2024-07-23 09:10:10 --> Unknown column 'berat' in 'field list'
CRITICAL - 2024-07-23 09:10:10 --> Call to a member function getRowArray() on bool
#0 C:\laundry\app\Controllers\Home.php(318): App\Models\M_laundry->getUserDetailsByUsername(NULL)
#1 C:\laundry\system\CodeIgniter.php(928): App\Controllers\Home->getUserDetails()
#2 C:\laundry\system\CodeIgniter.php(436): CodeIgniter\CodeIgniter->runController(Object(App\Controllers\Home))
#3 C:\laundry\system\CodeIgniter.php(336): CodeIgniter\CodeIgniter->handleRequest(NULL, Object(Config\Cache), false)
#4 C:\laundry\public\index.php(37): CodeIgniter\CodeIgniter->run()
#5 C:\laundry\system\Commands\Server\rewrite.php(45): require_once('C:\\laundry\\publ...')
#6 {main}
ERROR - 2024-07-23 09:13:27 --> Unknown column 'pemesanan.jpakaian' in 'field list'
CRITICAL - 2024-07-23 09:13:27 --> Call to a member function getResult() on bool
#0 C:\laundry\app\Controllers\Home.php(259): App\Models\M_laundry->joinPemesanan()
#1 C:\laundry\system\CodeIgniter.php(928): App\Controllers\Home->transaksi()
#2 C:\laundry\system\CodeIgniter.php(436): CodeIgniter\CodeIgniter->runController(Object(App\Controllers\Home))
#3 C:\laundry\system\CodeIgniter.php(336): CodeIgniter\CodeIgniter->handleRequest(NULL, Object(Config\Cache), false)
#4 C:\laundry\public\index.php(37): CodeIgniter\CodeIgniter->run()
#5 C:\laundry\system\Commands\Server\rewrite.php(45): require_once('C:\\laundry\\publ...')
#6 {main}
ERROR - 2024-07-23 09:13:45 --> Unknown column 'pemesanan.id_pakaian' in 'field list'
CRITICAL - 2024-07-23 09:13:45 --> Call to a member function getResult() on bool
#0 C:\laundry\app\Controllers\Home.php(259): App\Models\M_laundry->joinPemesanan()
#1 C:\laundry\system\CodeIgniter.php(928): App\Controllers\Home->transaksi()
#2 C:\laundry\system\CodeIgniter.php(436): CodeIgniter\CodeIgniter->runController(Object(App\Controllers\Home))
#3 C:\laundry\system\CodeIgniter.php(336): CodeIgniter\CodeIgniter->handleRequest(NULL, Object(Config\Cache), false)
#4 C:\laundry\public\index.php(37): CodeIgniter\CodeIgniter->run()
#5 C:\laundry\system\Commands\Server\rewrite.php(45): require_once('C:\\laundry\\publ...')
#6 {main}
ERROR - 2024-07-23 09:15:41 --> Unknown column 'jpakaian.nama' in 'field list'
CRITICAL - 2024-07-23 09:15:41 --> Call to a member function getResult() on bool
#0 C:\laundry\app\Controllers\Home.php(259): App\Models\M_laundry->joinPemesanan()
#1 C:\laundry\system\CodeIgniter.php(928): App\Controllers\Home->transaksi()
#2 C:\laundry\system\CodeIgniter.php(436): CodeIgniter\CodeIgniter->runController(Object(App\Controllers\Home))
#3 C:\laundry\system\CodeIgniter.php(336): CodeIgniter\CodeIgniter->handleRequest(NULL, Object(Config\Cache), false)
#4 C:\laundry\public\index.php(37): CodeIgniter\CodeIgniter->run()
#5 C:\laundry\system\Commands\Server\rewrite.php(45): require_once('C:\\laundry\\publ...')
#6 {main}
ERROR - 2024-07-23 09:15:43 --> Unknown column 'jpakaian.nama' in 'field list'
CRITICAL - 2024-07-23 09:15:43 --> Call to a member function getResult() on bool
#0 C:\laundry\app\Controllers\Home.php(259): App\Models\M_laundry->joinPemesanan()
#1 C:\laundry\system\CodeIgniter.php(928): App\Controllers\Home->transaksi()
#2 C:\laundry\system\CodeIgniter.php(436): CodeIgniter\CodeIgniter->runController(Object(App\Controllers\Home))
#3 C:\laundry\system\CodeIgniter.php(336): CodeIgniter\CodeIgniter->handleRequest(NULL, Object(Config\Cache), false)
#4 C:\laundry\public\index.php(37): CodeIgniter\CodeIgniter->run()
#5 C:\laundry\system\Commands\Server\rewrite.php(45): require_once('C:\\laundry\\publ...')
#6 {main}
ERROR - 2024-07-23 09:15:46 --> Unknown column 'jpakaian.nama' in 'field list'
CRITICAL - 2024-07-23 09:15:46 --> Call to a member function getResult() on bool
#0 C:\laundry\app\Controllers\Home.php(259): App\Models\M_laundry->joinPemesanan()
#1 C:\laundry\system\CodeIgniter.php(928): App\Controllers\Home->transaksi()
#2 C:\laundry\system\CodeIgniter.php(436): CodeIgniter\CodeIgniter->runController(Object(App\Controllers\Home))
#3 C:\laundry\system\CodeIgniter.php(336): CodeIgniter\CodeIgniter->handleRequest(NULL, Object(Config\Cache), false)
#4 C:\laundry\public\index.php(37): CodeIgniter\CodeIgniter->run()
#5 C:\laundry\system\Commands\Server\rewrite.php(45): require_once('C:\\laundry\\publ...')
#6 {main}
ERROR - 2024-07-23 09:17:25 --> Unknown column 'jpakaian.nama' in 'field list'
CRITICAL - 2024-07-23 09:17:25 --> Call to a member function getResult() on bool
#0 C:\laundry\app\Controllers\Home.php(259): App\Models\M_laundry->joinPemesanan()
#1 C:\laundry\system\CodeIgniter.php(928): App\Controllers\Home->transaksi()
#2 C:\laundry\system\CodeIgniter.php(436): CodeIgniter\CodeIgniter->runController(Object(App\Controllers\Home))
#3 C:\laundry\system\CodeIgniter.php(336): CodeIgniter\CodeIgniter->handleRequest(NULL, Object(Config\Cache), false)
#4 C:\laundry\public\index.php(37): CodeIgniter\CodeIgniter->run()
#5 C:\laundry\system\Commands\Server\rewrite.php(45): require_once('C:\\laundry\\publ...')
#6 {main}
ERROR - 2024-07-23 09:19:05 --> Unknown column 'jpakaian.nama' in 'field list'
CRITICAL - 2024-07-23 09:19:05 --> Call to a member function getResult() on bool
#0 C:\laundry\app\Controllers\Home.php(259): App\Models\M_laundry->joinPemesanan()
#1 C:\laundry\system\CodeIgniter.php(928): App\Controllers\Home->transaksi()
#2 C:\laundry\system\CodeIgniter.php(436): CodeIgniter\CodeIgniter->runController(Object(App\Controllers\Home))
#3 C:\laundry\system\CodeIgniter.php(336): CodeIgniter\CodeIgniter->handleRequest(NULL, Object(Config\Cache), false)
#4 C:\laundry\public\index.php(37): CodeIgniter\CodeIgniter->run()
#5 C:\laundry\system\Commands\Server\rewrite.php(45): require_once('C:\\laundry\\publ...')
#6 {main}
ERROR - 2024-07-23 09:19:09 --> Unknown column 'jpakaian.nama' in 'field list'
CRITICAL - 2024-07-23 09:19:09 --> Call to a member function getResult() on bool
#0 C:\laundry\app\Controllers\Home.php(259): App\Models\M_laundry->joinPemesanan()
#1 C:\laundry\system\CodeIgniter.php(928): App\Controllers\Home->transaksi()
#2 C:\laundry\system\CodeIgniter.php(436): CodeIgniter\CodeIgniter->runController(Object(App\Controllers\Home))
#3 C:\laundry\system\CodeIgniter.php(336): CodeIgniter\CodeIgniter->handleRequest(NULL, Object(Config\Cache), false)
#4 C:\laundry\public\index.php(37): CodeIgniter\CodeIgniter->run()
#5 C:\laundry\system\Commands\Server\rewrite.php(45): require_once('C:\\laundry\\publ...')
#6 {main}
ERROR - 2024-07-23 09:19:30 --> Unknown column 'jpakaian.nama' in 'field list'
CRITICAL - 2024-07-23 09:19:30 --> Call to a member function getResult() on bool
#0 C:\laundry\app\Controllers\Home.php(259): App\Models\M_laundry->joinPemesanan()
#1 C:\laundry\system\CodeIgniter.php(928): App\Controllers\Home->transaksi()
#2 C:\laundry\system\CodeIgniter.php(436): CodeIgniter\CodeIgniter->runController(Object(App\Controllers\Home))
#3 C:\laundry\system\CodeIgniter.php(336): CodeIgniter\CodeIgniter->handleRequest(NULL, Object(Config\Cache), false)
#4 C:\laundry\public\index.php(37): CodeIgniter\CodeIgniter->run()
#5 C:\laundry\system\Commands\Server\rewrite.php(45): require_once('C:\\laundry\\publ...')
#6 {main}
ERROR - 2024-07-23 09:19:33 --> Unknown column 'jpakaian.nama' in 'field list'
CRITICAL - 2024-07-23 09:19:33 --> Call to a member function getResult() on bool
#0 C:\laundry\app\Controllers\Home.php(259): App\Models\M_laundry->joinPemesanan()
#1 C:\laundry\system\CodeIgniter.php(928): App\Controllers\Home->transaksi()
#2 C:\laundry\system\CodeIgniter.php(436): CodeIgniter\CodeIgniter->runController(Object(App\Controllers\Home))
#3 C:\laundry\system\CodeIgniter.php(336): CodeIgniter\CodeIgniter->handleRequest(NULL, Object(Config\Cache), false)
#4 C:\laundry\public\index.php(37): CodeIgniter\CodeIgniter->run()
#5 C:\laundry\system\Commands\Server\rewrite.php(45): require_once('C:\\laundry\\publ...')
#6 {main}
ERROR - 2024-07-23 09:27:13 --> Unknown column 'jpakaian.nama' in 'field list'
CRITICAL - 2024-07-23 09:27:13 --> Call to a member function getResult() on bool
#0 C:\laundry\app\Controllers\Home.php(259): App\Models\M_laundry->joinPemesanan()
#1 C:\laundry\system\CodeIgniter.php(928): App\Controllers\Home->transaksi()
#2 C:\laundry\system\CodeIgniter.php(436): CodeIgniter\CodeIgniter->runController(Object(App\Controllers\Home))
#3 C:\laundry\system\CodeIgniter.php(336): CodeIgniter\CodeIgniter->handleRequest(NULL, Object(Config\Cache), false)
#4 C:\laundry\public\index.php(37): CodeIgniter\CodeIgniter->run()
#5 C:\laundry\system\Commands\Server\rewrite.php(45): require_once('C:\\laundry\\publ...')
#6 {main}
ERROR - 2024-07-23 09:37:24 --> Unknown column 'jpakaian.nama' in 'field list'
CRITICAL - 2024-07-23 09:37:24 --> Call to a member function getResult() on bool
#0 C:\laundry\app\Controllers\Home.php(259): App\Models\M_laundry->joinPemesanan()
#1 C:\laundry\system\CodeIgniter.php(928): App\Controllers\Home->transaksi()
#2 C:\laundry\system\CodeIgniter.php(436): CodeIgniter\CodeIgniter->runController(Object(App\Controllers\Home))
#3 C:\laundry\system\CodeIgniter.php(336): CodeIgniter\CodeIgniter->handleRequest(NULL, Object(Config\Cache), false)
#4 C:\laundry\public\index.php(37): CodeIgniter\CodeIgniter->run()
#5 C:\laundry\system\Commands\Server\rewrite.php(45): require_once('C:\\laundry\\publ...')
#6 {main}
ERROR - 2024-07-23 09:37:27 --> Unknown column 'jpakaian.nama' in 'field list'
CRITICAL - 2024-07-23 09:37:27 --> Call to a member function getResult() on bool
#0 C:\laundry\app\Controllers\Home.php(259): App\Models\M_laundry->joinPemesanan()
#1 C:\laundry\system\CodeIgniter.php(928): App\Controllers\Home->transaksi()
#2 C:\laundry\system\CodeIgniter.php(436): CodeIgniter\CodeIgniter->runController(Object(App\Controllers\Home))
#3 C:\laundry\system\CodeIgniter.php(336): CodeIgniter\CodeIgniter->handleRequest(NULL, Object(Config\Cache), false)
#4 C:\laundry\public\index.php(37): CodeIgniter\CodeIgniter->run()
#5 C:\laundry\system\Commands\Server\rewrite.php(45): require_once('C:\\laundry\\publ...')
#6 {main}
ERROR - 2024-07-23 09:41:46 --> Table 'laundry.jadwal' doesn't exist
CRITICAL - 2024-07-23 09:41:46 --> Call to a member function getResult() on bool
#0 C:\laundry\app\Controllers\Home.php(259): App\Models\M_laundry->joinPemesanan()
#1 C:\laundry\system\CodeIgniter.php(928): App\Controllers\Home->transaksi()
#2 C:\laundry\system\CodeIgniter.php(436): CodeIgniter\CodeIgniter->runController(Object(App\Controllers\Home))
#3 C:\laundry\system\CodeIgniter.php(336): CodeIgniter\CodeIgniter->handleRequest(NULL, Object(Config\Cache), false)
#4 C:\laundry\public\index.php(37): CodeIgniter\CodeIgniter->run()
#5 C:\laundry\system\Commands\Server\rewrite.php(45): require_once('C:\\laundry\\publ...')
#6 {main}
ERROR - 2024-07-23 09:52:42 --> Unknown column 'jpakaian.nama' in 'field list'
CRITICAL - 2024-07-23 09:52:42 --> Call to a member function getResult() on bool
#0 C:\laundry\app\Controllers\Home.php(259): App\Models\M_laundry->joinPemesanan()
#1 C:\laundry\system\CodeIgniter.php(928): App\Controllers\Home->transaksi()
#2 C:\laundry\system\CodeIgniter.php(436): CodeIgniter\CodeIgniter->runController(Object(App\Controllers\Home))
#3 C:\laundry\system\CodeIgniter.php(336): CodeIgniter\CodeIgniter->handleRequest(NULL, Object(Config\Cache), false)
#4 C:\laundry\public\index.php(37): CodeIgniter\CodeIgniter->run()
#5 C:\laundry\system\Commands\Server\rewrite.php(45): require_once('C:\\laundry\\publ...')
#6 {main}
ERROR - 2024-07-23 10:03:39 --> Unknown column 'username' in 'field list'
ERROR - 2024-07-23 10:03:44 --> Unknown column 'username' in 'field list'
ERROR - 2024-07-23 22:53:33 --> Unknown column 'username' in 'field list'
CRITICAL - 2024-07-23 22:56:51 --> Invalid argument supplied for foreach()
#0 C:\laundry\app\Views\pemesanan_admin.php(73): CodeIgniter\Debug\Exceptions->errorHandler(2, 'Invalid argumen...', 'C:\\laundry\\app\\...', 73, Array)
#1 C:\laundry\system\View\View.php(230): include('C:\\laundry\\app\\...')
#2 C:\laundry\system\View\View.php(232): CodeIgniter\View\View->CodeIgniter\View\{closure}()
#3 C:\laundry\system\Common.php(1271): CodeIgniter\View\View->render('pemesanan_admin', Array, true)
#4 C:\laundry\app\Controllers\Home.php(158): view('pemesanan_admin', Array)
#5 C:\laundry\system\CodeIgniter.php(928): App\Controllers\Home->pemesanan_admin()
#6 C:\laundry\system\CodeIgniter.php(436): CodeIgniter\CodeIgniter->runController(Object(App\Controllers\Home))
#7 C:\laundry\system\CodeIgniter.php(336): CodeIgniter\CodeIgniter->handleRequest(NULL, Object(Config\Cache), false)
#8 C:\laundry\public\index.php(37): CodeIgniter\CodeIgniter->run()
#9 C:\laundry\system\Commands\Server\rewrite.php(45): require_once('C:\\laundry\\publ...')
#10 {main}
CRITICAL - 2024-07-23 22:56:54 --> Invalid argument supplied for foreach()
#0 C:\laundry\app\Views\pemesanan_admin.php(73): CodeIgniter\Debug\Exceptions->errorHandler(2, 'Invalid argumen...', 'C:\\laundry\\app\\...', 73, Array)
#1 C:\laundry\system\View\View.php(230): include('C:\\laundry\\app\\...')
#2 C:\laundry\system\View\View.php(232): CodeIgniter\View\View->CodeIgniter\View\{closure}()
#3 C:\laundry\system\Common.php(1271): CodeIgniter\View\View->render('pemesanan_admin', Array, true)
#4 C:\laundry\app\Controllers\Home.php(158): view('pemesanan_admin', Array)
#5 C:\laundry\system\CodeIgniter.php(928): App\Controllers\Home->pemesanan_admin()
#6 C:\laundry\system\CodeIgniter.php(436): CodeIgniter\CodeIgniter->runController(Object(App\Controllers\Home))
#7 C:\laundry\system\CodeIgniter.php(336): CodeIgniter\CodeIgniter->handleRequest(NULL, Object(Config\Cache), false)
#8 C:\laundry\public\index.php(37): CodeIgniter\CodeIgniter->run()
#9 C:\laundry\system\Commands\Server\rewrite.php(45): require_once('C:\\laundry\\publ...')
#10 {main}
CRITICAL - 2024-07-23 22:56:55 --> Invalid argument supplied for foreach()
#0 C:\laundry\app\Views\pemesanan_admin.php(73): CodeIgniter\Debug\Exceptions->errorHandler(2, 'Invalid argumen...', 'C:\\laundry\\app\\...', 73, Array)
#1 C:\laundry\system\View\View.php(230): include('C:\\laundry\\app\\...')
#2 C:\laundry\system\View\View.php(232): CodeIgniter\View\View->CodeIgniter\View\{closure}()
#3 C:\laundry\system\Common.php(1271): CodeIgniter\View\View->render('pemesanan_admin', Array, true)
#4 C:\laundry\app\Controllers\Home.php(158): view('pemesanan_admin', Array)
#5 C:\laundry\system\CodeIgniter.php(928): App\Controllers\Home->pemesanan_admin()
#6 C:\laundry\system\CodeIgniter.php(436): CodeIgniter\CodeIgniter->runController(Object(App\Controllers\Home))
#7 C:\laundry\system\CodeIgniter.php(336): CodeIgniter\CodeIgniter->handleRequest(NULL, Object(Config\Cache), false)
#8 C:\laundry\public\index.php(37): CodeIgniter\CodeIgniter->run()
#9 C:\laundry\system\Commands\Server\rewrite.php(45): require_once('C:\\laundry\\publ...')
#10 {main}
CRITICAL - 2024-07-23 22:56:56 --> Invalid argument supplied for foreach()
#0 C:\laundry\app\Views\pemesanan_admin.php(73): CodeIgniter\Debug\Exceptions->errorHandler(2, 'Invalid argumen...', 'C:\\laundry\\app\\...', 73, Array)
#1 C:\laundry\system\View\View.php(230): include('C:\\laundry\\app\\...')
#2 C:\laundry\system\View\View.php(232): CodeIgniter\View\View->CodeIgniter\View\{closure}()
#3 C:\laundry\system\Common.php(1271): CodeIgniter\View\View->render('pemesanan_admin', Array, true)
#4 C:\laundry\app\Controllers\Home.php(158): view('pemesanan_admin', Array)
#5 C:\laundry\system\CodeIgniter.php(928): App\Controllers\Home->pemesanan_admin()
#6 C:\laundry\system\CodeIgniter.php(436): CodeIgniter\CodeIgniter->runController(Object(App\Controllers\Home))
#7 C:\laundry\system\CodeIgniter.php(336): CodeIgniter\CodeIgniter->handleRequest(NULL, Object(Config\Cache), false)
#8 C:\laundry\public\index.php(37): CodeIgniter\CodeIgniter->run()
#9 C:\laundry\system\Commands\Server\rewrite.php(45): require_once('C:\\laundry\\publ...')
#10 {main}
ERROR - 2024-07-23 23:44:14 --> Unknown column 'username' in 'field list'
ERROR - 2024-07-23 23:44:14 --> Unknown column 'username' in 'field list'
ERROR - 2024-07-23 23:45:03 --> Unknown column 'username' in 'field list'
ERROR - 2024-07-23 23:45:24 --> Unknown column 'username' in 'field list'
ERROR - 2024-07-23 23:49:12 --> Unknown column 'username' in 'field list'
ERROR - 2024-07-23 23:49:57 --> Unknown column 'username' in 'field list'
ERROR - 2024-07-23 23:52:12 --> Unknown column 'username' in 'field list'
ERROR - 2024-07-23 23:52:36 --> Unknown column 'username' in 'field list'
ERROR - 2024-07-23 23:54:33 --> Unknown column 'username' in 'field list'
ERROR - 2024-07-23 23:54:48 --> Unknown column 'username' in 'field list'
ERROR - 2024-07-23 23:58:15 --> Unknown column 'username' in 'field list'
