CRITICAL - 2024-09-06 17:03:51 --> Call to undefined method App\Models\M_projek::getWherearray
#0 G:\My Drive\projekbaru\app\Controllers\Home.php(509): CodeIgniter\Model->__call('getWherearray', Array)
#1 G:\My Drive\projekbaru\system\CodeIgniter.php(928): App\Controllers\Home->restore_data_edit('14')
#2 G:\My Drive\projekbaru\system\CodeIgniter.php(436): CodeIgniter\CodeIgniter->runController(Object(App\Controllers\Home))
#3 G:\My Drive\projekbaru\system\CodeIgniter.php(336): CodeIgniter\CodeIgniter->handleRequest(NULL, Object(Config\Cache), false)
#4 G:\My Drive\projekbaru\public\index.php(37): CodeIgniter\CodeIgniter->run()
#5 G:\My Drive\projekbaru\system\Commands\Server\rewrite.php(45): require_once('G:\\My Drive\\pro...')
#6 {main}
ERROR - 2024-09-06 17:04:34 --> Unknown column 'backup_by' in 'field list'
ERROR - 2024-09-06 17:04:57 --> Unknown column 'backup_by' in 'field list'
ERROR - 2024-09-06 17:08:47 --> Unknown column 'backup_by' in 'field list'
ERROR - 2024-09-06 17:09:49 --> Unknown column 'backup_by' in 'field list'
ERROR - 2024-09-06 17:13:43 --> Unknown column 'backup_by' in 'field list'
ERROR - 2024-09-06 17:26:09 --> Unknown column 'backup_by' in 'field list'
ERROR - 2024-09-06 17:26:53 --> Unknown column 'backup_by' in 'field list'
ERROR - 2024-09-06 17:28:46 --> Unknown column 'backup_by' in 'field list'
ERROR - 2024-09-06 17:28:46 --> Failed to restore data for kelas with ID: 14
ERROR - 2024-09-06 17:29:20 --> Unknown column 'backup_by' in 'field list'
ERROR - 2024-09-06 17:29:20 --> Failed to restore data for kelas with ID: 1
ERROR - 2024-09-06 17:29:58 --> Unknown column 'backup_by' in 'field list'
ERROR - 2024-09-06 17:29:58 --> Failed to restore data for kelas with ID: 1
ERROR - 2024-09-06 17:31:10 --> Unknown column 'backup_by' in 'field list'
ERROR - 2024-09-06 19:27:44 --> Table 'projekbaru.permissions' doesn't exist
CRITICAL - 2024-09-06 19:27:44 --> Call to a member function getRow() on bool
#0 G:\My Drive\projekbaru\app\Controllers\ActivityLogController.php(23): has_permission('log_activity')
#1 G:\My Drive\projekbaru\system\CodeIgniter.php(928): App\Controllers\ActivityLogController->log()
#2 G:\My Drive\projekbaru\system\CodeIgniter.php(436): CodeIgniter\CodeIgniter->runController(Object(App\Controllers\ActivityLogController))
#3 G:\My Drive\projekbaru\system\CodeIgniter.php(336): CodeIgniter\CodeIgniter->handleRequest(NULL, Object(Config\Cache), false)
#4 G:\My Drive\projekbaru\public\index.php(37): CodeIgniter\CodeIgniter->run()
#5 G:\My Drive\projekbaru\system\Commands\Server\rewrite.php(45): require_once('G:\\My Drive\\pro...')
#6 {main}
