CRITICAL - 2024-08-14 11:36:03 --> Call to undefined function has_permission()
#0 C:\laundry\system\View\View.php(230): include()
#1 C:\laundry\system\View\View.php(232): CodeIgniter\View\View->CodeIgniter\View\{closure}()
#2 C:\laundry\system\Common.php(1271): CodeIgniter\View\View->render('menu', Array, true)
#3 C:\laundry\app\Controllers\Home.php(32): view('menu', Array)
#4 C:\laundry\system\CodeIgniter.php(928): App\Controllers\Home->dashboard()
#5 C:\laundry\system\CodeIgniter.php(436): CodeIgniter\CodeIgniter->runController(Object(App\Controllers\Home))
#6 C:\laundry\system\CodeIgniter.php(336): CodeIgniter\CodeIgniter->handleRequest(NULL, Object(Config\Cache), false)
#7 C:\laundry\public\index.php(37): CodeIgniter\CodeIgniter->run()
#8 C:\laundry\system\Commands\Server\rewrite.php(45): require_once('C:\\laundry\\publ...')
#9 {main}
CRITICAL - 2024-08-14 11:41:35 --> syntax error, unexpected 'endif' (T_ENDIF), expecting end of file
#0 C:\laundry\system\View\View.php(232): CodeIgniter\View\View->CodeIgniter\View\{closure}()
#1 C:\laundry\system\Common.php(1271): CodeIgniter\View\View->render('menu', Array, true)
#2 C:\laundry\app\Controllers\Home.php(878): view('menu', Array)
#3 C:\laundry\system\CodeIgniter.php(928): App\Controllers\Home->laporan()
#4 C:\laundry\system\CodeIgniter.php(436): CodeIgniter\CodeIgniter->runController(Object(App\Controllers\Home))
#5 C:\laundry\system\CodeIgniter.php(336): CodeIgniter\CodeIgniter->handleRequest(NULL, Object(Config\Cache), false)
#6 C:\laundry\public\index.php(37): CodeIgniter\CodeIgniter->run()
#7 C:\laundry\system\Commands\Server\rewrite.php(45): require_once('C:\\laundry\\publ...')
#8 {main}
CRITICAL - 2024-08-14 11:42:59 --> Call to undefined function has_permission()
#0 C:\laundry\system\View\View.php(230): include()
#1 C:\laundry\system\View\View.php(232): CodeIgniter\View\View->CodeIgniter\View\{closure}()
#2 C:\laundry\system\Common.php(1271): CodeIgniter\View\View->render('menu', Array, true)
#3 C:\laundry\app\Controllers\Home.php(878): view('menu', Array)
#4 C:\laundry\system\CodeIgniter.php(928): App\Controllers\Home->laporan()
#5 C:\laundry\system\CodeIgniter.php(436): CodeIgniter\CodeIgniter->runController(Object(App\Controllers\Home))
#6 C:\laundry\system\CodeIgniter.php(336): CodeIgniter\CodeIgniter->handleRequest(NULL, Object(Config\Cache), false)
#7 C:\laundry\public\index.php(37): CodeIgniter\CodeIgniter->run()
#8 C:\laundry\system\Commands\Server\rewrite.php(45): require_once('C:\\laundry\\publ...')
#9 {main}
CRITICAL - 2024-08-14 11:44:01 --> Call to undefined function has_permission()
#0 C:\laundry\system\View\View.php(230): include()
#1 C:\laundry\system\View\View.php(232): CodeIgniter\View\View->CodeIgniter\View\{closure}()
#2 C:\laundry\system\Common.php(1271): CodeIgniter\View\View->render('menu', Array, true)
#3 C:\laundry\app\Controllers\Home.php(878): view('menu', Array)
#4 C:\laundry\system\CodeIgniter.php(928): App\Controllers\Home->laporan()
#5 C:\laundry\system\CodeIgniter.php(436): CodeIgniter\CodeIgniter->runController(Object(App\Controllers\Home))
#6 C:\laundry\system\CodeIgniter.php(336): CodeIgniter\CodeIgniter->handleRequest(NULL, Object(Config\Cache), false)
#7 C:\laundry\public\index.php(37): CodeIgniter\CodeIgniter->run()
#8 C:\laundry\system\Commands\Server\rewrite.php(45): require_once('C:\\laundry\\publ...')
#9 {main}
CRITICAL - 2024-08-14 11:44:02 --> Call to undefined function has_permission()
#0 C:\laundry\system\View\View.php(230): include()
#1 C:\laundry\system\View\View.php(232): CodeIgniter\View\View->CodeIgniter\View\{closure}()
#2 C:\laundry\system\Common.php(1271): CodeIgniter\View\View->render('menu', Array, true)
#3 C:\laundry\app\Controllers\Home.php(878): view('menu', Array)
#4 C:\laundry\system\CodeIgniter.php(928): App\Controllers\Home->laporan()
#5 C:\laundry\system\CodeIgniter.php(436): CodeIgniter\CodeIgniter->runController(Object(App\Controllers\Home))
#6 C:\laundry\system\CodeIgniter.php(336): CodeIgniter\CodeIgniter->handleRequest(NULL, Object(Config\Cache), false)
#7 C:\laundry\public\index.php(37): CodeIgniter\CodeIgniter->run()
#8 C:\laundry\system\Commands\Server\rewrite.php(45): require_once('C:\\laundry\\publ...')
#9 {main}
CRITICAL - 2024-08-14 11:44:02 --> Call to undefined function has_permission()
#0 C:\laundry\system\View\View.php(230): include()
#1 C:\laundry\system\View\View.php(232): CodeIgniter\View\View->CodeIgniter\View\{closure}()
#2 C:\laundry\system\Common.php(1271): CodeIgniter\View\View->render('menu', Array, true)
#3 C:\laundry\app\Controllers\Home.php(878): view('menu', Array)
#4 C:\laundry\system\CodeIgniter.php(928): App\Controllers\Home->laporan()
#5 C:\laundry\system\CodeIgniter.php(436): CodeIgniter\CodeIgniter->runController(Object(App\Controllers\Home))
#6 C:\laundry\system\CodeIgniter.php(336): CodeIgniter\CodeIgniter->handleRequest(NULL, Object(Config\Cache), false)
#7 C:\laundry\public\index.php(37): CodeIgniter\CodeIgniter->run()
#8 C:\laundry\system\Commands\Server\rewrite.php(45): require_once('C:\\laundry\\publ...')
#9 {main}
CRITICAL - 2024-08-14 11:44:07 --> Call to undefined function has_permission()
#0 C:\laundry\system\View\View.php(230): include()
#1 C:\laundry\system\View\View.php(232): CodeIgniter\View\View->CodeIgniter\View\{closure}()
#2 C:\laundry\system\Common.php(1271): CodeIgniter\View\View->render('menu', Array, true)
#3 C:\laundry\app\Controllers\Home.php(878): view('menu', Array)
#4 C:\laundry\system\CodeIgniter.php(928): App\Controllers\Home->laporan()
#5 C:\laundry\system\CodeIgniter.php(436): CodeIgniter\CodeIgniter->runController(Object(App\Controllers\Home))
#6 C:\laundry\system\CodeIgniter.php(336): CodeIgniter\CodeIgniter->handleRequest(NULL, Object(Config\Cache), false)
#7 C:\laundry\public\index.php(37): CodeIgniter\CodeIgniter->run()
#8 C:\laundry\system\Commands\Server\rewrite.php(45): require_once('C:\\laundry\\publ...')
#9 {main}
CRITICAL - 2024-08-14 11:44:13 --> Call to undefined function has_permission()
#0 C:\laundry\system\View\View.php(230): include()
#1 C:\laundry\system\View\View.php(232): CodeIgniter\View\View->CodeIgniter\View\{closure}()
#2 C:\laundry\system\Common.php(1271): CodeIgniter\View\View->render('menu', Array, true)
#3 C:\laundry\app\Controllers\Home.php(878): view('menu', Array)
#4 C:\laundry\system\CodeIgniter.php(928): App\Controllers\Home->laporan()
#5 C:\laundry\system\CodeIgniter.php(436): CodeIgniter\CodeIgniter->runController(Object(App\Controllers\Home))
#6 C:\laundry\system\CodeIgniter.php(336): CodeIgniter\CodeIgniter->handleRequest(NULL, Object(Config\Cache), false)
#7 C:\laundry\public\index.php(37): CodeIgniter\CodeIgniter->run()
#8 C:\laundry\system\Commands\Server\rewrite.php(45): require_once('C:\\laundry\\publ...')
#9 {main}
CRITICAL - 2024-08-14 11:44:56 --> Call to undefined function has_permission()
#0 C:\laundry\system\View\View.php(230): include()
#1 C:\laundry\system\View\View.php(232): CodeIgniter\View\View->CodeIgniter\View\{closure}()
#2 C:\laundry\system\Common.php(1271): CodeIgniter\View\View->render('menu', Array, true)
#3 C:\laundry\app\Controllers\Home.php(878): view('menu', Array)
#4 C:\laundry\system\CodeIgniter.php(928): App\Controllers\Home->laporan()
#5 C:\laundry\system\CodeIgniter.php(436): CodeIgniter\CodeIgniter->runController(Object(App\Controllers\Home))
#6 C:\laundry\system\CodeIgniter.php(336): CodeIgniter\CodeIgniter->handleRequest(NULL, Object(Config\Cache), false)
#7 C:\laundry\public\index.php(37): CodeIgniter\CodeIgniter->run()
#8 C:\laundry\system\Commands\Server\rewrite.php(45): require_once('C:\\laundry\\publ...')
#9 {main}
CRITICAL - 2024-08-14 11:44:57 --> Call to undefined function has_permission()
#0 C:\laundry\system\View\View.php(230): include()
#1 C:\laundry\system\View\View.php(232): CodeIgniter\View\View->CodeIgniter\View\{closure}()
#2 C:\laundry\system\Common.php(1271): CodeIgniter\View\View->render('menu', Array, true)
#3 C:\laundry\app\Controllers\Home.php(878): view('menu', Array)
#4 C:\laundry\system\CodeIgniter.php(928): App\Controllers\Home->laporan()
#5 C:\laundry\system\CodeIgniter.php(436): CodeIgniter\CodeIgniter->runController(Object(App\Controllers\Home))
#6 C:\laundry\system\CodeIgniter.php(336): CodeIgniter\CodeIgniter->handleRequest(NULL, Object(Config\Cache), false)
#7 C:\laundry\public\index.php(37): CodeIgniter\CodeIgniter->run()
#8 C:\laundry\system\Commands\Server\rewrite.php(45): require_once('C:\\laundry\\publ...')
#9 {main}
CRITICAL - 2024-08-14 11:44:57 --> Call to undefined function has_permission()
#0 C:\laundry\system\View\View.php(230): include()
#1 C:\laundry\system\View\View.php(232): CodeIgniter\View\View->CodeIgniter\View\{closure}()
#2 C:\laundry\system\Common.php(1271): CodeIgniter\View\View->render('menu', Array, true)
#3 C:\laundry\app\Controllers\Home.php(878): view('menu', Array)
#4 C:\laundry\system\CodeIgniter.php(928): App\Controllers\Home->laporan()
#5 C:\laundry\system\CodeIgniter.php(436): CodeIgniter\CodeIgniter->runController(Object(App\Controllers\Home))
#6 C:\laundry\system\CodeIgniter.php(336): CodeIgniter\CodeIgniter->handleRequest(NULL, Object(Config\Cache), false)
#7 C:\laundry\public\index.php(37): CodeIgniter\CodeIgniter->run()
#8 C:\laundry\system\Commands\Server\rewrite.php(45): require_once('C:\\laundry\\publ...')
#9 {main}
CRITICAL - 2024-08-14 11:44:57 --> Call to undefined function has_permission()
#0 C:\laundry\system\View\View.php(230): include()
#1 C:\laundry\system\View\View.php(232): CodeIgniter\View\View->CodeIgniter\View\{closure}()
#2 C:\laundry\system\Common.php(1271): CodeIgniter\View\View->render('menu', Array, true)
#3 C:\laundry\app\Controllers\Home.php(878): view('menu', Array)
#4 C:\laundry\system\CodeIgniter.php(928): App\Controllers\Home->laporan()
#5 C:\laundry\system\CodeIgniter.php(436): CodeIgniter\CodeIgniter->runController(Object(App\Controllers\Home))
#6 C:\laundry\system\CodeIgniter.php(336): CodeIgniter\CodeIgniter->handleRequest(NULL, Object(Config\Cache), false)
#7 C:\laundry\public\index.php(37): CodeIgniter\CodeIgniter->run()
#8 C:\laundry\system\Commands\Server\rewrite.php(45): require_once('C:\\laundry\\publ...')
#9 {main}
CRITICAL - 2024-08-14 11:44:58 --> Call to undefined function has_permission()
#0 C:\laundry\system\View\View.php(230): include()
#1 C:\laundry\system\View\View.php(232): CodeIgniter\View\View->CodeIgniter\View\{closure}()
#2 C:\laundry\system\Common.php(1271): CodeIgniter\View\View->render('menu', Array, true)
#3 C:\laundry\app\Controllers\Home.php(878): view('menu', Array)
#4 C:\laundry\system\CodeIgniter.php(928): App\Controllers\Home->laporan()
#5 C:\laundry\system\CodeIgniter.php(436): CodeIgniter\CodeIgniter->runController(Object(App\Controllers\Home))
#6 C:\laundry\system\CodeIgniter.php(336): CodeIgniter\CodeIgniter->handleRequest(NULL, Object(Config\Cache), false)
#7 C:\laundry\public\index.php(37): CodeIgniter\CodeIgniter->run()
#8 C:\laundry\system\Commands\Server\rewrite.php(45): require_once('C:\\laundry\\publ...')
#9 {main}
CRITICAL - 2024-08-14 11:44:58 --> Call to undefined function has_permission()
#0 C:\laundry\system\View\View.php(230): include()
#1 C:\laundry\system\View\View.php(232): CodeIgniter\View\View->CodeIgniter\View\{closure}()
#2 C:\laundry\system\Common.php(1271): CodeIgniter\View\View->render('menu', Array, true)
#3 C:\laundry\app\Controllers\Home.php(878): view('menu', Array)
#4 C:\laundry\system\CodeIgniter.php(928): App\Controllers\Home->laporan()
#5 C:\laundry\system\CodeIgniter.php(436): CodeIgniter\CodeIgniter->runController(Object(App\Controllers\Home))
#6 C:\laundry\system\CodeIgniter.php(336): CodeIgniter\CodeIgniter->handleRequest(NULL, Object(Config\Cache), false)
#7 C:\laundry\public\index.php(37): CodeIgniter\CodeIgniter->run()
#8 C:\laundry\system\Commands\Server\rewrite.php(45): require_once('C:\\laundry\\publ...')
#9 {main}
CRITICAL - 2024-08-14 11:49:05 --> Call to undefined function has_permission()
#0 C:\laundry\system\View\View.php(230): include()
#1 C:\laundry\system\View\View.php(232): CodeIgniter\View\View->CodeIgniter\View\{closure}()
#2 C:\laundry\system\Common.php(1271): CodeIgniter\View\View->render('menu', Array, true)
#3 C:\laundry\app\Controllers\Home.php(878): view('menu', Array)
#4 C:\laundry\system\CodeIgniter.php(928): App\Controllers\Home->laporan()
#5 C:\laundry\system\CodeIgniter.php(436): CodeIgniter\CodeIgniter->runController(Object(App\Controllers\Home))
#6 C:\laundry\system\CodeIgniter.php(336): CodeIgniter\CodeIgniter->handleRequest(NULL, Object(Config\Cache), false)
#7 C:\laundry\public\index.php(37): CodeIgniter\CodeIgniter->run()
#8 C:\laundry\system\Commands\Server\rewrite.php(45): require_once('C:\\laundry\\publ...')
#9 {main}
CRITICAL - 2024-08-14 11:49:06 --> Call to undefined function has_permission()
#0 C:\laundry\system\View\View.php(230): include()
#1 C:\laundry\system\View\View.php(232): CodeIgniter\View\View->CodeIgniter\View\{closure}()
#2 C:\laundry\system\Common.php(1271): CodeIgniter\View\View->render('menu', Array, true)
#3 C:\laundry\app\Controllers\Home.php(32): view('menu', Array)
#4 C:\laundry\system\CodeIgniter.php(928): App\Controllers\Home->dashboard()
#5 C:\laundry\system\CodeIgniter.php(436): CodeIgniter\CodeIgniter->runController(Object(App\Controllers\Home))
#6 C:\laundry\system\CodeIgniter.php(336): CodeIgniter\CodeIgniter->handleRequest(NULL, Object(Config\Cache), false)
#7 C:\laundry\public\index.php(37): CodeIgniter\CodeIgniter->run()
#8 C:\laundry\system\Commands\Server\rewrite.php(45): require_once('C:\\laundry\\publ...')
#9 {main}
CRITICAL - 2024-08-14 11:49:06 --> Call to undefined function has_permission()
#0 C:\laundry\system\View\View.php(230): include()
#1 C:\laundry\system\View\View.php(232): CodeIgniter\View\View->CodeIgniter\View\{closure}()
#2 C:\laundry\system\Common.php(1271): CodeIgniter\View\View->render('menu', Array, true)
#3 C:\laundry\app\Controllers\Home.php(32): view('menu', Array)
#4 C:\laundry\system\CodeIgniter.php(928): App\Controllers\Home->dashboard()
#5 C:\laundry\system\CodeIgniter.php(436): CodeIgniter\CodeIgniter->runController(Object(App\Controllers\Home))
#6 C:\laundry\system\CodeIgniter.php(336): CodeIgniter\CodeIgniter->handleRequest(NULL, Object(Config\Cache), false)
#7 C:\laundry\public\index.php(37): CodeIgniter\CodeIgniter->run()
#8 C:\laundry\system\Commands\Server\rewrite.php(45): require_once('C:\\laundry\\publ...')
#9 {main}
CRITICAL - 2024-08-14 11:49:06 --> Call to undefined function has_permission()
#0 C:\laundry\system\View\View.php(230): include()
#1 C:\laundry\system\View\View.php(232): CodeIgniter\View\View->CodeIgniter\View\{closure}()
#2 C:\laundry\system\Common.php(1271): CodeIgniter\View\View->render('menu', Array, true)
#3 C:\laundry\app\Controllers\Home.php(32): view('menu', Array)
#4 C:\laundry\system\CodeIgniter.php(928): App\Controllers\Home->dashboard()
#5 C:\laundry\system\CodeIgniter.php(436): CodeIgniter\CodeIgniter->runController(Object(App\Controllers\Home))
#6 C:\laundry\system\CodeIgniter.php(336): CodeIgniter\CodeIgniter->handleRequest(NULL, Object(Config\Cache), false)
#7 C:\laundry\public\index.php(37): CodeIgniter\CodeIgniter->run()
#8 C:\laundry\system\Commands\Server\rewrite.php(45): require_once('C:\\laundry\\publ...')
#9 {main}
CRITICAL - 2024-08-14 11:51:12 --> Call to undefined method App\Controllers\Home::logUserActivity()
#0 C:\laundry\system\CodeIgniter.php(928): App\Controllers\Home->dashboard()
#1 C:\laundry\system\CodeIgniter.php(436): CodeIgniter\CodeIgniter->runController(Object(App\Controllers\Home))
#2 C:\laundry\system\CodeIgniter.php(336): CodeIgniter\CodeIgniter->handleRequest(NULL, Object(Config\Cache), false)
#3 C:\laundry\public\index.php(37): CodeIgniter\CodeIgniter->run()
#4 C:\laundry\system\Commands\Server\rewrite.php(45): require_once('C:\\laundry\\publ...')
#5 {main}
CRITICAL - 2024-08-14 11:51:13 --> Call to undefined method App\Controllers\Home::logUserActivity()
#0 C:\laundry\system\CodeIgniter.php(928): App\Controllers\Home->dashboard()
#1 C:\laundry\system\CodeIgniter.php(436): CodeIgniter\CodeIgniter->runController(Object(App\Controllers\Home))
#2 C:\laundry\system\CodeIgniter.php(336): CodeIgniter\CodeIgniter->handleRequest(NULL, Object(Config\Cache), false)
#3 C:\laundry\public\index.php(37): CodeIgniter\CodeIgniter->run()
#4 C:\laundry\system\Commands\Server\rewrite.php(45): require_once('C:\\laundry\\publ...')
#5 {main}
CRITICAL - 2024-08-14 11:51:13 --> Call to undefined method App\Controllers\Home::logUserActivity()
#0 C:\laundry\system\CodeIgniter.php(928): App\Controllers\Home->dashboard()
#1 C:\laundry\system\CodeIgniter.php(436): CodeIgniter\CodeIgniter->runController(Object(App\Controllers\Home))
#2 C:\laundry\system\CodeIgniter.php(336): CodeIgniter\CodeIgniter->handleRequest(NULL, Object(Config\Cache), false)
#3 C:\laundry\public\index.php(37): CodeIgniter\CodeIgniter->run()
#4 C:\laundry\system\Commands\Server\rewrite.php(45): require_once('C:\\laundry\\publ...')
#5 {main}
CRITICAL - 2024-08-14 11:51:13 --> Call to undefined method App\Controllers\Home::logUserActivity()
#0 C:\laundry\system\CodeIgniter.php(928): App\Controllers\Home->dashboard()
#1 C:\laundry\system\CodeIgniter.php(436): CodeIgniter\CodeIgniter->runController(Object(App\Controllers\Home))
#2 C:\laundry\system\CodeIgniter.php(336): CodeIgniter\CodeIgniter->handleRequest(NULL, Object(Config\Cache), false)
#3 C:\laundry\public\index.php(37): CodeIgniter\CodeIgniter->run()
#4 C:\laundry\system\Commands\Server\rewrite.php(45): require_once('C:\\laundry\\publ...')
#5 {main}
CRITICAL - 2024-08-14 11:51:38 --> Call to undefined function has_permission()
#0 C:\laundry\system\View\View.php(230): include()
#1 C:\laundry\system\View\View.php(232): CodeIgniter\View\View->CodeIgniter\View\{closure}()
#2 C:\laundry\system\Common.php(1271): CodeIgniter\View\View->render('menu', Array, true)
#3 C:\laundry\app\Controllers\Home.php(32): view('menu', Array)
#4 C:\laundry\system\CodeIgniter.php(928): App\Controllers\Home->dashboard()
#5 C:\laundry\system\CodeIgniter.php(436): CodeIgniter\CodeIgniter->runController(Object(App\Controllers\Home))
#6 C:\laundry\system\CodeIgniter.php(336): CodeIgniter\CodeIgniter->handleRequest(NULL, Object(Config\Cache), false)
#7 C:\laundry\public\index.php(37): CodeIgniter\CodeIgniter->run()
#8 C:\laundry\system\Commands\Server\rewrite.php(45): require_once('C:\\laundry\\publ...')
#9 {main}
CRITICAL - 2024-08-14 11:51:46 --> Call to undefined function has_permission()
#0 C:\laundry\system\View\View.php(230): include()
#1 C:\laundry\system\View\View.php(232): CodeIgniter\View\View->CodeIgniter\View\{closure}()
#2 C:\laundry\system\Common.php(1271): CodeIgniter\View\View->render('menu', Array, true)
#3 C:\laundry\app\Controllers\Home.php(32): view('menu', Array)
#4 C:\laundry\system\CodeIgniter.php(928): App\Controllers\Home->dashboard()
#5 C:\laundry\system\CodeIgniter.php(436): CodeIgniter\CodeIgniter->runController(Object(App\Controllers\Home))
#6 C:\laundry\system\CodeIgniter.php(336): CodeIgniter\CodeIgniter->handleRequest(NULL, Object(Config\Cache), false)
#7 C:\laundry\public\index.php(37): CodeIgniter\CodeIgniter->run()
#8 C:\laundry\system\Commands\Server\rewrite.php(45): require_once('C:\\laundry\\publ...')
#9 {main}
CRITICAL - 2024-08-14 11:51:47 --> Call to undefined function has_permission()
#0 C:\laundry\system\View\View.php(230): include()
#1 C:\laundry\system\View\View.php(232): CodeIgniter\View\View->CodeIgniter\View\{closure}()
#2 C:\laundry\system\Common.php(1271): CodeIgniter\View\View->render('menu', Array, true)
#3 C:\laundry\app\Controllers\Home.php(32): view('menu', Array)
#4 C:\laundry\system\CodeIgniter.php(928): App\Controllers\Home->dashboard()
#5 C:\laundry\system\CodeIgniter.php(436): CodeIgniter\CodeIgniter->runController(Object(App\Controllers\Home))
#6 C:\laundry\system\CodeIgniter.php(336): CodeIgniter\CodeIgniter->handleRequest(NULL, Object(Config\Cache), false)
#7 C:\laundry\public\index.php(37): CodeIgniter\CodeIgniter->run()
#8 C:\laundry\system\Commands\Server\rewrite.php(45): require_once('C:\\laundry\\publ...')
#9 {main}
CRITICAL - 2024-08-14 11:51:47 --> Call to undefined function has_permission()
#0 C:\laundry\system\View\View.php(230): include()
#1 C:\laundry\system\View\View.php(232): CodeIgniter\View\View->CodeIgniter\View\{closure}()
#2 C:\laundry\system\Common.php(1271): CodeIgniter\View\View->render('menu', Array, true)
#3 C:\laundry\app\Controllers\Home.php(32): view('menu', Array)
#4 C:\laundry\system\CodeIgniter.php(928): App\Controllers\Home->dashboard()
#5 C:\laundry\system\CodeIgniter.php(436): CodeIgniter\CodeIgniter->runController(Object(App\Controllers\Home))
#6 C:\laundry\system\CodeIgniter.php(336): CodeIgniter\CodeIgniter->handleRequest(NULL, Object(Config\Cache), false)
#7 C:\laundry\public\index.php(37): CodeIgniter\CodeIgniter->run()
#8 C:\laundry\system\Commands\Server\rewrite.php(45): require_once('C:\\laundry\\publ...')
#9 {main}
CRITICAL - 2024-08-14 11:51:47 --> Call to undefined function has_permission()
#0 C:\laundry\system\View\View.php(230): include()
#1 C:\laundry\system\View\View.php(232): CodeIgniter\View\View->CodeIgniter\View\{closure}()
#2 C:\laundry\system\Common.php(1271): CodeIgniter\View\View->render('menu', Array, true)
#3 C:\laundry\app\Controllers\Home.php(32): view('menu', Array)
#4 C:\laundry\system\CodeIgniter.php(928): App\Controllers\Home->dashboard()
#5 C:\laundry\system\CodeIgniter.php(436): CodeIgniter\CodeIgniter->runController(Object(App\Controllers\Home))
#6 C:\laundry\system\CodeIgniter.php(336): CodeIgniter\CodeIgniter->handleRequest(NULL, Object(Config\Cache), false)
#7 C:\laundry\public\index.php(37): CodeIgniter\CodeIgniter->run()
#8 C:\laundry\system\Commands\Server\rewrite.php(45): require_once('C:\\laundry\\publ...')
#9 {main}
CRITICAL - 2024-08-14 11:51:47 --> Call to undefined function has_permission()
#0 C:\laundry\system\View\View.php(230): include()
#1 C:\laundry\system\View\View.php(232): CodeIgniter\View\View->CodeIgniter\View\{closure}()
#2 C:\laundry\system\Common.php(1271): CodeIgniter\View\View->render('menu', Array, true)
#3 C:\laundry\app\Controllers\Home.php(32): view('menu', Array)
#4 C:\laundry\system\CodeIgniter.php(928): App\Controllers\Home->dashboard()
#5 C:\laundry\system\CodeIgniter.php(436): CodeIgniter\CodeIgniter->runController(Object(App\Controllers\Home))
#6 C:\laundry\system\CodeIgniter.php(336): CodeIgniter\CodeIgniter->handleRequest(NULL, Object(Config\Cache), false)
#7 C:\laundry\public\index.php(37): CodeIgniter\CodeIgniter->run()
#8 C:\laundry\system\Commands\Server\rewrite.php(45): require_once('C:\\laundry\\publ...')
#9 {main}
CRITICAL - 2024-08-14 11:51:48 --> Call to undefined function has_permission()
#0 C:\laundry\system\View\View.php(230): include()
#1 C:\laundry\system\View\View.php(232): CodeIgniter\View\View->CodeIgniter\View\{closure}()
#2 C:\laundry\system\Common.php(1271): CodeIgniter\View\View->render('menu', Array, true)
#3 C:\laundry\app\Controllers\Home.php(32): view('menu', Array)
#4 C:\laundry\system\CodeIgniter.php(928): App\Controllers\Home->dashboard()
#5 C:\laundry\system\CodeIgniter.php(436): CodeIgniter\CodeIgniter->runController(Object(App\Controllers\Home))
#6 C:\laundry\system\CodeIgniter.php(336): CodeIgniter\CodeIgniter->handleRequest(NULL, Object(Config\Cache), false)
#7 C:\laundry\public\index.php(37): CodeIgniter\CodeIgniter->run()
#8 C:\laundry\system\Commands\Server\rewrite.php(45): require_once('C:\\laundry\\publ...')
#9 {main}
CRITICAL - 2024-08-14 11:51:48 --> Call to undefined function has_permission()
#0 C:\laundry\system\View\View.php(230): include()
#1 C:\laundry\system\View\View.php(232): CodeIgniter\View\View->CodeIgniter\View\{closure}()
#2 C:\laundry\system\Common.php(1271): CodeIgniter\View\View->render('menu', Array, true)
#3 C:\laundry\app\Controllers\Home.php(32): view('menu', Array)
#4 C:\laundry\system\CodeIgniter.php(928): App\Controllers\Home->dashboard()
#5 C:\laundry\system\CodeIgniter.php(436): CodeIgniter\CodeIgniter->runController(Object(App\Controllers\Home))
#6 C:\laundry\system\CodeIgniter.php(336): CodeIgniter\CodeIgniter->handleRequest(NULL, Object(Config\Cache), false)
#7 C:\laundry\public\index.php(37): CodeIgniter\CodeIgniter->run()
#8 C:\laundry\system\Commands\Server\rewrite.php(45): require_once('C:\\laundry\\publ...')
#9 {main}
CRITICAL - 2024-08-14 11:51:48 --> Call to undefined function has_permission()
#0 C:\laundry\system\View\View.php(230): include()
#1 C:\laundry\system\View\View.php(232): CodeIgniter\View\View->CodeIgniter\View\{closure}()
#2 C:\laundry\system\Common.php(1271): CodeIgniter\View\View->render('menu', Array, true)
#3 C:\laundry\app\Controllers\Home.php(32): view('menu', Array)
#4 C:\laundry\system\CodeIgniter.php(928): App\Controllers\Home->dashboard()
#5 C:\laundry\system\CodeIgniter.php(436): CodeIgniter\CodeIgniter->runController(Object(App\Controllers\Home))
#6 C:\laundry\system\CodeIgniter.php(336): CodeIgniter\CodeIgniter->handleRequest(NULL, Object(Config\Cache), false)
#7 C:\laundry\public\index.php(37): CodeIgniter\CodeIgniter->run()
#8 C:\laundry\system\Commands\Server\rewrite.php(45): require_once('C:\\laundry\\publ...')
#9 {main}
CRITICAL - 2024-08-14 11:51:49 --> Call to undefined function has_permission()
#0 C:\laundry\system\View\View.php(230): include()
#1 C:\laundry\system\View\View.php(232): CodeIgniter\View\View->CodeIgniter\View\{closure}()
#2 C:\laundry\system\Common.php(1271): CodeIgniter\View\View->render('menu', Array, true)
#3 C:\laundry\app\Controllers\Home.php(32): view('menu', Array)
#4 C:\laundry\system\CodeIgniter.php(928): App\Controllers\Home->dashboard()
#5 C:\laundry\system\CodeIgniter.php(436): CodeIgniter\CodeIgniter->runController(Object(App\Controllers\Home))
#6 C:\laundry\system\CodeIgniter.php(336): CodeIgniter\CodeIgniter->handleRequest(NULL, Object(Config\Cache), false)
#7 C:\laundry\public\index.php(37): CodeIgniter\CodeIgniter->run()
#8 C:\laundry\system\Commands\Server\rewrite.php(45): require_once('C:\\laundry\\publ...')
#9 {main}
CRITICAL - 2024-08-14 11:51:49 --> Call to undefined function has_permission()
#0 C:\laundry\system\View\View.php(230): include()
#1 C:\laundry\system\View\View.php(232): CodeIgniter\View\View->CodeIgniter\View\{closure}()
#2 C:\laundry\system\Common.php(1271): CodeIgniter\View\View->render('menu', Array, true)
#3 C:\laundry\app\Controllers\Home.php(32): view('menu', Array)
#4 C:\laundry\system\CodeIgniter.php(928): App\Controllers\Home->dashboard()
#5 C:\laundry\system\CodeIgniter.php(436): CodeIgniter\CodeIgniter->runController(Object(App\Controllers\Home))
#6 C:\laundry\system\CodeIgniter.php(336): CodeIgniter\CodeIgniter->handleRequest(NULL, Object(Config\Cache), false)
#7 C:\laundry\public\index.php(37): CodeIgniter\CodeIgniter->run()
#8 C:\laundry\system\Commands\Server\rewrite.php(45): require_once('C:\\laundry\\publ...')
#9 {main}
CRITICAL - 2024-08-14 11:51:49 --> Call to undefined function has_permission()
#0 C:\laundry\system\View\View.php(230): include()
#1 C:\laundry\system\View\View.php(232): CodeIgniter\View\View->CodeIgniter\View\{closure}()
#2 C:\laundry\system\Common.php(1271): CodeIgniter\View\View->render('menu', Array, true)
#3 C:\laundry\app\Controllers\Home.php(32): view('menu', Array)
#4 C:\laundry\system\CodeIgniter.php(928): App\Controllers\Home->dashboard()
#5 C:\laundry\system\CodeIgniter.php(436): CodeIgniter\CodeIgniter->runController(Object(App\Controllers\Home))
#6 C:\laundry\system\CodeIgniter.php(336): CodeIgniter\CodeIgniter->handleRequest(NULL, Object(Config\Cache), false)
#7 C:\laundry\public\index.php(37): CodeIgniter\CodeIgniter->run()
#8 C:\laundry\system\Commands\Server\rewrite.php(45): require_once('C:\\laundry\\publ...')
#9 {main}
CRITICAL - 2024-08-14 11:51:49 --> Call to undefined function has_permission()
#0 C:\laundry\system\View\View.php(230): include()
#1 C:\laundry\system\View\View.php(232): CodeIgniter\View\View->CodeIgniter\View\{closure}()
#2 C:\laundry\system\Common.php(1271): CodeIgniter\View\View->render('menu', Array, true)
#3 C:\laundry\app\Controllers\Home.php(32): view('menu', Array)
#4 C:\laundry\system\CodeIgniter.php(928): App\Controllers\Home->dashboard()
#5 C:\laundry\system\CodeIgniter.php(436): CodeIgniter\CodeIgniter->runController(Object(App\Controllers\Home))
#6 C:\laundry\system\CodeIgniter.php(336): CodeIgniter\CodeIgniter->handleRequest(NULL, Object(Config\Cache), false)
#7 C:\laundry\public\index.php(37): CodeIgniter\CodeIgniter->run()
#8 C:\laundry\system\Commands\Server\rewrite.php(45): require_once('C:\\laundry\\publ...')
#9 {main}
CRITICAL - 2024-08-14 11:51:49 --> Call to undefined function has_permission()
#0 C:\laundry\system\View\View.php(230): include()
#1 C:\laundry\system\View\View.php(232): CodeIgniter\View\View->CodeIgniter\View\{closure}()
#2 C:\laundry\system\Common.php(1271): CodeIgniter\View\View->render('menu', Array, true)
#3 C:\laundry\app\Controllers\Home.php(32): view('menu', Array)
#4 C:\laundry\system\CodeIgniter.php(928): App\Controllers\Home->dashboard()
#5 C:\laundry\system\CodeIgniter.php(436): CodeIgniter\CodeIgniter->runController(Object(App\Controllers\Home))
#6 C:\laundry\system\CodeIgniter.php(336): CodeIgniter\CodeIgniter->handleRequest(NULL, Object(Config\Cache), false)
#7 C:\laundry\public\index.php(37): CodeIgniter\CodeIgniter->run()
#8 C:\laundry\system\Commands\Server\rewrite.php(45): require_once('C:\\laundry\\publ...')
#9 {main}
CRITICAL - 2024-08-14 11:52:00 --> Call to undefined function has_permission()
#0 C:\laundry\system\View\View.php(230): include()
#1 C:\laundry\system\View\View.php(232): CodeIgniter\View\View->CodeIgniter\View\{closure}()
#2 C:\laundry\system\Common.php(1271): CodeIgniter\View\View->render('menu', Array, true)
#3 C:\laundry\app\Controllers\Home.php(32): view('menu', Array)
#4 C:\laundry\system\CodeIgniter.php(928): App\Controllers\Home->dashboard()
#5 C:\laundry\system\CodeIgniter.php(436): CodeIgniter\CodeIgniter->runController(Object(App\Controllers\Home))
#6 C:\laundry\system\CodeIgniter.php(336): CodeIgniter\CodeIgniter->handleRequest(NULL, Object(Config\Cache), false)
#7 C:\laundry\public\index.php(37): CodeIgniter\CodeIgniter->run()
#8 C:\laundry\system\Commands\Server\rewrite.php(45): require_once('C:\\laundry\\publ...')
#9 {main}
CRITICAL - 2024-08-14 11:52:00 --> Call to undefined function has_permission()
#0 C:\laundry\system\View\View.php(230): include()
#1 C:\laundry\system\View\View.php(232): CodeIgniter\View\View->CodeIgniter\View\{closure}()
#2 C:\laundry\system\Common.php(1271): CodeIgniter\View\View->render('menu', Array, true)
#3 C:\laundry\app\Controllers\Home.php(32): view('menu', Array)
#4 C:\laundry\system\CodeIgniter.php(928): App\Controllers\Home->dashboard()
#5 C:\laundry\system\CodeIgniter.php(436): CodeIgniter\CodeIgniter->runController(Object(App\Controllers\Home))
#6 C:\laundry\system\CodeIgniter.php(336): CodeIgniter\CodeIgniter->handleRequest(NULL, Object(Config\Cache), false)
#7 C:\laundry\public\index.php(37): CodeIgniter\CodeIgniter->run()
#8 C:\laundry\system\Commands\Server\rewrite.php(45): require_once('C:\\laundry\\publ...')
#9 {main}
CRITICAL - 2024-08-14 11:52:00 --> Call to undefined function has_permission()
#0 C:\laundry\system\View\View.php(230): include()
#1 C:\laundry\system\View\View.php(232): CodeIgniter\View\View->CodeIgniter\View\{closure}()
#2 C:\laundry\system\Common.php(1271): CodeIgniter\View\View->render('menu', Array, true)
#3 C:\laundry\app\Controllers\Home.php(32): view('menu', Array)
#4 C:\laundry\system\CodeIgniter.php(928): App\Controllers\Home->dashboard()
#5 C:\laundry\system\CodeIgniter.php(436): CodeIgniter\CodeIgniter->runController(Object(App\Controllers\Home))
#6 C:\laundry\system\CodeIgniter.php(336): CodeIgniter\CodeIgniter->handleRequest(NULL, Object(Config\Cache), false)
#7 C:\laundry\public\index.php(37): CodeIgniter\CodeIgniter->run()
#8 C:\laundry\system\Commands\Server\rewrite.php(45): require_once('C:\\laundry\\publ...')
#9 {main}
CRITICAL - 2024-08-14 11:52:00 --> Call to undefined function has_permission()
#0 C:\laundry\system\View\View.php(230): include()
#1 C:\laundry\system\View\View.php(232): CodeIgniter\View\View->CodeIgniter\View\{closure}()
#2 C:\laundry\system\Common.php(1271): CodeIgniter\View\View->render('menu', Array, true)
#3 C:\laundry\app\Controllers\Home.php(32): view('menu', Array)
#4 C:\laundry\system\CodeIgniter.php(928): App\Controllers\Home->dashboard()
#5 C:\laundry\system\CodeIgniter.php(436): CodeIgniter\CodeIgniter->runController(Object(App\Controllers\Home))
#6 C:\laundry\system\CodeIgniter.php(336): CodeIgniter\CodeIgniter->handleRequest(NULL, Object(Config\Cache), false)
#7 C:\laundry\public\index.php(37): CodeIgniter\CodeIgniter->run()
#8 C:\laundry\system\Commands\Server\rewrite.php(45): require_once('C:\\laundry\\publ...')
#9 {main}
CRITICAL - 2024-08-14 11:59:07 --> Call to undefined function has_permission()
#0 C:\laundry\system\View\View.php(230): include()
#1 C:\laundry\system\View\View.php(232): CodeIgniter\View\View->CodeIgniter\View\{closure}()
#2 C:\laundry\system\Common.php(1271): CodeIgniter\View\View->render('menu', Array, true)
#3 C:\laundry\app\Controllers\Home.php(32): view('menu', Array)
#4 C:\laundry\system\CodeIgniter.php(928): App\Controllers\Home->dashboard()
#5 C:\laundry\system\CodeIgniter.php(436): CodeIgniter\CodeIgniter->runController(Object(App\Controllers\Home))
#6 C:\laundry\system\CodeIgniter.php(336): CodeIgniter\CodeIgniter->handleRequest(NULL, Object(Config\Cache), false)
#7 C:\laundry\public\index.php(37): CodeIgniter\CodeIgniter->run()
#8 C:\laundry\system\Commands\Server\rewrite.php(45): require_once('C:\\laundry\\publ...')
#9 {main}
CRITICAL - 2024-08-14 12:02:59 --> Call to undefined function has_permission()
#0 C:\laundry\system\View\View.php(230): include()
#1 C:\laundry\system\View\View.php(232): CodeIgniter\View\View->CodeIgniter\View\{closure}()
#2 C:\laundry\system\Common.php(1271): CodeIgniter\View\View->render('menu', Array, true)
#3 C:\laundry\app\Controllers\Home.php(1597): view('menu', Array)
#4 C:\laundry\system\CodeIgniter.php(928): App\Controllers\Home->profile('1')
#5 C:\laundry\system\CodeIgniter.php(436): CodeIgniter\CodeIgniter->runController(Object(App\Controllers\Home))
#6 C:\laundry\system\CodeIgniter.php(336): CodeIgniter\CodeIgniter->handleRequest(NULL, Object(Config\Cache), false)
#7 C:\laundry\public\index.php(37): CodeIgniter\CodeIgniter->run()
#8 C:\laundry\system\Commands\Server\rewrite.php(45): require_once('C:\\laundry\\publ...')
#9 {main}
CRITICAL - 2024-08-14 12:04:47 --> Call to undefined method App\Controllers\Home::logUserActivity()
#0 C:\laundry\system\CodeIgniter.php(928): App\Controllers\Home->error()
#1 C:\laundry\system\CodeIgniter.php(436): CodeIgniter\CodeIgniter->runController(Object(App\Controllers\Home))
#2 C:\laundry\system\CodeIgniter.php(336): CodeIgniter\CodeIgniter->handleRequest(NULL, Object(Config\Cache), false)
#3 C:\laundry\public\index.php(37): CodeIgniter\CodeIgniter->run()
#4 C:\laundry\system\Commands\Server\rewrite.php(45): require_once('C:\\laundry\\publ...')
#5 {main}
CRITICAL - 2024-08-14 12:04:48 --> Call to undefined method App\Controllers\Home::logUserActivity()
#0 C:\laundry\system\CodeIgniter.php(928): App\Controllers\Home->error()
#1 C:\laundry\system\CodeIgniter.php(436): CodeIgniter\CodeIgniter->runController(Object(App\Controllers\Home))
#2 C:\laundry\system\CodeIgniter.php(336): CodeIgniter\CodeIgniter->handleRequest(NULL, Object(Config\Cache), false)
#3 C:\laundry\public\index.php(37): CodeIgniter\CodeIgniter->run()
#4 C:\laundry\system\Commands\Server\rewrite.php(45): require_once('C:\\laundry\\publ...')
#5 {main}
CRITICAL - 2024-08-14 12:05:16 --> Invalid file: error.php
#0 C:\laundry\system\View\View.php(213): CodeIgniter\Exceptions\FrameworkException::forInvalidFile('error.php')
#1 C:\laundry\system\Common.php(1271): CodeIgniter\View\View->render('error', Array, true)
#2 C:\laundry\app\Controllers\Home.php(1758): view('error', Array)
#3 C:\laundry\system\CodeIgniter.php(928): App\Controllers\Home->error()
#4 C:\laundry\system\CodeIgniter.php(436): CodeIgniter\CodeIgniter->runController(Object(App\Controllers\Home))
#5 C:\laundry\system\CodeIgniter.php(336): CodeIgniter\CodeIgniter->handleRequest(NULL, Object(Config\Cache), false)
#6 C:\laundry\public\index.php(37): CodeIgniter\CodeIgniter->run()
#7 C:\laundry\system\Commands\Server\rewrite.php(45): require_once('C:\\laundry\\publ...')
#8 {main}
CRITICAL - 2024-08-14 12:05:17 --> Invalid file: error.php
#0 C:\laundry\system\View\View.php(213): CodeIgniter\Exceptions\FrameworkException::forInvalidFile('error.php')
#1 C:\laundry\system\Common.php(1271): CodeIgniter\View\View->render('error', Array, true)
#2 C:\laundry\app\Controllers\Home.php(1758): view('error', Array)
#3 C:\laundry\system\CodeIgniter.php(928): App\Controllers\Home->error()
#4 C:\laundry\system\CodeIgniter.php(436): CodeIgniter\CodeIgniter->runController(Object(App\Controllers\Home))
#5 C:\laundry\system\CodeIgniter.php(336): CodeIgniter\CodeIgniter->handleRequest(NULL, Object(Config\Cache), false)
#6 C:\laundry\public\index.php(37): CodeIgniter\CodeIgniter->run()
#7 C:\laundry\system\Commands\Server\rewrite.php(45): require_once('C:\\laundry\\publ...')
#8 {main}
CRITICAL - 2024-08-14 12:05:18 --> Invalid file: error.php
#0 C:\laundry\system\View\View.php(213): CodeIgniter\Exceptions\FrameworkException::forInvalidFile('error.php')
#1 C:\laundry\system\Common.php(1271): CodeIgniter\View\View->render('error', Array, true)
#2 C:\laundry\app\Controllers\Home.php(1758): view('error', Array)
#3 C:\laundry\system\CodeIgniter.php(928): App\Controllers\Home->error()
#4 C:\laundry\system\CodeIgniter.php(436): CodeIgniter\CodeIgniter->runController(Object(App\Controllers\Home))
#5 C:\laundry\system\CodeIgniter.php(336): CodeIgniter\CodeIgniter->handleRequest(NULL, Object(Config\Cache), false)
#6 C:\laundry\public\index.php(37): CodeIgniter\CodeIgniter->run()
#7 C:\laundry\system\Commands\Server\rewrite.php(45): require_once('C:\\laundry\\publ...')
#8 {main}
CRITICAL - 2024-08-14 12:05:28 --> Call to undefined function has_permission()
#0 C:\laundry\system\View\View.php(230): include()
#1 C:\laundry\system\View\View.php(232): CodeIgniter\View\View->CodeIgniter\View\{closure}()
#2 C:\laundry\system\Common.php(1271): CodeIgniter\View\View->render('menu', Array, true)
#3 C:\laundry\app\Controllers\Home.php(883): view('menu', Array)
#4 C:\laundry\system\CodeIgniter.php(928): App\Controllers\Home->laporan()
#5 C:\laundry\system\CodeIgniter.php(436): CodeIgniter\CodeIgniter->runController(Object(App\Controllers\Home))
#6 C:\laundry\system\CodeIgniter.php(336): CodeIgniter\CodeIgniter->handleRequest(NULL, Object(Config\Cache), false)
#7 C:\laundry\public\index.php(37): CodeIgniter\CodeIgniter->run()
#8 C:\laundry\system\Commands\Server\rewrite.php(45): require_once('C:\\laundry\\publ...')
#9 {main}
CRITICAL - 2024-08-14 12:05:31 --> Call to undefined function has_permission()
#0 C:\laundry\system\View\View.php(230): include()
#1 C:\laundry\system\View\View.php(232): CodeIgniter\View\View->CodeIgniter\View\{closure}()
#2 C:\laundry\system\Common.php(1271): CodeIgniter\View\View->render('menu', Array, true)
#3 C:\laundry\app\Controllers\Home.php(1524): view('menu', Array)
#4 C:\laundry\system\CodeIgniter.php(928): App\Controllers\Home->jenis_pelayanan()
#5 C:\laundry\system\CodeIgniter.php(436): CodeIgniter\CodeIgniter->runController(Object(App\Controllers\Home))
#6 C:\laundry\system\CodeIgniter.php(336): CodeIgniter\CodeIgniter->handleRequest(NULL, Object(Config\Cache), false)
#7 C:\laundry\public\index.php(37): CodeIgniter\CodeIgniter->run()
#8 C:\laundry\system\Commands\Server\rewrite.php(45): require_once('C:\\laundry\\publ...')
#9 {main}
CRITICAL - 2024-08-14 12:05:33 --> Call to undefined function has_permission()
#0 C:\laundry\system\View\View.php(230): include()
#1 C:\laundry\system\View\View.php(232): CodeIgniter\View\View->CodeIgniter\View\{closure}()
#2 C:\laundry\system\Common.php(1271): CodeIgniter\View\View->render('menu', Array, true)
#3 C:\laundry\app\Controllers\Home.php(903): view('menu', Array)
#4 C:\laundry\system\CodeIgniter.php(928): App\Controllers\Home->karyawan()
#5 C:\laundry\system\CodeIgniter.php(436): CodeIgniter\CodeIgniter->runController(Object(App\Controllers\Home))
#6 C:\laundry\system\CodeIgniter.php(336): CodeIgniter\CodeIgniter->handleRequest(NULL, Object(Config\Cache), false)
#7 C:\laundry\public\index.php(37): CodeIgniter\CodeIgniter->run()
#8 C:\laundry\system\Commands\Server\rewrite.php(45): require_once('C:\\laundry\\publ...')
#9 {main}
