CRITICAL - 2024-08-26 09:49:08 --> Undefined variable $yogi
#0 G:\My Drive\projekbaru\app\Views\login.php(8): CodeIgniter\Debug\Exceptions->errorHandler(2, 'Undefined varia...', 'G:\\My Drive\\pro...', 8)
#1 G:\My Drive\projekbaru\system\View\View.php(230): include('G:\\My Drive\\pro...')
#2 G:\My Drive\projekbaru\system\View\View.php(232): CodeIgniter\View\View->CodeIgniter\View\{closure}()
#3 G:\My Drive\projekbaru\system\Common.php(1271): CodeIgniter\View\View->render('login', Array, true)
#4 G:\My Drive\projekbaru\app\Controllers\Home.php(51): view('login')
#5 G:\My Drive\projekbaru\system\CodeIgniter.php(928): App\Controllers\Home->login()
#6 G:\My Drive\projekbaru\system\CodeIgniter.php(436): CodeIgniter\CodeIgniter->runController(Object(App\Controllers\Home))
#7 G:\My Drive\projekbaru\system\CodeIgniter.php(336): CodeIgniter\CodeIgniter->handleRequest(NULL, Object(Config\Cache), false)
#8 G:\My Drive\projekbaru\public\index.php(37): CodeIgniter\CodeIgniter->run()
#9 G:\My Drive\projekbaru\system\Commands\Server\rewrite.php(45): require_once('G:\\My Drive\\pro...')
#10 {main}
CRITICAL - 2024-08-26 09:51:18 --> Undefined variable $yogi
#0 G:\My Drive\projekbaru\app\Views\login.php(18): CodeIgniter\Debug\Exceptions->errorHandler(2, 'Undefined varia...', 'G:\\My Drive\\pro...', 18)
#1 G:\My Drive\projekbaru\system\View\View.php(230): include('G:\\My Drive\\pro...')
#2 G:\My Drive\projekbaru\system\View\View.php(232): CodeIgniter\View\View->CodeIgniter\View\{closure}()
#3 G:\My Drive\projekbaru\system\Common.php(1271): CodeIgniter\View\View->render('login', Array, true)
#4 G:\My Drive\projekbaru\app\Controllers\Home.php(51): view('login')
#5 G:\My Drive\projekbaru\system\CodeIgniter.php(928): App\Controllers\Home->login()
#6 G:\My Drive\projekbaru\system\CodeIgniter.php(436): CodeIgniter\CodeIgniter->runController(Object(App\Controllers\Home))
#7 G:\My Drive\projekbaru\system\CodeIgniter.php(336): CodeIgniter\CodeIgniter->handleRequest(NULL, Object(Config\Cache), false)
#8 G:\My Drive\projekbaru\public\index.php(37): CodeIgniter\CodeIgniter->run()
#9 G:\My Drive\projekbaru\system\Commands\Server\rewrite.php(45): require_once('G:\\My Drive\\pro...')
#10 {main}
ERROR - 2024-08-26 09:51:47 --> Error connecting to the database: Unknown database 'projekbaru'
CRITICAL - 2024-08-26 09:51:47 --> Unable to connect to the database.
Main connection [MySQLi]: Unknown database 'projekbaru'
#0 G:\My Drive\projekbaru\system\Database\BaseConnection.php(625): CodeIgniter\Database\BaseConnection->initialize()
#1 G:\My Drive\projekbaru\system\Database\BaseBuilder.php(2049): CodeIgniter\Database\BaseConnection->query('SELECT *\nFROM `...', Array, false)
#2 G:\My Drive\projekbaru\app\Models\M_projek.php(202): CodeIgniter\Database\BaseBuilder->getWhere(Array)
#3 G:\My Drive\projekbaru\app\Controllers\Home.php(65): App\Models\M_projek->getWhere('user', Array)
#4 G:\My Drive\projekbaru\system\CodeIgniter.php(928): App\Controllers\Home->aksi_login()
#5 G:\My Drive\projekbaru\system\CodeIgniter.php(436): CodeIgniter\CodeIgniter->runController(Object(App\Controllers\Home))
#6 G:\My Drive\projekbaru\system\CodeIgniter.php(336): CodeIgniter\CodeIgniter->handleRequest(NULL, Object(Config\Cache), false)
#7 G:\My Drive\projekbaru\public\index.php(37): CodeIgniter\CodeIgniter->run()
#8 G:\My Drive\projekbaru\system\Commands\Server\rewrite.php(45): require_once('G:\\My Drive\\pro...')
#9 {main}
CRITICAL - 2024-08-26 09:54:08 --> Undefined property: stdClass::$level
#0 G:\My Drive\projekbaru\app\Controllers\Home.php(69): CodeIgniter\Debug\Exceptions->errorHandler(2, 'Undefined prope...', 'G:\\My Drive\\pro...', 69)
#1 G:\My Drive\projekbaru\system\CodeIgniter.php(928): App\Controllers\Home->aksi_login()
#2 G:\My Drive\projekbaru\system\CodeIgniter.php(436): CodeIgniter\CodeIgniter->runController(Object(App\Controllers\Home))
#3 G:\My Drive\projekbaru\system\CodeIgniter.php(336): CodeIgniter\CodeIgniter->handleRequest(NULL, Object(Config\Cache), false)
#4 G:\My Drive\projekbaru\public\index.php(37): CodeIgniter\CodeIgniter->run()
#5 G:\My Drive\projekbaru\system\Commands\Server\rewrite.php(45): require_once('G:\\My Drive\\pro...')
#6 {main}
