ERROR - 2024-08-30 17:28:01 --> Error connecting to the database: No connection could be made because the target machine actively refused it.

CRITICAL - 2024-08-30 17:28:01 --> Unable to connect to the database.
Main connection [MySQLi]: No connection could be made because the target machine actively refused it.

#0 G:\My Drive\projekbaru\system\Database\BaseConnection.php(625): CodeIgniter\Database\BaseConnection->initialize()
#1 G:\My Drive\projekbaru\system\Database\BaseBuilder.php(2049): CodeIgniter\Database\BaseConnection->query('SELECT *\nFROM `...', Array, false)
#2 G:\My Drive\projekbaru\app\Models\M_projek.php(202): CodeIgniter\Database\BaseBuilder->getWhere(Array)
#3 G:\My Drive\projekbaru\app\Controllers\Home.php(98): App\Models\M_projek->getWhere('user', Array)
#4 G:\My Drive\projekbaru\system\CodeIgniter.php(928): App\Controllers\Home->aksi_login()
#5 G:\My Drive\projekbaru\system\CodeIgniter.php(436): CodeIgniter\CodeIgniter->runController(Object(App\Controllers\Home))
#6 G:\My Drive\projekbaru\system\CodeIgniter.php(336): CodeIgniter\CodeIgniter->handleRequest(NULL, Object(Config\Cache), false)
#7 G:\My Drive\projekbaru\public\index.php(37): CodeIgniter\CodeIgniter->run()
#8 G:\My Drive\projekbaru\system\Commands\Server\rewrite.php(45): require_once('G:\\My Drive\\pro...')
#9 {main}
ERROR - 2024-08-30 17:40:42 --> Table 'projekbaru.permissions' doesn't exist
CRITICAL - 2024-08-30 17:40:42 --> Call to a member function getRow() on bool
#0 G:\My Drive\projekbaru\app\Controllers\Home.php(148): has_permission('karyawan')
#1 G:\My Drive\projekbaru\system\CodeIgniter.php(928): App\Controllers\Home->kelas()
#2 G:\My Drive\projekbaru\system\CodeIgniter.php(436): CodeIgniter\CodeIgniter->runController(Object(App\Controllers\Home))
#3 G:\My Drive\projekbaru\system\CodeIgniter.php(336): CodeIgniter\CodeIgniter->handleRequest(NULL, Object(Config\Cache), false)
#4 G:\My Drive\projekbaru\public\index.php(37): CodeIgniter\CodeIgniter->run()
#5 G:\My Drive\projekbaru\system\Commands\Server\rewrite.php(45): require_once('G:\\My Drive\\pro...')
#6 {main}
ERROR - 2024-08-30 17:40:59 --> Table 'projekbaru.permissions' doesn't exist
CRITICAL - 2024-08-30 17:40:59 --> Call to a member function getRow() on bool
#0 G:\My Drive\projekbaru\app\Controllers\Home.php(148): has_permission('kelas')
#1 G:\My Drive\projekbaru\system\CodeIgniter.php(928): App\Controllers\Home->kelas()
#2 G:\My Drive\projekbaru\system\CodeIgniter.php(436): CodeIgniter\CodeIgniter->runController(Object(App\Controllers\Home))
#3 G:\My Drive\projekbaru\system\CodeIgniter.php(336): CodeIgniter\CodeIgniter->handleRequest(NULL, Object(Config\Cache), false)
#4 G:\My Drive\projekbaru\public\index.php(37): CodeIgniter\CodeIgniter->run()
#5 G:\My Drive\projekbaru\system\Commands\Server\rewrite.php(45): require_once('G:\\My Drive\\pro...')
#6 {main}
ERROR - 2024-08-30 17:41:02 --> Table 'projekbaru.permissions' doesn't exist
CRITICAL - 2024-08-30 17:41:02 --> Call to a member function getRow() on bool
#0 G:\My Drive\projekbaru\app\Controllers\Home.php(148): has_permission('kelas')
#1 G:\My Drive\projekbaru\system\CodeIgniter.php(928): App\Controllers\Home->kelas()
#2 G:\My Drive\projekbaru\system\CodeIgniter.php(436): CodeIgniter\CodeIgniter->runController(Object(App\Controllers\Home))
#3 G:\My Drive\projekbaru\system\CodeIgniter.php(336): CodeIgniter\CodeIgniter->handleRequest(NULL, Object(Config\Cache), false)
#4 G:\My Drive\projekbaru\public\index.php(37): CodeIgniter\CodeIgniter->run()
#5 G:\My Drive\projekbaru\system\Commands\Server\rewrite.php(45): require_once('G:\\My Drive\\pro...')
#6 {main}
CRITICAL - 2024-08-30 17:41:28 --> Call to undefined function App\Controllers\has_permission()
#0 G:\My Drive\projekbaru\system\CodeIgniter.php(928): App\Controllers\Home->kelas()
#1 G:\My Drive\projekbaru\system\CodeIgniter.php(436): CodeIgniter\CodeIgniter->runController(Object(App\Controllers\Home))
#2 G:\My Drive\projekbaru\system\CodeIgniter.php(336): CodeIgniter\CodeIgniter->handleRequest(NULL, Object(Config\Cache), false)
#3 G:\My Drive\projekbaru\public\index.php(37): CodeIgniter\CodeIgniter->run()
#4 G:\My Drive\projekbaru\system\Commands\Server\rewrite.php(45): require_once('G:\\My Drive\\pro...')
#5 {main}
CRITICAL - 2024-08-30 18:17:07 --> Invalid argument supplied for foreach()
#0 G:\My Drive\projekbaru\app\Views\kelas.php(36): CodeIgniter\Debug\Exceptions->errorHandler(2, 'Invalid argumen...', 'G:\\My Drive\\pro...', 36, Array)
#1 G:\My Drive\projekbaru\system\View\View.php(230): include('G:\\My Drive\\pro...')
#2 G:\My Drive\projekbaru\system\View\View.php(232): CodeIgniter\View\View->CodeIgniter\View\{closure}()
#3 G:\My Drive\projekbaru\system\Common.php(1271): CodeIgniter\View\View->render('kelas', Array, true)
#4 G:\My Drive\projekbaru\app\Controllers\Home.php(175): view('kelas')
#5 G:\My Drive\projekbaru\system\CodeIgniter.php(928): App\Controllers\Home->kelas()
#6 G:\My Drive\projekbaru\system\CodeIgniter.php(436): CodeIgniter\CodeIgniter->runController(Object(App\Controllers\Home))
#7 G:\My Drive\projekbaru\system\CodeIgniter.php(336): CodeIgniter\CodeIgniter->handleRequest(NULL, Object(Config\Cache), false)
#8 G:\My Drive\projekbaru\public\index.php(37): CodeIgniter\CodeIgniter->run()
#9 G:\My Drive\projekbaru\system\Commands\Server\rewrite.php(45): require_once('G:\\My Drive\\pro...')
#10 {main}
CRITICAL - 2024-08-30 18:17:12 --> Invalid argument supplied for foreach()
#0 G:\My Drive\projekbaru\app\Views\kelas.php(36): CodeIgniter\Debug\Exceptions->errorHandler(2, 'Invalid argumen...', 'G:\\My Drive\\pro...', 36, Array)
#1 G:\My Drive\projekbaru\system\View\View.php(230): include('G:\\My Drive\\pro...')
#2 G:\My Drive\projekbaru\system\View\View.php(232): CodeIgniter\View\View->CodeIgniter\View\{closure}()
#3 G:\My Drive\projekbaru\system\Common.php(1271): CodeIgniter\View\View->render('kelas', Array, true)
#4 G:\My Drive\projekbaru\app\Controllers\Home.php(176): view('kelas')
#5 G:\My Drive\projekbaru\system\CodeIgniter.php(928): App\Controllers\Home->kelas()
#6 G:\My Drive\projekbaru\system\CodeIgniter.php(436): CodeIgniter\CodeIgniter->runController(Object(App\Controllers\Home))
#7 G:\My Drive\projekbaru\system\CodeIgniter.php(336): CodeIgniter\CodeIgniter->handleRequest(NULL, Object(Config\Cache), false)
#8 G:\My Drive\projekbaru\public\index.php(37): CodeIgniter\CodeIgniter->run()
#9 G:\My Drive\projekbaru\system\Commands\Server\rewrite.php(45): require_once('G:\\My Drive\\pro...')
#10 {main}
